[INFO] 14:35:34:459 dump/(15406:15406): [DUMP] AGARRE EL SEMAFORO DEL DICCIONARIO COMPACTADOR
[INFO] 14:35:34:459 dump/(15406:15406): [DUMP] AGARRE EL SEMAFORO DEL MEMTABLE
[INFO] 14:35:34:459 dump/(15406:15406): LIBERE SEMAFORO COMPACTACION
[INFO] 14:35:34:459 dump/(15406:15406): Se vacia la memtable
[INFO] 14:35:34:459 dump/(15406:15406): [DUMP] LIBERE MEMTABLE
[INFO] 14:35:44:736 dump/(15443:15443): [DUMP] AGARRE EL SEMAFORO DEL DICCIONARIO COMPACTADOR
[INFO] 14:35:44:736 dump/(15443:15443): [DUMP] AGARRE EL SEMAFORO DEL MEMTABLE
[INFO] 14:35:44:736 dump/(15443:15443): LIBERE SEMAFORO COMPACTACION
[INFO] 14:35:44:736 dump/(15443:15443): Se vacia la memtable
[INFO] 14:35:44:736 dump/(15443:15443): [DUMP] LIBERE MEMTABLE
[INFO] 14:35:58:312 dump/(15462:15462): [DUMP] AGARRE EL SEMAFORO DEL DICCIONARIO COMPACTADOR
[INFO] 14:35:58:312 dump/(15462:15462): [DUMP] AGARRE EL SEMAFORO DEL MEMTABLE
[INFO] 14:35:58:312 dump/(15462:15462): LIBERE SEMAFORO COMPACTACION
[INFO] 14:35:58:312 dump/(15462:15462): Se vacia la memtable
[INFO] 14:35:58:312 dump/(15462:15462): [DUMP] LIBERE MEMTABLE
[INFO] 14:36:05:272 dump/(15473:15473): [DUMP] AGARRE EL SEMAFORO DEL DICCIONARIO COMPACTADOR
[INFO] 14:36:05:272 dump/(15473:15473): [DUMP] AGARRE EL SEMAFORO DEL MEMTABLE
[INFO] 14:36:05:272 dump/(15473:15473): LIBERE SEMAFORO COMPACTACION
[INFO] 14:36:05:272 dump/(15473:15473): Se vacia la memtable
[INFO] 14:36:05:272 dump/(15473:15473): [DUMP] LIBERE MEMTABLE
