[INFO] 16:58:03:514 file system/(8225:8263): Inicio de request -- INSERT -- 

[INFO] 16:58:03:515 file system/(8225:8263): Request -- INSERT -- realizada !!!

[INFO] 16:58:41:375 file system/(8225:8263): Inicio de request -- DESCRIBE GLOBAL --

[INFO] 16:58:41:375 file system/(8225:8263): Inicio de request -- DESCRIBE PARTICULAR --

[INFO] 16:58:41:375 file system/(8225:8263): Request -- DESCRIBE -- realizada !!!

[INFO] 16:58:41:375 file system/(8225:8263): Inicio de request -- DESCRIBE PARTICULAR --

[INFO] 16:58:41:375 file system/(8225:8263): Request -- DESCRIBE -- realizada !!!

[INFO] 16:58:41:375 file system/(8225:8263): Request -- DESCRIBE GLOBAL -- realizada

[INFO] 16:59:48:854 file system/(8225:8263): Inicio de request -- INSERT -- 

[INFO] 16:59:48:855 file system/(8225:8263): Request -- INSERT -- realizada !!!

[INFO] 17:11:38:344 file system/(8709:8732): Inicio de request -- DESCRIBE GLOBAL --

[INFO] 17:11:38:344 file system/(8709:8732): Inicio de request -- DESCRIBE PARTICULAR --

[INFO] 17:11:38:344 file system/(8709:8732): Request -- DESCRIBE -- realizada !!!

[INFO] 17:11:38:344 file system/(8709:8732): Inicio de request -- DESCRIBE PARTICULAR --

[INFO] 17:11:38:344 file system/(8709:8732): Request -- DESCRIBE -- realizada !!!

[INFO] 17:11:38:344 file system/(8709:8732): Request -- DESCRIBE GLOBAL -- realizada

[INFO] 17:44:16:856 file system/(11051:11076): Inicio de request -- DESCRIBE GLOBAL --

[INFO] 17:44:16:856 file system/(11051:11076): Inicio de request -- DESCRIBE PARTICULAR --

[INFO] 17:44:16:857 file system/(11051:11076): Request -- DESCRIBE -- realizada !!!

[INFO] 17:44:16:857 file system/(11051:11076): Inicio de request -- DESCRIBE PARTICULAR --

[INFO] 17:44:16:857 file system/(11051:11076): Request -- DESCRIBE -- realizada !!!

[INFO] 17:44:16:857 file system/(11051:11076): Request -- DESCRIBE GLOBAL -- realizada

[INFO] 17:44:25:543 file system/(11051:11076): Inicio de request -- DROP --

[INFO] 17:44:25:543 file system/(11051:11076): Request -- DROP-- realizada

[INFO] 17:46:05:9 file system/(11051:11076): Solicitud de request -- SELECT -- 

[INFO] 17:46:05:10 file system/(11051:11076): Request -- SELECT -- realizada !!!

[INFO] 17:46:39:699 file system/(11051:11076): Inicio de request -- INSERT -- 

[INFO] 17:46:39:700 file system/(11051:11076): Request -- INSERT -- realizada !!!

[INFO] 17:48:00:341 file system/(11051:11076): Inicio de request -- DESCRIBE GLOBAL --

[INFO] 17:48:00:341 file system/(11051:11076): Inicio de request -- DESCRIBE PARTICULAR --

[INFO] 17:48:00:342 file system/(11051:11076): Request -- DESCRIBE -- realizada !!!

[INFO] 17:48:00:342 file system/(11051:11076): Inicio de request -- DESCRIBE PARTICULAR --

[INFO] 17:48:00:342 file system/(11051:11076): Request -- DESCRIBE -- realizada !!!

[INFO] 17:48:00:342 file system/(11051:11076): Request -- DESCRIBE GLOBAL -- realizada

[INFO] 17:49:14:133 file system/(11051:11076): Inicio de request -- DESCRIBE GLOBAL --

[INFO] 17:49:14:133 file system/(11051:11076): Inicio de request -- DESCRIBE PARTICULAR --

[INFO] 17:49:14:133 file system/(11051:11076): Request -- DESCRIBE -- realizada !!!

[INFO] 17:49:14:133 file system/(11051:11076): Inicio de request -- DESCRIBE PARTICULAR --

[INFO] 17:49:14:133 file system/(11051:11076): Request -- DESCRIBE -- realizada !!!

[INFO] 17:49:14:133 file system/(11051:11076): Request -- DESCRIBE GLOBAL -- realizada

[INFO] 17:50:30:113 file system/(11051:11076): Inicio de request -- INSERT -- 

[INFO] 18:04:15:75 file system/(11477:11504): Inicio de request -- DESCRIBE GLOBAL --

[INFO] 18:04:15:75 file system/(11477:11504): Inicio de request -- DESCRIBE PARTICULAR --

[INFO] 18:04:15:75 file system/(11477:11504): Request -- DESCRIBE -- realizada !!!

[INFO] 18:04:15:75 file system/(11477:11504): Inicio de request -- DESCRIBE PARTICULAR --

[INFO] 18:04:15:75 file system/(11477:11504): Request -- DESCRIBE -- realizada !!!

[INFO] 18:04:15:75 file system/(11477:11504): Request -- DESCRIBE GLOBAL -- realizada

[INFO] 18:04:46:554 file system/(11477:11504): Inicio de request -- INSERT -- 

[INFO] 18:04:46:554 file system/(11477:11504): Request -- INSERT -- realizada !!!

