[INFO] 23:53:13:320 lissandra/(15907:15913): INICIO DEL DUMP
[INFO] 23:53:13:320 lissandra/(15907:15913): TERMINO EL DUMP
[INFO] 23:53:33:320 lissandra/(15907:15913): INICIO DEL DUMP
[INFO] 23:53:33:320 lissandra/(15907:15913): TERMINO EL DUMP
[INFO] 23:55:26:202 lissandra/(16228:16233): INICIO DEL DUMP
[INFO] 23:55:26:202 lissandra/(16228:16233): TERMINO EL DUMP
[INFO] 23:55:46:203 lissandra/(16228:16233): INICIO DEL DUMP
[INFO] 23:55:46:203 lissandra/(16228:16233): TERMINO EL DUMP
[INFO] 23:56:06:204 lissandra/(16228:16233): INICIO DEL DUMP
[INFO] 23:56:06:204 lissandra/(16228:16233): TERMINO EL DUMP
[INFO] 23:56:14:870 lissandra/(16228:16267): Ingresamos un dato a la tabla COLORS

[INFO] 23:56:14:910 lissandra/(16228:16267): Ingresamos un dato a la tabla COLORS

[INFO] 23:56:26:204 lissandra/(16228:16233): INICIO DEL DUMP
[INFO] 23:56:26:206 lissandra/(16228:16233): TERMINO EL DUMP
[INFO] 23:56:46:207 lissandra/(16228:16233): INICIO DEL DUMP
[INFO] 23:56:46:207 lissandra/(16228:16233): TERMINO EL DUMP
[INFO] 23:57:06:207 lissandra/(16228:16233): INICIO DEL DUMP
[INFO] 23:57:06:207 lissandra/(16228:16233): TERMINO EL DUMP
[INFO] 23:57:26:208 lissandra/(16228:16233): INICIO DEL DUMP
[INFO] 23:57:26:208 lissandra/(16228:16233): TERMINO EL DUMP
[INFO] 23:57:46:208 lissandra/(16228:16233): INICIO DEL DUMP
[INFO] 23:57:46:209 lissandra/(16228:16233): TERMINO EL DUMP
[INFO] 23:58:06:211 lissandra/(16228:16233): INICIO DEL DUMP
[INFO] 23:58:06:211 lissandra/(16228:16233): TERMINO EL DUMP
[INFO] 23:58:26:211 lissandra/(16228:16233): INICIO DEL DUMP
[INFO] 23:58:26:211 lissandra/(16228:16233): TERMINO EL DUMP
[INFO] 23:58:46:212 lissandra/(16228:16233): INICIO DEL DUMP
[INFO] 23:58:46:212 lissandra/(16228:16233): TERMINO EL DUMP
[INFO] 23:59:06:216 lissandra/(16228:16233): INICIO DEL DUMP
[INFO] 23:59:06:216 lissandra/(16228:16233): TERMINO EL DUMP
[INFO] 23:59:26:216 lissandra/(16228:16233): INICIO DEL DUMP
[INFO] 23:59:26:217 lissandra/(16228:16233): TERMINO EL DUMP
[INFO] 23:59:46:217 lissandra/(16228:16233): INICIO DEL DUMP
[INFO] 23:59:46:218 lissandra/(16228:16233): TERMINO EL DUMP
[INFO] 00:00:06:218 lissandra/(16228:16233): INICIO DEL DUMP
[INFO] 00:00:06:218 lissandra/(16228:16233): TERMINO EL DUMP
[INFO] 00:00:26:218 lissandra/(16228:16233): INICIO DEL DUMP
[INFO] 00:00:26:219 lissandra/(16228:16233): TERMINO EL DUMP
[INFO] 00:00:46:219 lissandra/(16228:16233): INICIO DEL DUMP
[INFO] 00:00:46:219 lissandra/(16228:16233): TERMINO EL DUMP
[INFO] 00:01:06:219 lissandra/(16228:16233): INICIO DEL DUMP
[INFO] 00:01:06:219 lissandra/(16228:16233): TERMINO EL DUMP
[INFO] 00:01:26:219 lissandra/(16228:16233): INICIO DEL DUMP
[INFO] 00:01:26:219 lissandra/(16228:16233): TERMINO EL DUMP
[INFO] 00:01:46:220 lissandra/(16228:16233): INICIO DEL DUMP
[INFO] 00:01:46:220 lissandra/(16228:16233): TERMINO EL DUMP
[INFO] 00:02:06:221 lissandra/(16228:16233): INICIO DEL DUMP
[INFO] 00:02:06:221 lissandra/(16228:16233): TERMINO EL DUMP
[INFO] 00:02:26:221 lissandra/(16228:16233): INICIO DEL DUMP
[INFO] 00:02:26:221 lissandra/(16228:16233): TERMINO EL DUMP
[INFO] 00:02:46:221 lissandra/(16228:16233): INICIO DEL DUMP
[INFO] 00:02:46:222 lissandra/(16228:16233): TERMINO EL DUMP
[INFO] 00:03:06:222 lissandra/(16228:16233): INICIO DEL DUMP
[INFO] 00:03:06:222 lissandra/(16228:16233): TERMINO EL DUMP
[INFO] 00:03:08:517 lissandra/(16228:16520): Ingresamos un dato a la tabla MARCAS

[INFO] 00:03:14:875 lissandra/(16228:16267): Ingresamos un dato a la tabla MARCAS

[INFO] 00:03:26:222 lissandra/(16228:16233): INICIO DEL DUMP
[INFO] 00:03:26:223 lissandra/(16228:16233): TERMINO EL DUMP
[INFO] 00:03:46:223 lissandra/(16228:16233): INICIO DEL DUMP
[INFO] 00:03:46:224 lissandra/(16228:16233): TERMINO EL DUMP
[INFO] 00:04:06:224 lissandra/(16228:16233): INICIO DEL DUMP
[INFO] 00:04:06:224 lissandra/(16228:16233): TERMINO EL DUMP
[INFO] 00:04:26:224 lissandra/(16228:16233): INICIO DEL DUMP
[INFO] 00:04:26:225 lissandra/(16228:16233): TERMINO EL DUMP
[INFO] 00:04:46:225 lissandra/(16228:16233): INICIO DEL DUMP
[INFO] 00:04:46:225 lissandra/(16228:16233): TERMINO EL DUMP
[INFO] 00:05:06:233 lissandra/(16228:16233): INICIO DEL DUMP
[INFO] 00:05:06:233 lissandra/(16228:16233): TERMINO EL DUMP
[INFO] 00:05:08:519 lissandra/(16228:16520): Ingresamos un dato a la tabla CELULARES

[INFO] 00:05:14:876 lissandra/(16228:16267): Ingresamos un dato a la tabla CELULARES

[INFO] 00:05:26:233 lissandra/(16228:16233): INICIO DEL DUMP
[INFO] 00:05:26:234 lissandra/(16228:16233): TERMINO EL DUMP
[INFO] 00:05:46:234 lissandra/(16228:16233): INICIO DEL DUMP
[INFO] 00:05:46:235 lissandra/(16228:16233): TERMINO EL DUMP
[INFO] 00:06:06:235 lissandra/(16228:16233): INICIO DEL DUMP
[INFO] 00:06:06:235 lissandra/(16228:16233): TERMINO EL DUMP
[INFO] 00:06:26:235 lissandra/(16228:16233): INICIO DEL DUMP
[INFO] 00:06:26:236 lissandra/(16228:16233): TERMINO EL DUMP
[INFO] 00:06:46:236 lissandra/(16228:16233): INICIO DEL DUMP
[INFO] 00:06:46:236 lissandra/(16228:16233): TERMINO EL DUMP
[INFO] 00:07:06:236 lissandra/(16228:16233): INICIO DEL DUMP
[INFO] 00:07:06:236 lissandra/(16228:16233): TERMINO EL DUMP
[INFO] 00:07:26:236 lissandra/(16228:16233): INICIO DEL DUMP
[INFO] 00:07:26:236 lissandra/(16228:16233): TERMINO EL DUMP
[INFO] 00:07:46:237 lissandra/(16228:16233): INICIO DEL DUMP
[INFO] 00:07:46:238 lissandra/(16228:16233): TERMINO EL DUMP
[INFO] 00:08:06:238 lissandra/(16228:16233): INICIO DEL DUMP
[INFO] 00:08:06:238 lissandra/(16228:16233): TERMINO EL DUMP
[INFO] 00:08:26:239 lissandra/(16228:16233): INICIO DEL DUMP
[INFO] 00:08:26:239 lissandra/(16228:16233): TERMINO EL DUMP
[INFO] 00:08:46:239 lissandra/(16228:16233): INICIO DEL DUMP
[INFO] 00:08:46:239 lissandra/(16228:16233): TERMINO EL DUMP
[INFO] 00:09:06:239 lissandra/(16228:16233): INICIO DEL DUMP
[INFO] 00:09:06:240 lissandra/(16228:16233): TERMINO EL DUMP
[INFO] 00:09:26:240 lissandra/(16228:16233): INICIO DEL DUMP
[INFO] 00:09:26:240 lissandra/(16228:16233): TERMINO EL DUMP
[INFO] 00:09:46:240 lissandra/(16228:16233): INICIO DEL DUMP
[INFO] 00:09:46:240 lissandra/(16228:16233): TERMINO EL DUMP
[INFO] 00:10:06:241 lissandra/(16228:16233): INICIO DEL DUMP
[INFO] 00:10:06:241 lissandra/(16228:16233): TERMINO EL DUMP
[INFO] 00:10:26:241 lissandra/(16228:16233): INICIO DEL DUMP
[INFO] 00:10:26:242 lissandra/(16228:16233): TERMINO EL DUMP
[INFO] 00:10:46:242 lissandra/(16228:16233): INICIO DEL DUMP
[INFO] 00:10:46:242 lissandra/(16228:16233): TERMINO EL DUMP
[INFO] 14:49:19:480 lissandra/(10559:10567): INICIO DEL DUMP
[INFO] 14:49:19:480 lissandra/(10559:10567): TERMINO EL DUMP
[INFO] 14:49:39:481 lissandra/(10559:10567): INICIO DEL DUMP
[INFO] 14:49:39:481 lissandra/(10559:10567): TERMINO EL DUMP
[INFO] 14:49:59:481 lissandra/(10559:10567): INICIO DEL DUMP
[INFO] 14:49:59:481 lissandra/(10559:10567): TERMINO EL DUMP
[INFO] 14:50:36:912 lissandra/(10621:10630): INICIO DEL DUMP
[INFO] 14:50:36:912 lissandra/(10621:10630): TERMINO EL DUMP
[INFO] 14:50:56:913 lissandra/(10621:10630): INICIO DEL DUMP
[INFO] 14:50:56:914 lissandra/(10621:10630): TERMINO EL DUMP
[INFO] 14:51:29:891 lissandra/(10693:10701): INICIO DEL DUMP
[INFO] 14:51:29:891 lissandra/(10693:10701): TERMINO EL DUMP
[INFO] 14:51:49:896 lissandra/(10693:10701): INICIO DEL DUMP
[INFO] 14:51:49:897 lissandra/(10693:10701): TERMINO EL DUMP
[INFO] 14:52:31:415 lissandra/(10762:10770): INICIO DEL DUMP
[INFO] 14:52:31:415 lissandra/(10762:10770): TERMINO EL DUMP
[INFO] 14:52:51:419 lissandra/(10762:10770): INICIO DEL DUMP
[INFO] 14:52:51:419 lissandra/(10762:10770): TERMINO EL DUMP
[INFO] 14:53:11:419 lissandra/(10762:10770): INICIO DEL DUMP
[INFO] 14:53:11:419 lissandra/(10762:10770): TERMINO EL DUMP
[INFO] 14:53:31:420 lissandra/(10762:10770): INICIO DEL DUMP
[INFO] 14:53:31:420 lissandra/(10762:10770): TERMINO EL DUMP
[INFO] 14:53:51:421 lissandra/(10762:10770): INICIO DEL DUMP
[INFO] 14:53:51:421 lissandra/(10762:10770): TERMINO EL DUMP
[INFO] 14:54:11:421 lissandra/(10762:10770): INICIO DEL DUMP
[INFO] 14:54:11:421 lissandra/(10762:10770): TERMINO EL DUMP
[INFO] 14:54:31:421 lissandra/(10762:10770): INICIO DEL DUMP
[INFO] 14:54:31:421 lissandra/(10762:10770): TERMINO EL DUMP
[INFO] 14:54:41:545 lissandra/(10762:10834): Ingresamos un dato a la tabla COSAS

[INFO] 14:54:41:546 lissandra/(10762:10834): Ingresamos un dato a la tabla COSAS

[INFO] 14:54:51:422 lissandra/(10762:10770): INICIO DEL DUMP
[INFO] 14:54:51:423 lissandra/(10762:10770): TERMINO EL DUMP
[INFO] 14:55:11:423 lissandra/(10762:10770): INICIO DEL DUMP
[INFO] 14:55:11:424 lissandra/(10762:10770): TERMINO EL DUMP
[INFO] 14:55:18:207 lissandra/(10762:10799): Ingresamos un dato a la tabla COSAS

[INFO] 14:55:18:208 lissandra/(10762:10799): Ingresamos un dato a la tabla COSAS

[INFO] 14:55:31:424 lissandra/(10762:10770): INICIO DEL DUMP
[INFO] 14:55:31:425 lissandra/(10762:10770): TERMINO EL DUMP
[INFO] 14:55:51:426 lissandra/(10762:10770): INICIO DEL DUMP
[INFO] 14:55:51:426 lissandra/(10762:10770): TERMINO EL DUMP
[INFO] 14:56:11:426 lissandra/(10762:10770): INICIO DEL DUMP
[INFO] 14:56:11:426 lissandra/(10762:10770): TERMINO EL DUMP
[INFO] 14:56:31:427 lissandra/(10762:10770): INICIO DEL DUMP
[INFO] 14:56:31:427 lissandra/(10762:10770): TERMINO EL DUMP
[INFO] 14:58:17:85 lissandra/(11047:11056): INICIO DEL DUMP
[INFO] 14:58:17:85 lissandra/(11047:11056): TERMINO EL DUMP
[INFO] 14:58:36:943 lissandra/(11047:11056): INICIO DEL DUMP
[INFO] 14:58:36:943 lissandra/(11047:11056): TERMINO EL DUMP
[INFO] 14:58:56:943 lissandra/(11047:11056): INICIO DEL DUMP
[INFO] 14:58:56:943 lissandra/(11047:11056): TERMINO EL DUMP
[INFO] 14:59:16:946 lissandra/(11047:11056): INICIO DEL DUMP
[INFO] 14:59:16:946 lissandra/(11047:11056): TERMINO EL DUMP
[INFO] 14:59:36:949 lissandra/(11047:11056): INICIO DEL DUMP
[INFO] 14:59:36:949 lissandra/(11047:11056): TERMINO EL DUMP
[INFO] 14:59:56:950 lissandra/(11047:11056): INICIO DEL DUMP
[INFO] 14:59:56:951 lissandra/(11047:11056): TERMINO EL DUMP
[INFO] 15:00:54:680 lissandra/(11478:11483): INICIO DEL DUMP
[INFO] 15:00:54:681 lissandra/(11478:11483): TERMINO EL DUMP
[INFO] 15:01:14:681 lissandra/(11478:11483): INICIO DEL DUMP
[INFO] 15:01:14:681 lissandra/(11478:11483): TERMINO EL DUMP
[INFO] 15:01:34:683 lissandra/(11478:11483): INICIO DEL DUMP
[INFO] 15:01:34:683 lissandra/(11478:11483): TERMINO EL DUMP
[INFO] 15:01:54:684 lissandra/(11478:11483): INICIO DEL DUMP
[INFO] 15:01:54:684 lissandra/(11478:11483): TERMINO EL DUMP
[INFO] 15:02:14:684 lissandra/(11478:11483): INICIO DEL DUMP
[INFO] 15:02:14:685 lissandra/(11478:11483): TERMINO EL DUMP
[INFO] 15:02:34:691 lissandra/(11478:11483): INICIO DEL DUMP
[INFO] 15:02:34:692 lissandra/(11478:11483): TERMINO EL DUMP
[INFO] 15:02:45:383 lissandra/(11478:11512): Ingresamos un dato a la tabla COSAS

[INFO] 15:02:45:383 lissandra/(11478:11512): Ingresamos un dato a la tabla COSAS

[INFO] 15:02:54:692 lissandra/(11478:11483): INICIO DEL DUMP
[INFO] 15:02:54:693 lissandra/(11478:11483): TERMINO EL DUMP
[INFO] 15:15:37:552 lissandra/(11806:11813): INICIO DEL DUMP
[INFO] 15:15:37:553 lissandra/(11806:11813): TERMINO EL DUMP
[INFO] 15:15:57:553 lissandra/(11806:11813): INICIO DEL DUMP
[INFO] 15:15:57:553 lissandra/(11806:11813): TERMINO EL DUMP
[INFO] 15:16:17:553 lissandra/(11806:11813): INICIO DEL DUMP
[INFO] 15:16:17:554 lissandra/(11806:11813): TERMINO EL DUMP
[INFO] 15:16:37:554 lissandra/(11806:11813): INICIO DEL DUMP
[INFO] 15:16:37:554 lissandra/(11806:11813): TERMINO EL DUMP
[INFO] 15:16:57:555 lissandra/(11806:11813): INICIO DEL DUMP
[INFO] 15:16:57:556 lissandra/(11806:11813): TERMINO EL DUMP
[INFO] 15:17:17:556 lissandra/(11806:11813): INICIO DEL DUMP
[INFO] 15:17:17:556 lissandra/(11806:11813): TERMINO EL DUMP
[INFO] 15:17:37:559 lissandra/(11806:11813): INICIO DEL DUMP
[INFO] 15:17:37:559 lissandra/(11806:11813): TERMINO EL DUMP
[INFO] 15:17:57:63 lissandra/(11806:12000): Ingresamos un dato a la tabla COSAS

[INFO] 15:17:57:559 lissandra/(11806:11813): INICIO DEL DUMP
[INFO] 15:31:07:959 lissandra/(12306:12312): INICIO DEL DUMP
[INFO] 15:31:07:959 lissandra/(12306:12312): TERMINO EL DUMP
[INFO] 15:31:27:960 lissandra/(12306:12312): INICIO DEL DUMP
[INFO] 15:31:27:960 lissandra/(12306:12312): TERMINO EL DUMP
[INFO] 15:31:47:961 lissandra/(12306:12312): INICIO DEL DUMP
[INFO] 15:31:47:961 lissandra/(12306:12312): TERMINO EL DUMP
[INFO] 15:32:07:962 lissandra/(12306:12312): INICIO DEL DUMP
[INFO] 15:32:07:962 lissandra/(12306:12312): TERMINO EL DUMP
[INFO] 15:32:27:963 lissandra/(12306:12312): INICIO DEL DUMP
[INFO] 15:32:27:963 lissandra/(12306:12312): TERMINO EL DUMP
[INFO] 15:32:47:963 lissandra/(12306:12312): INICIO DEL DUMP
[INFO] 15:32:47:964 lissandra/(12306:12312): TERMINO EL DUMP
[INFO] 15:32:54:985 lissandra/(12306:12344): Ingresamos un dato a la tabla COSAS

[INFO] 15:32:54:986 lissandra/(12306:12344): Ingresamos un dato a la tabla COSAS

[INFO] 15:33:00:383 lissandra/(12306:12374): Ingresamos un dato a la tabla COSAS

[INFO] 15:33:00:383 lissandra/(12306:12374): Ingresamos un dato a la tabla COSAS

[INFO] 15:33:07:964 lissandra/(12306:12312): INICIO DEL DUMP
[INFO] 15:33:07:968 lissandra/(12306:12312): TERMINO EL DUMP
[INFO] 15:33:27:968 lissandra/(12306:12312): INICIO DEL DUMP
[INFO] 15:33:27:968 lissandra/(12306:12312): TERMINO EL DUMP
[INFO] 15:33:47:968 lissandra/(12306:12312): INICIO DEL DUMP
[INFO] 15:33:47:968 lissandra/(12306:12312): TERMINO EL DUMP
[INFO] 15:34:07:969 lissandra/(12306:12312): INICIO DEL DUMP
[INFO] 15:34:07:969 lissandra/(12306:12312): TERMINO EL DUMP
[INFO] 15:34:27:969 lissandra/(12306:12312): INICIO DEL DUMP
[INFO] 15:34:27:969 lissandra/(12306:12312): TERMINO EL DUMP
[INFO] 15:34:47:970 lissandra/(12306:12312): INICIO DEL DUMP
[INFO] 15:34:47:970 lissandra/(12306:12312): TERMINO EL DUMP
[INFO] 15:35:07:970 lissandra/(12306:12312): INICIO DEL DUMP
[INFO] 15:35:07:970 lissandra/(12306:12312): TERMINO EL DUMP
[INFO] 15:35:27:970 lissandra/(12306:12312): INICIO DEL DUMP
[INFO] 15:35:27:970 lissandra/(12306:12312): TERMINO EL DUMP
[INFO] 15:45:05:641 lissandra/(12730:12737): INICIO DEL DUMP
[INFO] 15:45:05:641 lissandra/(12730:12737): TERMINO EL DUMP
[INFO] 15:45:25:641 lissandra/(12730:12737): INICIO DEL DUMP
[INFO] 15:45:25:643 lissandra/(12730:12737): TERMINO EL DUMP
[INFO] 15:45:45:644 lissandra/(12730:12737): INICIO DEL DUMP
[INFO] 15:45:45:644 lissandra/(12730:12737): TERMINO EL DUMP
[INFO] 15:46:05:645 lissandra/(12730:12737): INICIO DEL DUMP
[INFO] 15:46:05:645 lissandra/(12730:12737): TERMINO EL DUMP
[INFO] 15:46:25:646 lissandra/(12730:12737): INICIO DEL DUMP
[INFO] 15:46:25:646 lissandra/(12730:12737): TERMINO EL DUMP
[INFO] 15:46:45:646 lissandra/(12730:12737): INICIO DEL DUMP
[INFO] 15:46:45:646 lissandra/(12730:12737): TERMINO EL DUMP
[INFO] 15:46:52:501 lissandra/(12730:12804): Ingresamos un dato a la tabla COSAS

[INFO] 15:46:52:502 lissandra/(12730:12804): Ingresamos un dato a la tabla COSAS

[INFO] 15:46:55:405 lissandra/(12730:12836): Ingresamos un dato a la tabla COSAS

[INFO] 15:46:55:405 lissandra/(12730:12836): Ingresamos un dato a la tabla COSAS

[INFO] 15:47:05:647 lissandra/(12730:12737): INICIO DEL DUMP
[INFO] 15:47:05:662 lissandra/(12730:12737): TERMINO EL DUMP
[INFO] 15:47:25:662 lissandra/(12730:12737): INICIO DEL DUMP
[INFO] 15:47:25:662 lissandra/(12730:12737): TERMINO EL DUMP
[INFO] 15:47:45:663 lissandra/(12730:12737): INICIO DEL DUMP
[INFO] 15:47:45:664 lissandra/(12730:12737): TERMINO EL DUMP
[INFO] 15:48:05:664 lissandra/(12730:12737): INICIO DEL DUMP
[INFO] 15:48:05:664 lissandra/(12730:12737): TERMINO EL DUMP
[INFO] 15:48:25:664 lissandra/(12730:12737): INICIO DEL DUMP
[INFO] 15:48:25:665 lissandra/(12730:12737): TERMINO EL DUMP
[INFO] 15:48:45:665 lissandra/(12730:12737): INICIO DEL DUMP
[INFO] 15:48:45:665 lissandra/(12730:12737): TERMINO EL DUMP
[INFO] 15:49:05:667 lissandra/(12730:12737): INICIO DEL DUMP
[INFO] 15:49:05:667 lissandra/(12730:12737): TERMINO EL DUMP
[INFO] 15:49:25:667 lissandra/(12730:12737): INICIO DEL DUMP
[INFO] 15:49:25:667 lissandra/(12730:12737): TERMINO EL DUMP
[INFO] 15:49:45:667 lissandra/(12730:12737): INICIO DEL DUMP
[INFO] 15:49:45:668 lissandra/(12730:12737): TERMINO EL DUMP
[INFO] 15:50:05:668 lissandra/(12730:12737): INICIO DEL DUMP
[INFO] 15:50:05:668 lissandra/(12730:12737): TERMINO EL DUMP
[INFO] 15:50:25:668 lissandra/(12730:12737): INICIO DEL DUMP
[INFO] 15:50:25:669 lissandra/(12730:12737): TERMINO EL DUMP
[INFO] 15:50:45:669 lissandra/(12730:12737): INICIO DEL DUMP
[INFO] 15:50:45:669 lissandra/(12730:12737): TERMINO EL DUMP
[INFO] 15:51:05:669 lissandra/(12730:12737): INICIO DEL DUMP
[INFO] 15:51:05:670 lissandra/(12730:12737): TERMINO EL DUMP
[INFO] 15:51:25:671 lissandra/(12730:12737): INICIO DEL DUMP
[INFO] 15:51:25:671 lissandra/(12730:12737): TERMINO EL DUMP
[INFO] 15:51:45:671 lissandra/(12730:12737): INICIO DEL DUMP
[INFO] 15:51:45:671 lissandra/(12730:12737): TERMINO EL DUMP
[INFO] 15:52:05:672 lissandra/(12730:12737): INICIO DEL DUMP
[INFO] 15:52:05:672 lissandra/(12730:12737): TERMINO EL DUMP
[INFO] 15:52:25:672 lissandra/(12730:12737): INICIO DEL DUMP
[INFO] 15:52:25:672 lissandra/(12730:12737): TERMINO EL DUMP
[INFO] 15:52:45:673 lissandra/(12730:12737): INICIO DEL DUMP
[INFO] 15:52:45:673 lissandra/(12730:12737): TERMINO EL DUMP
[INFO] 16:12:39:871 lissandra/(13503:13509): INICIO DEL DUMP
[INFO] 16:12:39:871 lissandra/(13503:13509): TERMINO EL DUMP
[INFO] 16:12:59:871 lissandra/(13503:13509): INICIO DEL DUMP
[INFO] 16:12:59:872 lissandra/(13503:13509): TERMINO EL DUMP
[INFO] 16:13:19:872 lissandra/(13503:13509): INICIO DEL DUMP
[INFO] 16:13:19:872 lissandra/(13503:13509): TERMINO EL DUMP
[INFO] 16:13:39:872 lissandra/(13503:13509): INICIO DEL DUMP
[INFO] 16:13:39:872 lissandra/(13503:13509): TERMINO EL DUMP
[INFO] 16:13:59:872 lissandra/(13503:13509): INICIO DEL DUMP
[INFO] 16:13:59:873 lissandra/(13503:13509): TERMINO EL DUMP
[INFO] 16:14:19:873 lissandra/(13503:13509): INICIO DEL DUMP
[INFO] 16:14:19:873 lissandra/(13503:13509): TERMINO EL DUMP
[INFO] 16:14:25:714 lissandra/(13503:13558): Ingresamos un dato a la tabla COSAS

[INFO] 16:14:25:714 lissandra/(13503:13558): Ingresamos un dato a la tabla COSAS

[INFO] 16:14:30:821 lissandra/(13503:13590): Ingresamos un dato a la tabla COSAS

[INFO] 16:14:30:821 lissandra/(13503:13590): Ingresamos un dato a la tabla COSAS

[INFO] 16:14:39:873 lissandra/(13503:13509): INICIO DEL DUMP
[INFO] 16:14:39:876 lissandra/(13503:13509): TERMINO EL DUMP
[INFO] 16:14:59:877 lissandra/(13503:13509): INICIO DEL DUMP
[INFO] 16:14:59:878 lissandra/(13503:13509): TERMINO EL DUMP
[INFO] 16:15:19:881 lissandra/(13503:13509): INICIO DEL DUMP
[INFO] 16:15:19:881 lissandra/(13503:13509): TERMINO EL DUMP
[INFO] 16:15:39:881 lissandra/(13503:13509): INICIO DEL DUMP
[INFO] 16:15:39:881 lissandra/(13503:13509): TERMINO EL DUMP
[INFO] 16:15:59:882 lissandra/(13503:13509): INICIO DEL DUMP
[INFO] 16:15:59:882 lissandra/(13503:13509): TERMINO EL DUMP
[INFO] 16:16:19:882 lissandra/(13503:13509): INICIO DEL DUMP
[INFO] 16:16:19:882 lissandra/(13503:13509): TERMINO EL DUMP
[INFO] 16:24:31:66 lissandra/(13800:13806): INICIO DEL DUMP
[INFO] 16:24:31:67 lissandra/(13800:13806): TERMINO EL DUMP
[INFO] 16:24:51:69 lissandra/(13800:13806): INICIO DEL DUMP
[INFO] 16:24:51:69 lissandra/(13800:13806): TERMINO EL DUMP
[INFO] 16:25:11:73 lissandra/(13800:13806): INICIO DEL DUMP
[INFO] 16:25:11:73 lissandra/(13800:13806): TERMINO EL DUMP
[INFO] 16:25:31:74 lissandra/(13800:13806): INICIO DEL DUMP
[INFO] 16:25:31:74 lissandra/(13800:13806): TERMINO EL DUMP
[INFO] 16:25:51:74 lissandra/(13800:13806): INICIO DEL DUMP
[INFO] 16:25:51:75 lissandra/(13800:13806): TERMINO EL DUMP
[INFO] 16:26:11:75 lissandra/(13800:13806): INICIO DEL DUMP
[INFO] 16:26:11:75 lissandra/(13800:13806): TERMINO EL DUMP
[INFO] 16:26:42:141 lissandra/(13935:13941): INICIO DEL DUMP
[INFO] 16:26:42:141 lissandra/(13935:13941): TERMINO EL DUMP
[INFO] 16:27:02:142 lissandra/(13935:13941): INICIO DEL DUMP
[INFO] 16:27:02:142 lissandra/(13935:13941): TERMINO EL DUMP
[INFO] 16:27:22:143 lissandra/(13935:13941): INICIO DEL DUMP
[INFO] 16:27:22:143 lissandra/(13935:13941): TERMINO EL DUMP
[INFO] 16:27:36:234 lissandra/(13935:13999): Ingresamos un dato a la tabla COSAS

[INFO] 16:27:36:235 lissandra/(13935:13999): Ingresamos un dato a la tabla COSAS

[INFO] 16:27:42:143 lissandra/(13935:13941): INICIO DEL DUMP
[INFO] 16:27:42:145 lissandra/(13935:13941): TERMINO EL DUMP
[INFO] 16:28:02:145 lissandra/(13935:13941): INICIO DEL DUMP
[INFO] 16:28:02:146 lissandra/(13935:13941): TERMINO EL DUMP
[INFO] 16:28:22:146 lissandra/(13935:13941): INICIO DEL DUMP
[INFO] 16:28:22:146 lissandra/(13935:13941): TERMINO EL DUMP
[INFO] 16:28:27:308 lissandra/(13935:13970): Ingresamos un dato a la tabla COSAS

[INFO] 16:28:27:308 lissandra/(13935:13970): Ingresamos un dato a la tabla COSAS

[INFO] 16:28:42:146 lissandra/(13935:13941): INICIO DEL DUMP
[INFO] 16:28:42:148 lissandra/(13935:13941): TERMINO EL DUMP
[INFO] 16:29:02:148 lissandra/(13935:13941): INICIO DEL DUMP
[INFO] 16:29:02:148 lissandra/(13935:13941): TERMINO EL DUMP
[INFO] 16:29:22:149 lissandra/(13935:13941): INICIO DEL DUMP
[INFO] 16:29:22:149 lissandra/(13935:13941): TERMINO EL DUMP
[INFO] 16:29:42:149 lissandra/(13935:13941): INICIO DEL DUMP
[INFO] 16:29:42:150 lissandra/(13935:13941): TERMINO EL DUMP
[INFO] 16:30:02:151 lissandra/(13935:13941): INICIO DEL DUMP
[INFO] 16:30:02:151 lissandra/(13935:13941): TERMINO EL DUMP
[INFO] 16:30:22:151 lissandra/(13935:13941): INICIO DEL DUMP
[INFO] 16:30:22:152 lissandra/(13935:13941): TERMINO EL DUMP
[INFO] 16:30:42:153 lissandra/(13935:13941): INICIO DEL DUMP
[INFO] 16:30:42:153 lissandra/(13935:13941): TERMINO EL DUMP
[INFO] 16:31:02:153 lissandra/(13935:13941): INICIO DEL DUMP
[INFO] 16:31:02:154 lissandra/(13935:13941): TERMINO EL DUMP
[INFO] 16:31:22:154 lissandra/(13935:13941): INICIO DEL DUMP
[INFO] 16:31:22:154 lissandra/(13935:13941): TERMINO EL DUMP
[INFO] 16:31:42:155 lissandra/(13935:13941): INICIO DEL DUMP
[INFO] 16:31:42:155 lissandra/(13935:13941): TERMINO EL DUMP
[INFO] 16:32:02:155 lissandra/(13935:13941): INICIO DEL DUMP
[INFO] 16:32:02:156 lissandra/(13935:13941): TERMINO EL DUMP
[INFO] 16:32:47:825 lissandra/(14101:14177): INICIO DEL DUMP
[INFO] 16:32:47:825 lissandra/(14101:14177): TERMINO EL DUMP
[INFO] 16:33:07:826 lissandra/(14101:14177): INICIO DEL DUMP
[INFO] 16:33:07:828 lissandra/(14101:14177): TERMINO EL DUMP
[INFO] 16:33:27:829 lissandra/(14101:14177): INICIO DEL DUMP
[INFO] 16:33:27:829 lissandra/(14101:14177): TERMINO EL DUMP
[INFO] 16:33:47:829 lissandra/(14101:14177): INICIO DEL DUMP
[INFO] 16:33:47:829 lissandra/(14101:14177): TERMINO EL DUMP
[INFO] 16:34:04:308 lissandra/(14101:14251): Ingresamos un dato a la tabla COSAS

[INFO] 16:34:04:309 lissandra/(14101:14251): Ingresamos un dato a la tabla COSAS

[INFO] 16:34:07:829 lissandra/(14101:14177): INICIO DEL DUMP
[INFO] 16:34:07:830 lissandra/(14101:14177): TERMINO EL DUMP
[INFO] 16:34:27:830 lissandra/(14101:14177): INICIO DEL DUMP
[INFO] 16:34:27:831 lissandra/(14101:14177): TERMINO EL DUMP
[INFO] 16:34:47:831 lissandra/(14101:14177): INICIO DEL DUMP
[INFO] 16:34:47:831 lissandra/(14101:14177): TERMINO EL DUMP
[INFO] 16:34:51:579 lissandra/(14101:14219): Ingresamos un dato a la tabla COSAS

[INFO] 16:34:51:579 lissandra/(14101:14219): Ingresamos un dato a la tabla COSAS

[INFO] 16:35:07:832 lissandra/(14101:14177): INICIO DEL DUMP
[INFO] 16:35:07:834 lissandra/(14101:14177): TERMINO EL DUMP
[INFO] 16:41:20:369 lissandra/(14400:14406): INICIO DEL DUMP
[INFO] 16:41:20:369 lissandra/(14400:14406): TERMINO EL DUMP
[INFO] 16:41:40:370 lissandra/(14400:14406): INICIO DEL DUMP
[INFO] 16:41:40:370 lissandra/(14400:14406): TERMINO EL DUMP
[INFO] 16:42:00:370 lissandra/(14400:14406): INICIO DEL DUMP
[INFO] 16:42:00:370 lissandra/(14400:14406): TERMINO EL DUMP
[INFO] 16:42:20:371 lissandra/(14400:14406): INICIO DEL DUMP
[INFO] 16:42:20:371 lissandra/(14400:14406): TERMINO EL DUMP
[INFO] 16:42:40:372 lissandra/(14400:14406): INICIO DEL DUMP
[INFO] 16:42:40:372 lissandra/(14400:14406): TERMINO EL DUMP
[INFO] 16:43:00:372 lissandra/(14400:14406): INICIO DEL DUMP
[INFO] 16:43:00:372 lissandra/(14400:14406): TERMINO EL DUMP
[INFO] 16:43:07:897 lissandra/(14400:14437): Ingresamos un dato a la tabla COSAS

[INFO] 16:43:07:897 lissandra/(14400:14437): Ingresamos un dato a la tabla COSAS

[INFO] 16:43:14:162 lissandra/(14400:14469): Ingresamos un dato a la tabla COSAS

[INFO] 16:43:14:163 lissandra/(14400:14469): Ingresamos un dato a la tabla COSAS

[INFO] 16:43:20:373 lissandra/(14400:14406): INICIO DEL DUMP
[INFO] 16:43:20:376 lissandra/(14400:14406): TERMINO EL DUMP
[INFO] 16:43:40:377 lissandra/(14400:14406): INICIO DEL DUMP
[INFO] 16:43:40:377 lissandra/(14400:14406): TERMINO EL DUMP
[INFO] 16:44:00:377 lissandra/(14400:14406): INICIO DEL DUMP
[INFO] 16:44:00:377 lissandra/(14400:14406): TERMINO EL DUMP
[INFO] 16:44:20:378 lissandra/(14400:14406): INICIO DEL DUMP
[INFO] 16:44:20:378 lissandra/(14400:14406): TERMINO EL DUMP
[INFO] 16:44:40:379 lissandra/(14400:14406): INICIO DEL DUMP
[INFO] 16:44:40:379 lissandra/(14400:14406): TERMINO EL DUMP
[INFO] 16:45:00:379 lissandra/(14400:14406): INICIO DEL DUMP
[INFO] 16:45:00:380 lissandra/(14400:14406): TERMINO EL DUMP
[INFO] 16:53:36:195 lissandra/(14647:14654): INICIO DEL DUMP
[INFO] 16:53:36:195 lissandra/(14647:14654): TERMINO EL DUMP
[INFO] 16:53:56:195 lissandra/(14647:14654): INICIO DEL DUMP
[INFO] 16:53:56:196 lissandra/(14647:14654): TERMINO EL DUMP
[INFO] 16:54:16:197 lissandra/(14647:14654): INICIO DEL DUMP
[INFO] 16:54:16:197 lissandra/(14647:14654): TERMINO EL DUMP
[INFO] 16:54:36:198 lissandra/(14647:14654): INICIO DEL DUMP
[INFO] 16:54:36:203 lissandra/(14647:14654): TERMINO EL DUMP
[INFO] 16:54:56:204 lissandra/(14647:14654): INICIO DEL DUMP
[INFO] 16:54:56:205 lissandra/(14647:14654): TERMINO EL DUMP
[INFO] 16:55:16:206 lissandra/(14647:14654): INICIO DEL DUMP
[INFO] 16:55:16:206 lissandra/(14647:14654): TERMINO EL DUMP
[INFO] 16:55:36:206 lissandra/(14647:14654): INICIO DEL DUMP
[INFO] 16:55:36:206 lissandra/(14647:14654): TERMINO EL DUMP
[INFO] 16:55:48:102 lissandra/(14647:14797): Ingresamos un dato a la tabla COSAS

[INFO] 16:55:48:102 lissandra/(14647:14797): Ingresamos un dato a la tabla COSAS

[INFO] 16:55:53:494 lissandra/(14647:14828): Ingresamos un dato a la tabla COSAS

[INFO] 16:55:53:495 lissandra/(14647:14828): Ingresamos un dato a la tabla COSAS

[INFO] 16:55:56:209 lissandra/(14647:14654): INICIO DEL DUMP
[INFO] 16:55:56:214 lissandra/(14647:14654): TERMINO EL DUMP
[INFO] 16:56:16:214 lissandra/(14647:14654): INICIO DEL DUMP
[INFO] 16:56:16:214 lissandra/(14647:14654): TERMINO EL DUMP
[INFO] 16:56:36:214 lissandra/(14647:14654): INICIO DEL DUMP
[INFO] 16:56:36:215 lissandra/(14647:14654): TERMINO EL DUMP
[INFO] 16:56:56:215 lissandra/(14647:14654): INICIO DEL DUMP
[INFO] 16:56:56:215 lissandra/(14647:14654): TERMINO EL DUMP
[INFO] 16:57:16:216 lissandra/(14647:14654): INICIO DEL DUMP
[INFO] 16:57:16:216 lissandra/(14647:14654): TERMINO EL DUMP
[INFO] 16:57:36:217 lissandra/(14647:14654): INICIO DEL DUMP
[INFO] 16:57:36:217 lissandra/(14647:14654): TERMINO EL DUMP
[INFO] 16:57:56:217 lissandra/(14647:14654): INICIO DEL DUMP
[INFO] 16:57:56:218 lissandra/(14647:14654): TERMINO EL DUMP
[INFO] 16:58:16:221 lissandra/(14647:14654): INICIO DEL DUMP
[INFO] 16:58:16:222 lissandra/(14647:14654): TERMINO EL DUMP
[INFO] 16:58:36:222 lissandra/(14647:14654): INICIO DEL DUMP
[INFO] 16:58:36:222 lissandra/(14647:14654): TERMINO EL DUMP
[INFO] 16:58:56:222 lissandra/(14647:14654): INICIO DEL DUMP
[INFO] 16:58:56:222 lissandra/(14647:14654): TERMINO EL DUMP
[INFO] 16:59:16:223 lissandra/(14647:14654): INICIO DEL DUMP
[INFO] 16:59:16:223 lissandra/(14647:14654): TERMINO EL DUMP
[INFO] 16:59:36:223 lissandra/(14647:14654): INICIO DEL DUMP
[INFO] 16:59:36:223 lissandra/(14647:14654): TERMINO EL DUMP
[INFO] 16:59:56:224 lissandra/(14647:14654): INICIO DEL DUMP
[INFO] 16:59:56:224 lissandra/(14647:14654): TERMINO EL DUMP
[INFO] 17:00:16:224 lissandra/(14647:14654): INICIO DEL DUMP
[INFO] 17:00:16:225 lissandra/(14647:14654): TERMINO EL DUMP
[INFO] 17:00:36:225 lissandra/(14647:14654): INICIO DEL DUMP
[INFO] 17:00:36:226 lissandra/(14647:14654): TERMINO EL DUMP
[INFO] 17:00:56:226 lissandra/(14647:14654): INICIO DEL DUMP
[INFO] 17:00:56:226 lissandra/(14647:14654): TERMINO EL DUMP
[INFO] 17:01:16:226 lissandra/(14647:14654): INICIO DEL DUMP
[INFO] 17:01:16:226 lissandra/(14647:14654): TERMINO EL DUMP
[INFO] 17:01:36:227 lissandra/(14647:14654): INICIO DEL DUMP
[INFO] 17:01:36:227 lissandra/(14647:14654): TERMINO EL DUMP
[INFO] 17:01:56:227 lissandra/(14647:14654): INICIO DEL DUMP
[INFO] 17:01:56:228 lissandra/(14647:14654): TERMINO EL DUMP
[INFO] 17:18:33:200 lissandra/(15203:15209): INICIO DEL DUMP
[INFO] 17:18:33:200 lissandra/(15203:15209): TERMINO EL DUMP
[INFO] 17:18:53:200 lissandra/(15203:15209): INICIO DEL DUMP
[INFO] 17:18:53:200 lissandra/(15203:15209): TERMINO EL DUMP
[INFO] 17:19:13:201 lissandra/(15203:15209): INICIO DEL DUMP
[INFO] 17:19:13:201 lissandra/(15203:15209): TERMINO EL DUMP
[INFO] 17:19:33:201 lissandra/(15203:15209): INICIO DEL DUMP
[INFO] 17:19:33:202 lissandra/(15203:15209): TERMINO EL DUMP
[INFO] 17:19:53:202 lissandra/(15203:15209): INICIO DEL DUMP
[INFO] 17:19:53:202 lissandra/(15203:15209): TERMINO EL DUMP
[INFO] 17:20:13:202 lissandra/(15203:15209): INICIO DEL DUMP
[INFO] 17:20:13:203 lissandra/(15203:15209): TERMINO EL DUMP
[INFO] 17:20:33:203 lissandra/(15203:15209): INICIO DEL DUMP
[INFO] 17:20:33:203 lissandra/(15203:15209): TERMINO EL DUMP
[INFO] 17:20:53:204 lissandra/(15203:15209): INICIO DEL DUMP
[INFO] 17:20:53:204 lissandra/(15203:15209): TERMINO EL DUMP
[INFO] 17:21:13:205 lissandra/(15203:15209): INICIO DEL DUMP
[INFO] 17:21:13:205 lissandra/(15203:15209): TERMINO EL DUMP
[INFO] 17:21:33:209 lissandra/(15203:15209): INICIO DEL DUMP
[INFO] 17:21:33:210 lissandra/(15203:15209): TERMINO EL DUMP
[INFO] 17:21:53:210 lissandra/(15203:15209): INICIO DEL DUMP
[INFO] 17:21:53:211 lissandra/(15203:15209): TERMINO EL DUMP
[INFO] 17:22:13:37 lissandra/(15203:15209): INICIO DEL DUMP
[INFO] 17:22:13:37 lissandra/(15203:15209): TERMINO EL DUMP
[INFO] 17:22:33:37 lissandra/(15203:15209): INICIO DEL DUMP
[INFO] 17:22:33:37 lissandra/(15203:15209): TERMINO EL DUMP
[INFO] 17:22:53:38 lissandra/(15203:15209): INICIO DEL DUMP
[INFO] 17:22:53:38 lissandra/(15203:15209): TERMINO EL DUMP
[INFO] 17:23:13:39 lissandra/(15203:15209): INICIO DEL DUMP
[INFO] 17:23:13:39 lissandra/(15203:15209): TERMINO EL DUMP
[INFO] 17:23:33:39 lissandra/(15203:15209): INICIO DEL DUMP
[INFO] 17:23:33:39 lissandra/(15203:15209): TERMINO EL DUMP
[INFO] 17:23:53:40 lissandra/(15203:15209): INICIO DEL DUMP
[INFO] 17:23:53:40 lissandra/(15203:15209): TERMINO EL DUMP
[INFO] 17:24:13:40 lissandra/(15203:15209): INICIO DEL DUMP
[INFO] 17:24:13:40 lissandra/(15203:15209): TERMINO EL DUMP
[INFO] 17:24:33:41 lissandra/(15203:15209): INICIO DEL DUMP
[INFO] 17:24:33:41 lissandra/(15203:15209): TERMINO EL DUMP
[INFO] 17:24:53:42 lissandra/(15203:15209): INICIO DEL DUMP
[INFO] 17:24:53:44 lissandra/(15203:15209): TERMINO EL DUMP
[INFO] 17:25:13:45 lissandra/(15203:15209): INICIO DEL DUMP
[INFO] 17:25:13:45 lissandra/(15203:15209): TERMINO EL DUMP
[INFO] 17:25:33:45 lissandra/(15203:15209): INICIO DEL DUMP
[INFO] 17:25:33:45 lissandra/(15203:15209): TERMINO EL DUMP
[INFO] 17:25:53:45 lissandra/(15203:15209): INICIO DEL DUMP
[INFO] 17:25:53:46 lissandra/(15203:15209): TERMINO EL DUMP
[INFO] 17:26:13:46 lissandra/(15203:15209): INICIO DEL DUMP
[INFO] 17:26:13:46 lissandra/(15203:15209): TERMINO EL DUMP
[INFO] 17:26:33:46 lissandra/(15203:15209): INICIO DEL DUMP
[INFO] 17:26:33:46 lissandra/(15203:15209): TERMINO EL DUMP
[INFO] 17:26:53:47 lissandra/(15203:15209): INICIO DEL DUMP
[INFO] 17:26:53:48 lissandra/(15203:15209): TERMINO EL DUMP
[INFO] 17:27:13:48 lissandra/(15203:15209): INICIO DEL DUMP
[INFO] 17:27:13:48 lissandra/(15203:15209): TERMINO EL DUMP
[INFO] 17:27:33:48 lissandra/(15203:15209): INICIO DEL DUMP
[INFO] 17:27:33:50 lissandra/(15203:15209): TERMINO EL DUMP
[INFO] 17:27:53:51 lissandra/(15203:15209): INICIO DEL DUMP
[INFO] 17:27:53:51 lissandra/(15203:15209): TERMINO EL DUMP
[INFO] 17:28:13:57 lissandra/(15203:15209): INICIO DEL DUMP
[INFO] 17:28:13:57 lissandra/(15203:15209): TERMINO EL DUMP
[INFO] 17:28:33:58 lissandra/(15203:15209): INICIO DEL DUMP
[INFO] 17:28:33:58 lissandra/(15203:15209): TERMINO EL DUMP
[INFO] 17:28:53:58 lissandra/(15203:15209): INICIO DEL DUMP
[INFO] 17:28:53:58 lissandra/(15203:15209): TERMINO EL DUMP
[INFO] 17:29:13:58 lissandra/(15203:15209): INICIO DEL DUMP
[INFO] 17:29:13:58 lissandra/(15203:15209): TERMINO EL DUMP
[INFO] 17:29:33:59 lissandra/(15203:15209): INICIO DEL DUMP
[INFO] 17:29:33:59 lissandra/(15203:15209): TERMINO EL DUMP
[INFO] 17:29:53:59 lissandra/(15203:15209): INICIO DEL DUMP
[INFO] 17:29:53:59 lissandra/(15203:15209): TERMINO EL DUMP
[INFO] 17:30:13:59 lissandra/(15203:15209): INICIO DEL DUMP
[INFO] 17:30:13:60 lissandra/(15203:15209): TERMINO EL DUMP
[INFO] 17:30:33:61 lissandra/(15203:15209): INICIO DEL DUMP
[INFO] 17:30:33:61 lissandra/(15203:15209): TERMINO EL DUMP
[INFO] 17:30:53:61 lissandra/(15203:15209): INICIO DEL DUMP
[INFO] 17:30:53:61 lissandra/(15203:15209): TERMINO EL DUMP
[INFO] 17:31:13:61 lissandra/(15203:15209): INICIO DEL DUMP
[INFO] 17:31:13:62 lissandra/(15203:15209): TERMINO EL DUMP
[INFO] 17:31:33:62 lissandra/(15203:15209): INICIO DEL DUMP
[INFO] 17:31:33:62 lissandra/(15203:15209): TERMINO EL DUMP
[INFO] 17:31:53:62 lissandra/(15203:15209): INICIO DEL DUMP
[INFO] 17:31:53:62 lissandra/(15203:15209): TERMINO EL DUMP
[INFO] 17:36:19:356 lissandra/(15692:15698): INICIO DEL DUMP
[INFO] 17:36:19:356 lissandra/(15692:15698): TERMINO EL DUMP
[INFO] 17:36:39:357 lissandra/(15692:15698): INICIO DEL DUMP
[INFO] 17:36:39:357 lissandra/(15692:15698): TERMINO EL DUMP
[INFO] 17:36:59:358 lissandra/(15692:15698): INICIO DEL DUMP
[INFO] 17:36:59:358 lissandra/(15692:15698): TERMINO EL DUMP
[INFO] 17:37:19:358 lissandra/(15692:15698): INICIO DEL DUMP
[INFO] 17:37:19:358 lissandra/(15692:15698): TERMINO EL DUMP
[INFO] 17:47:30:813 lissandra/(15916:15923): INICIO DEL DUMP
[INFO] 17:47:30:813 lissandra/(15916:15923): TERMINO EL DUMP
[INFO] 17:47:50:813 lissandra/(15916:15923): INICIO DEL DUMP
[INFO] 17:47:50:814 lissandra/(15916:15923): TERMINO EL DUMP
[INFO] 17:48:10:815 lissandra/(15916:15923): INICIO DEL DUMP
[INFO] 17:48:10:815 lissandra/(15916:15923): TERMINO EL DUMP
[INFO] 17:48:30:815 lissandra/(15916:15923): INICIO DEL DUMP
[INFO] 17:48:30:815 lissandra/(15916:15923): TERMINO EL DUMP
[INFO] 17:54:08:974 lissandra/(16104:16110): INICIO DEL DUMP
[INFO] 17:54:08:975 lissandra/(16104:16110): TERMINO EL DUMP
[INFO] 17:54:28:975 lissandra/(16104:16110): INICIO DEL DUMP
[INFO] 17:54:28:975 lissandra/(16104:16110): TERMINO EL DUMP
[INFO] 17:54:48:976 lissandra/(16104:16110): INICIO DEL DUMP
[INFO] 17:54:48:976 lissandra/(16104:16110): TERMINO EL DUMP
[INFO] 17:55:08:976 lissandra/(16104:16110): INICIO DEL DUMP
[INFO] 17:55:08:977 lissandra/(16104:16110): TERMINO EL DUMP
[INFO] 17:55:28:977 lissandra/(16104:16110): INICIO DEL DUMP
[INFO] 17:55:28:977 lissandra/(16104:16110): TERMINO EL DUMP
[INFO] 17:55:48:978 lissandra/(16104:16110): INICIO DEL DUMP
[INFO] 17:55:48:978 lissandra/(16104:16110): TERMINO EL DUMP
[INFO] 17:56:08:978 lissandra/(16104:16110): INICIO DEL DUMP
[INFO] 17:56:08:978 lissandra/(16104:16110): TERMINO EL DUMP
[INFO] 17:56:28:979 lissandra/(16104:16110): INICIO DEL DUMP
[INFO] 17:56:28:979 lissandra/(16104:16110): TERMINO EL DUMP
[INFO] 17:56:48:979 lissandra/(16104:16110): INICIO DEL DUMP
[INFO] 17:56:48:979 lissandra/(16104:16110): TERMINO EL DUMP
