[TRACE] 16:58:03:514 requests/(8225:8263): Request de CREATE recibida por el socket 9 !

[TRACE] 16:58:03:515 requests/(8225:8263): Request de CREATE terminada por el socket 9 !

[TRACE] 16:58:41:375 requests/(8225:8263): Request de DESCRIBE recibida por el socket 9 !

[TRACE] 16:58:41:376 requests/(8225:8263): Request de DESCRIBE terminada por el socket 9 !

[TRACE] 16:59:48:854 requests/(8225:8263): Request de INSERT recibida por el socket 9 !

[TRACE] 16:59:48:855 requests/(8225:8263): Request de INSERT terminada por el socket 9 !

[TRACE] 17:11:38:344 requests/(8709:8732): Request de DESCRIBE recibida por el socket 9 !

[TRACE] 17:11:38:344 requests/(8709:8732): Request de DESCRIBE terminada por el socket 9 !

[TRACE] 17:44:16:856 requests/(11051:11076): Request de DESCRIBE recibida por el socket 9 !

[TRACE] 17:44:16:857 requests/(11051:11076): Request de DESCRIBE terminada por el socket 9 !

[TRACE] 17:44:25:543 requests/(11051:11076): Request de DROP recibida por el socket 9 !

[TRACE] 17:44:25:543 requests/(11051:11076): Request de DROP solicitada por el socket 9 !

[TRACE] 17:46:05:9 requests/(11051:11076): Request de SELECT recibida por el socket 9 !

[TRACE] 17:46:05:10 requests/(11051:11076): Request de SELECT terminada por el socket 9 !

[TRACE] 17:46:39:699 requests/(11051:11076): Request de CREATE recibida por el socket 9 !

[TRACE] 17:46:39:700 requests/(11051:11076): Request de CREATE terminada por el socket 9 !

[TRACE] 17:48:00:341 requests/(11051:11076): Request de DESCRIBE recibida por el socket 9 !

[TRACE] 17:48:00:342 requests/(11051:11076): Request de DESCRIBE terminada por el socket 9 !

[TRACE] 17:49:14:133 requests/(11051:11076): Request de DESCRIBE recibida por el socket 9 !

[TRACE] 17:49:14:134 requests/(11051:11076): Request de DESCRIBE terminada por el socket 9 !

[TRACE] 17:50:30:113 requests/(11051:11076): Request de INSERT recibida por el socket 9 !

[TRACE] 18:04:15:75 requests/(11477:11504): Request de DESCRIBE recibida por el socket 9 !

[TRACE] 18:04:15:75 requests/(11477:11504): Request de DESCRIBE terminada por el socket 9 !

[TRACE] 18:04:46:554 requests/(11477:11504): Request de INSERT recibida por el socket 9 !

[TRACE] 18:04:46:554 requests/(11477:11504): Request de INSERT terminada por el socket 9 !

[TRACE] 18:40:37:524 requests/(5285:5323): Request de DESCRIBE recibida por el socket 9 !

[TRACE] 18:40:37:545 requests/(5285:5323): Request de DESCRIBE terminada por el socket 9 !

[TRACE] 18:40:48:597 requests/(5285:5323): Request de DROP recibida por el socket 9 !

[TRACE] 18:40:48:615 requests/(5285:5323): Request de DROP solicitada por el socket 9 !

[TRACE] 18:41:09:837 requests/(5285:5323): Request de DESCRIBE recibida por el socket 9 !

[TRACE] 18:41:09:837 requests/(5285:5323): Request de DESCRIBE terminada por el socket 9 !

[TRACE] 18:57:07:786 requests/(5816:5835): Request de CREATE recibida por el socket 9 !

[TRACE] 18:57:07:786 requests/(5816:5835): Request de CREATE terminada por el socket 9 !

[TRACE] 18:58:11:540 requests/(5816:5835): Request de DESCRIBE recibida por el socket 9 !

[TRACE] 18:58:11:540 requests/(5816:5835): Request de DESCRIBE terminada por el socket 9 !

[TRACE] 18:58:24:235 requests/(5816:5835): Request de DROP recibida por el socket 9 !

[TRACE] 18:58:24:236 requests/(5816:5835): Request de DROP solicitada por el socket 9 !

[TRACE] 19:02:32:713 requests/(6006:6026): Request de DESCRIBE recibida por el socket 9 !

[TRACE] 19:02:32:713 requests/(6006:6026): Request de DESCRIBE terminada por el socket 9 !

[TRACE] 19:14:30:122 requests/(6286:6309): Request de DESCRIBE recibida por el socket 9 !

[TRACE] 19:14:30:122 requests/(6286:6309): Request de DESCRIBE terminada por el socket 9 !

[TRACE] 19:19:18:283 requests/(6522:6541): Request de CREATE recibida por el socket 9 !

[TRACE] 19:19:18:283 requests/(6522:6541): Request de CREATE terminada por el socket 9 !

[TRACE] 19:19:18:786 requests/(6522:6541): Request de DESCRIBE recibida por el socket 9 !

[TRACE] 19:19:18:786 requests/(6522:6541): Request de DESCRIBE terminada por el socket 9 !

[TRACE] 19:19:48:636 requests/(6522:6541): Request de INSERT recibida por el socket 9 !

[TRACE] 19:19:48:636 requests/(6522:6541): Request de INSERT terminada por el socket 9 !

[TRACE] 19:19:49:137 requests/(6522:6541): Request de INSERT recibida por el socket 9 !

[TRACE] 19:19:49:137 requests/(6522:6541): Request de INSERT terminada por el socket 9 !

[TRACE] 19:26:21:184 requests/(6522:6541): Request de DROP recibida por el socket 9 !

[TRACE] 19:26:21:189 requests/(6522:6541): Request de DROP solicitada por el socket 9 !

[TRACE] 19:51:54:478 requests/(7016:7035): Request de CREATE recibida por el socket 9 !

[TRACE] 19:51:54:479 requests/(7016:7035): Request de CREATE terminada por el socket 9 !

[TRACE] 19:51:54:979 requests/(7016:7035): Request de DESCRIBE recibida por el socket 9 !

[TRACE] 19:51:54:981 requests/(7016:7035): Request de DESCRIBE terminada por el socket 9 !

[TRACE] 19:52:33:836 requests/(7016:7035): Request de INSERT recibida por el socket 9 !

[TRACE] 19:52:33:836 requests/(7016:7035): Request de INSERT terminada por el socket 9 !

[TRACE] 19:52:34:337 requests/(7016:7035): Request de INSERT recibida por el socket 9 !

[TRACE] 19:52:34:337 requests/(7016:7035): Request de INSERT terminada por el socket 9 !

[TRACE] 19:56:57:766 requests/(7138:7159): Request de DESCRIBE recibida por el socket 9 !

[TRACE] 19:56:57:768 requests/(7138:7159): Request de DESCRIBE terminada por el socket 9 !

[TRACE] 19:57:00:462 requests/(7138:7159): Request de DROP recibida por el socket 9 !

[TRACE] 19:57:00:464 requests/(7138:7159): Request de DROP solicitada por el socket 9 !

[TRACE] 19:57:15:681 requests/(7138:7159): Request de CREATE recibida por el socket 9 !

[TRACE] 19:57:15:682 requests/(7138:7159): Request de CREATE terminada por el socket 9 !

[TRACE] 19:57:16:182 requests/(7138:7159): Request de DESCRIBE recibida por el socket 9 !

[TRACE] 19:57:16:183 requests/(7138:7159): Request de DESCRIBE terminada por el socket 9 !

[TRACE] 19:57:23:117 requests/(7138:7159): Request de INSERT recibida por el socket 9 !

[TRACE] 19:57:23:117 requests/(7138:7159): Request de INSERT terminada por el socket 9 !

[TRACE] 19:57:23:617 requests/(7138:7159): Request de INSERT recibida por el socket 9 !

[TRACE] 19:57:23:618 requests/(7138:7159): Request de INSERT terminada por el socket 9 !

[TRACE] 20:00:01:862 requests/(7138:7159): Request de SELECT recibida por el socket 9 !

[TRACE] 20:00:01:863 requests/(7138:7159): Request de SELECT terminada por el socket 9 !

[TRACE] 20:00:35:6 requests/(7138:7159): Request de DROP recibida por el socket 9 !

[TRACE] 20:00:35:7 requests/(7138:7159): Request de DROP solicitada por el socket 9 !

