[INFO] 10:20:12:14 Servidor/(5288:5288): Servidor listo para recibir al cliente
[INFO] 10:36:51:384 Servidor/(5995:5995): Servidor listo para recibir al cliente
[INFO] 10:36:51:391 Servidor/(5995:5995): Se conecto un cliente!
[INFO] 10:36:51:391 Servidor/(5995:5995): Paso algo raro.
[INFO] 12:22:15:997 Servidor/(7275:7275): Servidor listo para recibir al cliente
[INFO] 12:22:53:43 Servidor/(7275:7275): Se conecto un cliente!
[INFO] 12:23:33:885 Servidor/(7275:7275): me llego el mensaje: primero  
[INFO] 12:24:52:227 Servidor/(7466:7466): Servidor listo para recibir al cliente
[INFO] 12:24:56:10 Servidor/(7466:7466): Se conecto un cliente!
[INFO] 12:24:56:11 Servidor/(7466:7466): me llego el mensaje: primero  
[INFO] 12:44:20:467 Servidor/(8805:8805): Servidor listo para recibir al cliente
[INFO] 12:44:43:636 Servidor/(8805:8805): Se conecto un cliente!
[INFO] 12:47:45:322 Servidor/(8805:8805): me llego el mensaje: Harr 
[INFO] 12:51:42:975 Servidor/(9161:9161): Servidor listo para recibir al cliente
[INFO] 12:51:48:276 Servidor/(9161:9161): Se conecto un cliente!
[INFO] 12:51:48:277 Servidor/(9161:9161): me llego el mensaje: Harry Potter y la piedra filosofal 
[INFO] 20:37:29:303 Servidor/(6295:6295): Servidor listo para recibir al cliente
[INFO] 20:37:29:305 Servidor/(6295:6295): Se conecto un cliente!
[INFO] 20:37:29:305 Servidor/(6295:6295): Paso algo raro.
[INFO] 20:37:59:786 Servidor/(6307:6307): Servidor listo para recibir al cliente
[INFO] 20:37:59:790 Servidor/(6307:6307): Se conecto un cliente!
[INFO] 20:37:59:790 Servidor/(6307:6307): Paso algo raro.
[INFO] 20:39:44:904 Servidor/(6348:6348): Servidor listo para recibir al cliente
[INFO] 20:39:44:909 Servidor/(6348:6348): Se conecto un cliente!
[INFO] 20:39:44:909 Servidor/(6348:6348): Paso algo raro.
[INFO] 20:39:59:320 Servidor/(6369:6369): Servidor listo para recibir al cliente
[INFO] 20:39:59:323 Servidor/(6369:6369): Se conecto un cliente!
[INFO] 20:39:59:324 Servidor/(6369:6369): Paso algo raro.
[INFO] 20:40:34:219 Servidor/(6387:6387): Servidor listo para recibir al cliente
[INFO] 20:40:56:732 Servidor/(6400:6400): Servidor listo para recibir al cliente
[INFO] 20:40:56:746 Servidor/(6400:6400): Se conecto un cliente!
[INFO] 20:40:56:746 Servidor/(6400:6400): Paso algo raro.
[INFO] 20:41:06:670 Servidor/(6417:6417): Servidor listo para recibir al cliente
[INFO] 20:41:28:422 Servidor/(6417:6417): Se conecto un cliente!
[INFO] 20:41:34:393 Servidor/(6417:6417): Paso algo raro.
