[INFO] 15:00:40:637 Metricas/(17896:17902): >>>>>>>>>>EJECUCION HILO METRICS<<<<<<<<<

[INFO] 15:00:40:637 Metricas/(17896:17902): >>STRONG CONSISTENCY<<

[INFO] 15:00:40:637 Metricas/(17896:17902): >Read Latency : 0
[INFO] 15:00:40:637 Metricas/(17896:17902): >Write Latency : 0
[INFO] 15:00:40:637 Metricas/(17896:17902): >Reads : 0
[INFO] 15:00:40:637 Metricas/(17896:17902): >Writes : 0

[INFO] 15:00:40:637 Metricas/(17896:17902): >>EVENTUAL  CONSISTENCY<<

[INFO] 15:00:40:637 Metricas/(17896:17902): >Read Latency : 0
[INFO] 15:00:40:637 Metricas/(17896:17902): >Write Latency : 0
[INFO] 15:00:40:637 Metricas/(17896:17902): >Reads : 0
[INFO] 15:00:40:637 Metricas/(17896:17902): >Writes : 0

[INFO] 15:00:40:637 Metricas/(17896:17902): >>STRONG HASH CONSISTENCY<<

[INFO] 15:00:40:637 Metricas/(17896:17902): >Read Latency : 0
[INFO] 15:00:40:637 Metricas/(17896:17902): >Write Latency : 0
[INFO] 15:00:40:637 Metricas/(17896:17902): >Reads : 0
[INFO] 15:00:40:637 Metricas/(17896:17902): >Writes : 0

[INFO] 15:00:40:637 Metricas/(17896:17902): --->MEMORY LOAD<---

[INFO] 15:00:40:637 Metricas/(17896:17902): Memoria 5 : 
[INFO] 15:00:40:637 Metricas/(17896:17902): 0 Ejecuciones  ->  0 % Memory load

[INFO] 15:00:40:637 Metricas/(17896:17902): Memoria 2 : 
[INFO] 15:00:40:637 Metricas/(17896:17902): 0 Ejecuciones  ->  0 % Memory load

[INFO] 15:00:40:637 Metricas/(17896:17902): Memoria 1 : 
[INFO] 15:00:40:637 Metricas/(17896:17902): 979462514 Ejecuciones  ->  0 % Memory load

[INFO] 15:00:40:637 Metricas/(17896:17902): Memoria 3 : 
[INFO] 15:00:40:637 Metricas/(17896:17902): 979462514 Ejecuciones  ->  0 % Memory load

[INFO] 15:00:40:637 Metricas/(17896:17902): Memoria 4 : 
[INFO] 15:00:40:637 Metricas/(17896:17902): 979462514 Ejecuciones  ->  0 % Memory load

[INFO] 15:01:10:638 Metricas/(17896:17902): >>>>>>>>>>EJECUCION HILO METRICS<<<<<<<<<

[INFO] 15:01:10:639 Metricas/(17896:17902): >>STRONG CONSISTENCY<<

[INFO] 15:01:10:639 Metricas/(17896:17902): >Read Latency : 0
[INFO] 15:01:10:639 Metricas/(17896:17902): >Write Latency : 0
[INFO] 15:01:10:639 Metricas/(17896:17902): >Reads : 0
[INFO] 15:01:10:639 Metricas/(17896:17902): >Writes : 0

[INFO] 15:01:10:639 Metricas/(17896:17902): >>EVENTUAL  CONSISTENCY<<

[INFO] 15:01:10:639 Metricas/(17896:17902): >Read Latency : 0
[INFO] 15:01:10:639 Metricas/(17896:17902): >Write Latency : 0
[INFO] 15:01:10:639 Metricas/(17896:17902): >Reads : 0
[INFO] 15:01:10:639 Metricas/(17896:17902): >Writes : 0

[INFO] 15:01:10:639 Metricas/(17896:17902): >>STRONG HASH CONSISTENCY<<

[INFO] 15:01:10:639 Metricas/(17896:17902): >Read Latency : 0
[INFO] 15:01:10:639 Metricas/(17896:17902): >Write Latency : 0
[INFO] 15:01:10:639 Metricas/(17896:17902): >Reads : 0
[INFO] 15:01:10:639 Metricas/(17896:17902): >Writes : 0

[INFO] 15:01:10:639 Metricas/(17896:17902): --->MEMORY LOAD<---

[INFO] 15:01:10:639 Metricas/(17896:17902): Memoria 5 : 
[INFO] 15:01:10:639 Metricas/(17896:17902): 0 Ejecuciones  ->  0 % Memory load

[INFO] 15:01:10:639 Metricas/(17896:17902): Memoria 2 : 
[INFO] 15:01:10:639 Metricas/(17896:17902): 0 Ejecuciones  ->  0 % Memory load

[INFO] 15:01:10:639 Metricas/(17896:17902): Memoria 1 : 
[INFO] 15:01:10:639 Metricas/(17896:17902): 0 Ejecuciones  ->  0 % Memory load

[INFO] 15:01:10:639 Metricas/(17896:17902): Memoria 3 : 
[INFO] 15:01:10:639 Metricas/(17896:17902): 0 Ejecuciones  ->  0 % Memory load

[INFO] 15:01:10:639 Metricas/(17896:17902): Memoria 4 : 
[INFO] 15:01:10:639 Metricas/(17896:17902): 0 Ejecuciones  ->  0 % Memory load

[INFO] 15:01:40:639 Metricas/(17896:17902): >>>>>>>>>>EJECUCION HILO METRICS<<<<<<<<<

[INFO] 15:01:40:639 Metricas/(17896:17902): >>STRONG CONSISTENCY<<

[INFO] 15:01:40:639 Metricas/(17896:17902): >Read Latency : 0
[INFO] 15:01:40:639 Metricas/(17896:17902): >Write Latency : 0
[INFO] 15:01:40:639 Metricas/(17896:17902): >Reads : 522
[INFO] 15:01:40:639 Metricas/(17896:17902): >Writes : 976

[INFO] 15:01:40:639 Metricas/(17896:17902): >>EVENTUAL  CONSISTENCY<<

[INFO] 15:01:40:639 Metricas/(17896:17902): >Read Latency : 0
[INFO] 15:01:40:639 Metricas/(17896:17902): >Write Latency : 0
[INFO] 15:01:40:639 Metricas/(17896:17902): >Reads : 0
[INFO] 15:01:40:639 Metricas/(17896:17902): >Writes : 0

[INFO] 15:01:40:639 Metricas/(17896:17902): >>STRONG HASH CONSISTENCY<<

[INFO] 15:01:40:639 Metricas/(17896:17902): >Read Latency : 0
[INFO] 15:01:40:639 Metricas/(17896:17902): >Write Latency : 0
[INFO] 15:01:40:639 Metricas/(17896:17902): >Reads : 0
[INFO] 15:01:40:639 Metricas/(17896:17902): >Writes : 0

[INFO] 15:01:40:639 Metricas/(17896:17902): --->MEMORY LOAD<---

[INFO] 15:01:40:639 Metricas/(17896:17902): Memoria 5 : 
[INFO] 15:01:40:639 Metricas/(17896:17902): 1498 Ejecuciones  ->  100 % Memory load

[INFO] 15:01:40:639 Metricas/(17896:17902): Memoria 2 : 
[INFO] 15:01:40:639 Metricas/(17896:17902): 0 Ejecuciones  ->  0 % Memory load

[INFO] 15:01:40:639 Metricas/(17896:17902): Memoria 1 : 
[INFO] 15:01:40:639 Metricas/(17896:17902): 0 Ejecuciones  ->  0 % Memory load

[INFO] 15:01:40:639 Metricas/(17896:17902): Memoria 3 : 
[INFO] 15:01:40:639 Metricas/(17896:17902): 0 Ejecuciones  ->  0 % Memory load

[INFO] 15:01:40:639 Metricas/(17896:17902): Memoria 4 : 
[INFO] 15:01:40:639 Metricas/(17896:17902): 0 Ejecuciones  ->  0 % Memory load

[INFO] 15:02:10:640 Metricas/(17896:17902): >>>>>>>>>>EJECUCION HILO METRICS<<<<<<<<<

[INFO] 15:02:10:640 Metricas/(17896:17902): >>STRONG CONSISTENCY<<

[INFO] 15:02:10:640 Metricas/(17896:17902): >Read Latency : 0
[INFO] 15:02:10:640 Metricas/(17896:17902): >Write Latency : 0
[INFO] 15:02:10:640 Metricas/(17896:17902): >Reads : 0
[INFO] 15:02:10:640 Metricas/(17896:17902): >Writes : 0

[INFO] 15:02:10:640 Metricas/(17896:17902): >>EVENTUAL  CONSISTENCY<<

[INFO] 15:02:10:640 Metricas/(17896:17902): >Read Latency : 0
[INFO] 15:02:10:640 Metricas/(17896:17902): >Write Latency : 0
[INFO] 15:02:10:640 Metricas/(17896:17902): >Reads : 0
[INFO] 15:02:10:640 Metricas/(17896:17902): >Writes : 0

[INFO] 15:02:10:640 Metricas/(17896:17902): >>STRONG HASH CONSISTENCY<<

[INFO] 15:02:10:640 Metricas/(17896:17902): >Read Latency : 0
[INFO] 15:02:10:640 Metricas/(17896:17902): >Write Latency : 0
[INFO] 15:02:10:640 Metricas/(17896:17902): >Reads : 0
[INFO] 15:02:10:640 Metricas/(17896:17902): >Writes : 0

[INFO] 15:02:10:640 Metricas/(17896:17902): --->MEMORY LOAD<---

[INFO] 15:02:10:640 Metricas/(17896:17902): Memoria 5 : 
[INFO] 15:02:10:640 Metricas/(17896:17902): 0 Ejecuciones  ->  0 % Memory load

[INFO] 15:02:10:640 Metricas/(17896:17902): Memoria 2 : 
[INFO] 15:02:10:640 Metricas/(17896:17902): 0 Ejecuciones  ->  0 % Memory load

[INFO] 15:02:10:640 Metricas/(17896:17902): Memoria 1 : 
[INFO] 15:02:10:640 Metricas/(17896:17902): 0 Ejecuciones  ->  0 % Memory load

[INFO] 15:02:10:640 Metricas/(17896:17902): Memoria 3 : 
[INFO] 15:02:10:640 Metricas/(17896:17902): 0 Ejecuciones  ->  0 % Memory load

[INFO] 15:02:10:640 Metricas/(17896:17902): Memoria 4 : 
[INFO] 15:02:10:640 Metricas/(17896:17902): 0 Ejecuciones  ->  0 % Memory load

[INFO] 15:02:40:641 Metricas/(17896:17902): >>>>>>>>>>EJECUCION HILO METRICS<<<<<<<<<

[INFO] 15:02:40:641 Metricas/(17896:17902): >>STRONG CONSISTENCY<<

[INFO] 15:02:40:641 Metricas/(17896:17902): >Read Latency : 0
[INFO] 15:02:40:641 Metricas/(17896:17902): >Write Latency : 0
[INFO] 15:02:40:641 Metricas/(17896:17902): >Reads : 520
[INFO] 15:02:40:641 Metricas/(17896:17902): >Writes : 1032

[INFO] 15:02:40:641 Metricas/(17896:17902): >>EVENTUAL  CONSISTENCY<<

[INFO] 15:02:40:641 Metricas/(17896:17902): >Read Latency : 0
[INFO] 15:02:40:641 Metricas/(17896:17902): >Write Latency : 0
[INFO] 15:02:40:641 Metricas/(17896:17902): >Reads : 506
[INFO] 15:02:40:641 Metricas/(17896:17902): >Writes : 940

[INFO] 15:02:40:641 Metricas/(17896:17902): >>STRONG HASH CONSISTENCY<<

[INFO] 15:02:40:641 Metricas/(17896:17902): >Read Latency : 0
[INFO] 15:02:40:641 Metricas/(17896:17902): >Write Latency : 0
[INFO] 15:02:40:641 Metricas/(17896:17902): >Reads : 0
[INFO] 15:02:40:641 Metricas/(17896:17902): >Writes : 0

[INFO] 15:02:40:641 Metricas/(17896:17902): --->MEMORY LOAD<---

[INFO] 15:02:40:641 Metricas/(17896:17902): Memoria 5 : 
[INFO] 15:02:40:641 Metricas/(17896:17902): 2053 Ejecuciones  ->  0 % Memory load

[INFO] 15:02:40:642 Metricas/(17896:17902): Memoria 2 : 
[INFO] 15:02:40:642 Metricas/(17896:17902): 487 Ejecuciones  ->  0 % Memory load

[INFO] 15:02:40:642 Metricas/(17896:17902): Memoria 1 : 
[INFO] 15:02:40:642 Metricas/(17896:17902): 0 Ejecuciones  ->  0 % Memory load

[INFO] 15:02:40:642 Metricas/(17896:17902): Memoria 3 : 
[INFO] 15:02:40:642 Metricas/(17896:17902): 498 Ejecuciones  ->  0 % Memory load

[INFO] 15:02:40:642 Metricas/(17896:17902): Memoria 4 : 
[INFO] 15:02:40:642 Metricas/(17896:17902): 0 Ejecuciones  ->  0 % Memory load

[INFO] 15:03:10:643 Metricas/(17896:17902): >>>>>>>>>>EJECUCION HILO METRICS<<<<<<<<<

[INFO] 15:03:10:643 Metricas/(17896:17902): >>STRONG CONSISTENCY<<

[INFO] 15:03:10:643 Metricas/(17896:17902): >Read Latency : 0
[INFO] 15:03:10:643 Metricas/(17896:17902): >Write Latency : 0
[INFO] 15:03:10:643 Metricas/(17896:17902): >Reads : 0
[INFO] 15:03:10:643 Metricas/(17896:17902): >Writes : 0

[INFO] 15:03:10:643 Metricas/(17896:17902): >>EVENTUAL  CONSISTENCY<<

[INFO] 15:03:10:643 Metricas/(17896:17902): >Read Latency : 0
[INFO] 15:03:10:643 Metricas/(17896:17902): >Write Latency : 0
[INFO] 15:03:10:643 Metricas/(17896:17902): >Reads : 0
[INFO] 15:03:10:643 Metricas/(17896:17902): >Writes : 0

[INFO] 15:03:10:643 Metricas/(17896:17902): >>STRONG HASH CONSISTENCY<<

[INFO] 15:03:10:643 Metricas/(17896:17902): >Read Latency : 0
[INFO] 15:03:10:643 Metricas/(17896:17902): >Write Latency : 0
[INFO] 15:03:10:643 Metricas/(17896:17902): >Reads : 0
[INFO] 15:03:10:643 Metricas/(17896:17902): >Writes : 0

[INFO] 15:03:10:643 Metricas/(17896:17902): --->MEMORY LOAD<---

[INFO] 15:03:10:643 Metricas/(17896:17902): Memoria 5 : 
[INFO] 15:03:10:643 Metricas/(17896:17902): 0 Ejecuciones  ->  0 % Memory load

[INFO] 15:03:10:643 Metricas/(17896:17902): Memoria 2 : 
[INFO] 15:03:10:643 Metricas/(17896:17902): 0 Ejecuciones  ->  0 % Memory load

[INFO] 15:03:10:643 Metricas/(17896:17902): Memoria 1 : 
[INFO] 15:03:10:643 Metricas/(17896:17902): 0 Ejecuciones  ->  0 % Memory load

[INFO] 15:03:10:643 Metricas/(17896:17902): Memoria 3 : 
[INFO] 15:03:10:643 Metricas/(17896:17902): 0 Ejecuciones  ->  0 % Memory load

[INFO] 15:03:10:643 Metricas/(17896:17902): Memoria 4 : 
[INFO] 15:03:10:643 Metricas/(17896:17902): 0 Ejecuciones  ->  0 % Memory load

[INFO] 15:03:40:643 Metricas/(17896:17902): >>>>>>>>>>EJECUCION HILO METRICS<<<<<<<<<

[INFO] 15:03:40:643 Metricas/(17896:17902): >>STRONG CONSISTENCY<<

[INFO] 15:03:40:643 Metricas/(17896:17902): >Read Latency : 0
[INFO] 15:03:40:643 Metricas/(17896:17902): >Write Latency : 0
[INFO] 15:03:40:643 Metricas/(17896:17902): >Reads : 0
[INFO] 15:03:40:643 Metricas/(17896:17902): >Writes : 0

[INFO] 15:03:40:643 Metricas/(17896:17902): >>EVENTUAL  CONSISTENCY<<

[INFO] 15:03:40:643 Metricas/(17896:17902): >Read Latency : 0
[INFO] 15:03:40:643 Metricas/(17896:17902): >Write Latency : 0
[INFO] 15:03:40:643 Metricas/(17896:17902): >Reads : 1
[INFO] 15:03:40:643 Metricas/(17896:17902): >Writes : 3

[INFO] 15:03:40:643 Metricas/(17896:17902): >>STRONG HASH CONSISTENCY<<

[INFO] 15:03:40:644 Metricas/(17896:17902): >Read Latency : 0
[INFO] 15:03:40:644 Metricas/(17896:17902): >Write Latency : 0
[INFO] 15:03:40:644 Metricas/(17896:17902): >Reads : 0
[INFO] 15:03:40:644 Metricas/(17896:17902): >Writes : 0

[INFO] 15:03:40:644 Metricas/(17896:17902): --->MEMORY LOAD<---

[INFO] 15:03:40:644 Metricas/(17896:17902): Memoria 5 : 
[INFO] 15:03:40:644 Metricas/(17896:17902): 2 Ejecuciones  ->  0 % Memory load

[INFO] 15:03:40:644 Metricas/(17896:17902): Memoria 2 : 
[INFO] 15:03:40:644 Metricas/(17896:17902): 1 Ejecuciones  ->  0 % Memory load

[INFO] 15:03:40:644 Metricas/(17896:17902): Memoria 1 : 
[INFO] 15:03:40:644 Metricas/(17896:17902): 0 Ejecuciones  ->  0 % Memory load

[INFO] 15:03:40:644 Metricas/(17896:17902): Memoria 3 : 
[INFO] 15:03:40:644 Metricas/(17896:17902): 2 Ejecuciones  ->  0 % Memory load

[INFO] 15:03:40:644 Metricas/(17896:17902): Memoria 4 : 
[INFO] 15:03:40:644 Metricas/(17896:17902): 0 Ejecuciones  ->  0 % Memory load

[INFO] 15:04:10:644 Metricas/(17896:17902): >>>>>>>>>>EJECUCION HILO METRICS<<<<<<<<<

[INFO] 15:04:10:644 Metricas/(17896:17902): >>STRONG CONSISTENCY<<

[INFO] 15:04:10:644 Metricas/(17896:17902): >Read Latency : 0
[INFO] 15:04:10:644 Metricas/(17896:17902): >Write Latency : 0
[INFO] 15:04:10:644 Metricas/(17896:17902): >Reads : 0
[INFO] 15:04:10:644 Metricas/(17896:17902): >Writes : 0

[INFO] 15:04:10:644 Metricas/(17896:17902): >>EVENTUAL  CONSISTENCY<<

[INFO] 15:04:10:644 Metricas/(17896:17902): >Read Latency : 0
[INFO] 15:04:10:644 Metricas/(17896:17902): >Write Latency : 0
[INFO] 15:04:10:644 Metricas/(17896:17902): >Reads : 0
[INFO] 15:04:10:644 Metricas/(17896:17902): >Writes : 0

[INFO] 15:04:10:644 Metricas/(17896:17902): >>STRONG HASH CONSISTENCY<<

[INFO] 15:04:10:644 Metricas/(17896:17902): >Read Latency : 0
[INFO] 15:04:10:644 Metricas/(17896:17902): >Write Latency : 0
[INFO] 15:04:10:644 Metricas/(17896:17902): >Reads : 0
[INFO] 15:04:10:644 Metricas/(17896:17902): >Writes : 0

[INFO] 15:04:10:644 Metricas/(17896:17902): --->MEMORY LOAD<---

[INFO] 15:04:10:644 Metricas/(17896:17902): Memoria 5 : 
[INFO] 15:04:10:644 Metricas/(17896:17902): 0 Ejecuciones  ->  0 % Memory load

[INFO] 15:04:10:644 Metricas/(17896:17902): Memoria 2 : 
[INFO] 15:04:10:644 Metricas/(17896:17902): 0 Ejecuciones  ->  0 % Memory load

[INFO] 15:04:10:644 Metricas/(17896:17902): Memoria 1 : 
[INFO] 15:04:10:644 Metricas/(17896:17902): 0 Ejecuciones  ->  0 % Memory load

[INFO] 15:04:10:644 Metricas/(17896:17902): Memoria 3 : 
[INFO] 15:04:10:644 Metricas/(17896:17902): 0 Ejecuciones  ->  0 % Memory load

[INFO] 15:04:10:644 Metricas/(17896:17902): Memoria 4 : 
[INFO] 15:04:10:644 Metricas/(17896:17902): 0 Ejecuciones  ->  0 % Memory load

[INFO] 15:04:40:645 Metricas/(17896:17902): >>>>>>>>>>EJECUCION HILO METRICS<<<<<<<<<

[INFO] 15:04:40:645 Metricas/(17896:17902): >>STRONG CONSISTENCY<<

[INFO] 15:04:40:645 Metricas/(17896:17902): >Read Latency : 0
[INFO] 15:04:40:645 Metricas/(17896:17902): >Write Latency : 0
[INFO] 15:04:40:645 Metricas/(17896:17902): >Reads : 0
[INFO] 15:04:40:645 Metricas/(17896:17902): >Writes : 0

[INFO] 15:04:40:645 Metricas/(17896:17902): >>EVENTUAL  CONSISTENCY<<

[INFO] 15:04:40:645 Metricas/(17896:17902): >Read Latency : 0
[INFO] 15:04:40:645 Metricas/(17896:17902): >Write Latency : 0
[INFO] 15:04:40:645 Metricas/(17896:17902): >Reads : 0
[INFO] 15:04:40:645 Metricas/(17896:17902): >Writes : 0

[INFO] 15:04:40:645 Metricas/(17896:17902): >>STRONG HASH CONSISTENCY<<

[INFO] 15:04:40:645 Metricas/(17896:17902): >Read Latency : 0
[INFO] 15:04:40:645 Metricas/(17896:17902): >Write Latency : 0
[INFO] 15:04:40:645 Metricas/(17896:17902): >Reads : 0
[INFO] 15:04:40:645 Metricas/(17896:17902): >Writes : 0

[INFO] 15:04:40:645 Metricas/(17896:17902): --->MEMORY LOAD<---

[INFO] 15:04:40:645 Metricas/(17896:17902): Memoria 5 : 
[INFO] 15:04:40:645 Metricas/(17896:17902): 0 Ejecuciones  ->  0 % Memory load

[INFO] 15:04:40:645 Metricas/(17896:17902): Memoria 2 : 
[INFO] 15:04:40:645 Metricas/(17896:17902): 0 Ejecuciones  ->  0 % Memory load

[INFO] 15:04:40:645 Metricas/(17896:17902): Memoria 1 : 
[INFO] 15:04:40:645 Metricas/(17896:17902): 0 Ejecuciones  ->  0 % Memory load

[INFO] 15:04:40:645 Metricas/(17896:17902): Memoria 3 : 
[INFO] 15:04:40:645 Metricas/(17896:17902): 0 Ejecuciones  ->  0 % Memory load

[INFO] 15:04:40:645 Metricas/(17896:17902): Memoria 4 : 
[INFO] 15:04:40:645 Metricas/(17896:17902): 0 Ejecuciones  ->  0 % Memory load

[INFO] 15:05:10:645 Metricas/(17896:17902): >>>>>>>>>>EJECUCION HILO METRICS<<<<<<<<<

[INFO] 15:05:10:646 Metricas/(17896:17902): >>STRONG CONSISTENCY<<

[INFO] 15:05:10:646 Metricas/(17896:17902): >Read Latency : 0
[INFO] 15:05:10:646 Metricas/(17896:17902): >Write Latency : 0
[INFO] 15:05:10:646 Metricas/(17896:17902): >Reads : 152
[INFO] 15:05:10:646 Metricas/(17896:17902): >Writes : 289

[INFO] 15:05:10:646 Metricas/(17896:17902): >>EVENTUAL  CONSISTENCY<<

[INFO] 15:05:10:646 Metricas/(17896:17902): >Read Latency : 0
[INFO] 15:05:10:646 Metricas/(17896:17902): >Write Latency : 0
[INFO] 15:05:10:646 Metricas/(17896:17902): >Reads : 149
[INFO] 15:05:10:646 Metricas/(17896:17902): >Writes : 261

[INFO] 15:05:10:646 Metricas/(17896:17902): >>STRONG HASH CONSISTENCY<<

[INFO] 15:05:10:646 Metricas/(17896:17902): >Read Latency : 0
[INFO] 15:05:10:646 Metricas/(17896:17902): >Write Latency : 0
[INFO] 15:05:10:646 Metricas/(17896:17902): >Reads : 0
[INFO] 15:05:10:646 Metricas/(17896:17902): >Writes : 0

[INFO] 15:05:10:646 Metricas/(17896:17902): --->MEMORY LOAD<---

[INFO] 15:05:10:646 Metricas/(17896:17902): Memoria 5 : 
[INFO] 15:05:10:646 Metricas/(17896:17902): 583 Ejecuciones  ->  0 % Memory load

[INFO] 15:05:10:646 Metricas/(17896:17902): Memoria 2 : 
[INFO] 15:05:10:646 Metricas/(17896:17902): 139 Ejecuciones  ->  0 % Memory load

[INFO] 15:05:10:646 Metricas/(17896:17902): Memoria 1 : 
[INFO] 15:05:10:646 Metricas/(17896:17902): 0 Ejecuciones  ->  0 % Memory load

[INFO] 15:05:10:646 Metricas/(17896:17902): Memoria 3 : 
[INFO] 15:05:10:646 Metricas/(17896:17902): 150 Ejecuciones  ->  0 % Memory load

[INFO] 15:05:10:646 Metricas/(17896:17902): Memoria 4 : 
[INFO] 15:05:10:646 Metricas/(17896:17902): 0 Ejecuciones  ->  0 % Memory load

[INFO] 15:05:40:649 Metricas/(17896:17902): >>>>>>>>>>EJECUCION HILO METRICS<<<<<<<<<

[INFO] 15:05:40:649 Metricas/(17896:17902): >>STRONG CONSISTENCY<<

[INFO] 15:05:40:649 Metricas/(17896:17902): >Read Latency : 0
[INFO] 15:05:40:649 Metricas/(17896:17902): >Write Latency : 0
[INFO] 15:05:40:649 Metricas/(17896:17902): >Reads : 357
[INFO] 15:05:40:649 Metricas/(17896:17902): >Writes : 683

[INFO] 15:05:40:649 Metricas/(17896:17902): >>EVENTUAL  CONSISTENCY<<

[INFO] 15:05:40:650 Metricas/(17896:17902): >Read Latency : 0
[INFO] 15:05:40:650 Metricas/(17896:17902): >Write Latency : 0
[INFO] 15:05:40:650 Metricas/(17896:17902): >Reads : 374
[INFO] 15:05:40:650 Metricas/(17896:17902): >Writes : 737

[INFO] 15:05:40:650 Metricas/(17896:17902): >>STRONG HASH CONSISTENCY<<

[INFO] 15:05:40:650 Metricas/(17896:17902): >Read Latency : 0
[INFO] 15:05:40:650 Metricas/(17896:17902): >Write Latency : 0
[INFO] 15:05:40:650 Metricas/(17896:17902): >Reads : 0
[INFO] 15:05:40:650 Metricas/(17896:17902): >Writes : 0

[INFO] 15:05:40:650 Metricas/(17896:17902): --->MEMORY LOAD<---

[INFO] 15:05:40:650 Metricas/(17896:17902): Memoria 5 : 
[INFO] 15:05:40:650 Metricas/(17896:17902): 1424 Ejecuciones  ->  0 % Memory load

[INFO] 15:05:40:650 Metricas/(17896:17902): Memoria 2 : 
[INFO] 15:05:40:650 Metricas/(17896:17902): 372 Ejecuciones  ->  0 % Memory load

[INFO] 15:05:40:650 Metricas/(17896:17902): Memoria 1 : 
[INFO] 15:05:40:650 Metricas/(17896:17902): 0 Ejecuciones  ->  0 % Memory load

[INFO] 15:05:40:650 Metricas/(17896:17902): Memoria 3 : 
[INFO] 15:05:40:650 Metricas/(17896:17902): 378 Ejecuciones  ->  0 % Memory load

[INFO] 15:05:40:650 Metricas/(17896:17902): Memoria 4 : 
[INFO] 15:05:40:650 Metricas/(17896:17902): 0 Ejecuciones  ->  0 % Memory load

[INFO] 15:06:10:650 Metricas/(17896:17902): >>>>>>>>>>EJECUCION HILO METRICS<<<<<<<<<

[INFO] 15:06:10:650 Metricas/(17896:17902): >>STRONG CONSISTENCY<<

[INFO] 15:06:10:650 Metricas/(17896:17902): >Read Latency : 0
[INFO] 15:06:10:650 Metricas/(17896:17902): >Write Latency : 0
[INFO] 15:06:10:650 Metricas/(17896:17902): >Reads : 0
[INFO] 15:06:10:650 Metricas/(17896:17902): >Writes : 0

[INFO] 15:06:10:650 Metricas/(17896:17902): >>EVENTUAL  CONSISTENCY<<

[INFO] 15:06:10:650 Metricas/(17896:17902): >Read Latency : 0
[INFO] 15:06:10:650 Metricas/(17896:17902): >Write Latency : 0
[INFO] 15:06:10:650 Metricas/(17896:17902): >Reads : 0
[INFO] 15:06:10:650 Metricas/(17896:17902): >Writes : 0

[INFO] 15:06:10:650 Metricas/(17896:17902): >>STRONG HASH CONSISTENCY<<

[INFO] 15:06:10:650 Metricas/(17896:17902): >Read Latency : 0
[INFO] 15:06:10:650 Metricas/(17896:17902): >Write Latency : 0
[INFO] 15:06:10:650 Metricas/(17896:17902): >Reads : 0
[INFO] 15:06:10:650 Metricas/(17896:17902): >Writes : 0

[INFO] 15:06:10:650 Metricas/(17896:17902): --->MEMORY LOAD<---

[INFO] 15:06:10:650 Metricas/(17896:17902): Memoria 5 : 
[INFO] 15:06:10:650 Metricas/(17896:17902): 0 Ejecuciones  ->  0 % Memory load

[INFO] 15:06:10:650 Metricas/(17896:17902): Memoria 2 : 
[INFO] 15:06:10:651 Metricas/(17896:17902): 0 Ejecuciones  ->  0 % Memory load

[INFO] 15:06:10:651 Metricas/(17896:17902): Memoria 1 : 
[INFO] 15:06:10:651 Metricas/(17896:17902): 0 Ejecuciones  ->  0 % Memory load

[INFO] 15:06:10:651 Metricas/(17896:17902): Memoria 3 : 
[INFO] 15:06:10:651 Metricas/(17896:17902): 0 Ejecuciones  ->  0 % Memory load

[INFO] 15:06:10:651 Metricas/(17896:17902): Memoria 4 : 
[INFO] 15:06:10:651 Metricas/(17896:17902): 0 Ejecuciones  ->  0 % Memory load

[INFO] 15:06:40:651 Metricas/(17896:17902): >>>>>>>>>>EJECUCION HILO METRICS<<<<<<<<<

[INFO] 15:06:40:651 Metricas/(17896:17902): >>STRONG CONSISTENCY<<

[INFO] 15:06:40:651 Metricas/(17896:17902): >Read Latency : 0
[INFO] 15:06:40:651 Metricas/(17896:17902): >Write Latency : 0
[INFO] 15:06:40:651 Metricas/(17896:17902): >Reads : 0
[INFO] 15:06:40:651 Metricas/(17896:17902): >Writes : 0

[INFO] 15:06:40:651 Metricas/(17896:17902): >>EVENTUAL  CONSISTENCY<<

[INFO] 15:06:40:651 Metricas/(17896:17902): >Read Latency : 0
[INFO] 15:06:40:651 Metricas/(17896:17902): >Write Latency : 0
[INFO] 15:06:40:651 Metricas/(17896:17902): >Reads : 0
[INFO] 15:06:40:651 Metricas/(17896:17902): >Writes : 0

[INFO] 15:06:40:651 Metricas/(17896:17902): >>STRONG HASH CONSISTENCY<<

[INFO] 15:06:40:651 Metricas/(17896:17902): >Read Latency : 0
[INFO] 15:06:40:651 Metricas/(17896:17902): >Write Latency : 0
[INFO] 15:06:40:651 Metricas/(17896:17902): >Reads : 0
[INFO] 15:06:40:651 Metricas/(17896:17902): >Writes : 0

[INFO] 15:06:40:651 Metricas/(17896:17902): --->MEMORY LOAD<---

[INFO] 15:06:40:651 Metricas/(17896:17902): Memoria 5 : 
[INFO] 15:06:40:651 Metricas/(17896:17902): 0 Ejecuciones  ->  0 % Memory load

[INFO] 15:06:40:651 Metricas/(17896:17902): Memoria 2 : 
[INFO] 15:06:40:651 Metricas/(17896:17902): 0 Ejecuciones  ->  0 % Memory load

[INFO] 15:06:40:651 Metricas/(17896:17902): Memoria 1 : 
[INFO] 15:06:40:651 Metricas/(17896:17902): 0 Ejecuciones  ->  0 % Memory load

[INFO] 15:06:40:651 Metricas/(17896:17902): Memoria 3 : 
[INFO] 15:06:40:651 Metricas/(17896:17902): 0 Ejecuciones  ->  0 % Memory load

[INFO] 15:06:40:651 Metricas/(17896:17902): Memoria 4 : 
[INFO] 15:06:40:651 Metricas/(17896:17902): 0 Ejecuciones  ->  0 % Memory load

[INFO] 16:26:48:223 Metricas/(14943:14949): >>>>>>>>>>EJECUCION HILO METRICS<<<<<<<<<

[INFO] 16:26:48:223 Metricas/(14943:14949): >>STRONG CONSISTENCY<<

[INFO] 16:26:48:223 Metricas/(14943:14949): >Read Latency : 0
[INFO] 16:26:48:223 Metricas/(14943:14949): >Write Latency : 0
[INFO] 16:26:48:223 Metricas/(14943:14949): >Reads : 0
[INFO] 16:26:48:223 Metricas/(14943:14949): >Writes : 0

[INFO] 16:26:48:223 Metricas/(14943:14949): >>EVENTUAL  CONSISTENCY<<

[INFO] 16:26:48:223 Metricas/(14943:14949): >Read Latency : 0
[INFO] 16:26:48:223 Metricas/(14943:14949): >Write Latency : 0
[INFO] 16:26:48:223 Metricas/(14943:14949): >Reads : 0
[INFO] 16:26:48:223 Metricas/(14943:14949): >Writes : 0

[INFO] 16:26:48:223 Metricas/(14943:14949): >>STRONG HASH CONSISTENCY<<

[INFO] 16:26:48:223 Metricas/(14943:14949): >Read Latency : 0
[INFO] 16:26:48:223 Metricas/(14943:14949): >Write Latency : 0
[INFO] 16:26:48:223 Metricas/(14943:14949): >Reads : 0
[INFO] 16:26:48:223 Metricas/(14943:14949): >Writes : 0

[INFO] 16:26:48:223 Metricas/(14943:14949): --->MEMORY LOAD<---

[INFO] 16:26:48:223 Metricas/(14943:14949): Memoria 1 : 
[INFO] 16:26:48:223 Metricas/(14943:14949): 0 Ejecuciones  ->  0 % Memory load

[INFO] 16:30:53:833 Metricas/(15143:15149): >>>>>>>>>>EJECUCION HILO METRICS<<<<<<<<<

[INFO] 16:30:53:833 Metricas/(15143:15149): >>STRONG CONSISTENCY<<

[INFO] 16:30:53:833 Metricas/(15143:15149): >Read Latency : 0
[INFO] 16:30:53:833 Metricas/(15143:15149): >Write Latency : 0
[INFO] 16:30:53:833 Metricas/(15143:15149): >Reads : 0
[INFO] 16:30:53:833 Metricas/(15143:15149): >Writes : 0

[INFO] 16:30:53:833 Metricas/(15143:15149): >>EVENTUAL  CONSISTENCY<<

[INFO] 16:30:53:833 Metricas/(15143:15149): >Read Latency : 0
[INFO] 16:30:53:833 Metricas/(15143:15149): >Write Latency : 0
[INFO] 16:30:53:833 Metricas/(15143:15149): >Reads : 0
[INFO] 16:30:53:833 Metricas/(15143:15149): >Writes : 0

[INFO] 16:30:53:833 Metricas/(15143:15149): >>STRONG HASH CONSISTENCY<<

[INFO] 16:30:53:833 Metricas/(15143:15149): >Read Latency : 0
[INFO] 16:30:53:833 Metricas/(15143:15149): >Write Latency : 0
[INFO] 16:30:53:833 Metricas/(15143:15149): >Reads : 0
[INFO] 16:30:53:833 Metricas/(15143:15149): >Writes : 0

[INFO] 16:30:53:833 Metricas/(15143:15149): --->MEMORY LOAD<---

[INFO] 16:30:53:833 Metricas/(15143:15149): Memoria 1 : 
[INFO] 16:30:53:833 Metricas/(15143:15149): 0 Ejecuciones  ->  0 % Memory load

[INFO] 16:31:23:834 Metricas/(15143:15149): >>>>>>>>>>EJECUCION HILO METRICS<<<<<<<<<

[INFO] 16:31:23:834 Metricas/(15143:15149): >>STRONG CONSISTENCY<<

[INFO] 16:31:23:834 Metricas/(15143:15149): >Read Latency : 0
[INFO] 16:31:23:834 Metricas/(15143:15149): >Write Latency : 0
[INFO] 16:31:23:834 Metricas/(15143:15149): >Reads : 0
[INFO] 16:31:23:834 Metricas/(15143:15149): >Writes : 0

[INFO] 16:31:23:834 Metricas/(15143:15149): >>EVENTUAL  CONSISTENCY<<

[INFO] 16:31:23:834 Metricas/(15143:15149): >Read Latency : 0
[INFO] 16:31:23:834 Metricas/(15143:15149): >Write Latency : 0
[INFO] 16:31:23:834 Metricas/(15143:15149): >Reads : 0
[INFO] 16:31:23:834 Metricas/(15143:15149): >Writes : 0

[INFO] 16:31:23:834 Metricas/(15143:15149): >>STRONG HASH CONSISTENCY<<

[INFO] 16:31:23:834 Metricas/(15143:15149): >Read Latency : 0
[INFO] 16:31:23:834 Metricas/(15143:15149): >Write Latency : 0
[INFO] 16:31:23:834 Metricas/(15143:15149): >Reads : 0
[INFO] 16:31:23:834 Metricas/(15143:15149): >Writes : 0

[INFO] 16:31:23:834 Metricas/(15143:15149): --->MEMORY LOAD<---

[INFO] 16:31:23:834 Metricas/(15143:15149): Memoria 1 : 
[INFO] 16:31:23:834 Metricas/(15143:15149): 0 Ejecuciones  ->  0 % Memory load

[INFO] 16:31:53:834 Metricas/(15143:15149): >>>>>>>>>>EJECUCION HILO METRICS<<<<<<<<<

[INFO] 16:31:53:834 Metricas/(15143:15149): >>STRONG CONSISTENCY<<

[INFO] 16:31:53:834 Metricas/(15143:15149): >Read Latency : 0
[INFO] 16:31:53:834 Metricas/(15143:15149): >Write Latency : 0
[INFO] 16:31:53:834 Metricas/(15143:15149): >Reads : 0
[INFO] 16:31:53:834 Metricas/(15143:15149): >Writes : 0

[INFO] 16:31:53:834 Metricas/(15143:15149): >>EVENTUAL  CONSISTENCY<<

[INFO] 16:31:53:834 Metricas/(15143:15149): >Read Latency : 0
[INFO] 16:31:53:834 Metricas/(15143:15149): >Write Latency : 0
[INFO] 16:31:53:834 Metricas/(15143:15149): >Reads : 0
[INFO] 16:31:53:834 Metricas/(15143:15149): >Writes : 1

[INFO] 16:31:53:834 Metricas/(15143:15149): >>STRONG HASH CONSISTENCY<<

[INFO] 16:31:53:834 Metricas/(15143:15149): >Read Latency : 0
[INFO] 16:31:53:834 Metricas/(15143:15149): >Write Latency : 0
[INFO] 16:31:53:834 Metricas/(15143:15149): >Reads : 0
[INFO] 16:31:53:834 Metricas/(15143:15149): >Writes : 0

[INFO] 16:31:53:834 Metricas/(15143:15149): --->MEMORY LOAD<---

[INFO] 16:31:53:834 Metricas/(15143:15149): Memoria 1 : 
[INFO] 16:31:53:834 Metricas/(15143:15149): 1 Ejecuciones  ->  100 % Memory load

[INFO] 16:32:23:835 Metricas/(15143:15149): >>>>>>>>>>EJECUCION HILO METRICS<<<<<<<<<

[INFO] 16:32:23:835 Metricas/(15143:15149): >>STRONG CONSISTENCY<<

[INFO] 16:32:23:835 Metricas/(15143:15149): >Read Latency : 0
[INFO] 16:32:23:835 Metricas/(15143:15149): >Write Latency : 0
[INFO] 16:32:23:835 Metricas/(15143:15149): >Reads : 0
[INFO] 16:32:23:835 Metricas/(15143:15149): >Writes : 0

[INFO] 16:32:23:835 Metricas/(15143:15149): >>EVENTUAL  CONSISTENCY<<

[INFO] 16:32:23:835 Metricas/(15143:15149): >Read Latency : 0
[INFO] 16:32:23:835 Metricas/(15143:15149): >Write Latency : 0
[INFO] 16:32:23:835 Metricas/(15143:15149): >Reads : 0
[INFO] 16:32:23:835 Metricas/(15143:15149): >Writes : 0

[INFO] 16:32:23:835 Metricas/(15143:15149): >>STRONG HASH CONSISTENCY<<

[INFO] 16:32:23:835 Metricas/(15143:15149): >Read Latency : 0
[INFO] 16:32:23:835 Metricas/(15143:15149): >Write Latency : 0
[INFO] 16:32:23:835 Metricas/(15143:15149): >Reads : 0
[INFO] 16:32:23:835 Metricas/(15143:15149): >Writes : 0

[INFO] 16:32:23:835 Metricas/(15143:15149): --->MEMORY LOAD<---

[INFO] 16:32:23:835 Metricas/(15143:15149): Memoria 1 : 
[INFO] 16:32:23:835 Metricas/(15143:15149): 0 Ejecuciones  ->  0 % Memory load

[INFO] 16:32:53:839 Metricas/(15143:15149): >>>>>>>>>>EJECUCION HILO METRICS<<<<<<<<<

[INFO] 16:32:53:839 Metricas/(15143:15149): >>STRONG CONSISTENCY<<

[INFO] 16:32:53:839 Metricas/(15143:15149): >Read Latency : 0
[INFO] 16:32:53:839 Metricas/(15143:15149): >Write Latency : 0
[INFO] 16:32:53:839 Metricas/(15143:15149): >Reads : 0
[INFO] 16:32:53:839 Metricas/(15143:15149): >Writes : 0

[INFO] 16:32:53:839 Metricas/(15143:15149): >>EVENTUAL  CONSISTENCY<<

[INFO] 16:32:53:839 Metricas/(15143:15149): >Read Latency : 0
[INFO] 16:32:53:839 Metricas/(15143:15149): >Write Latency : 0
[INFO] 16:32:53:839 Metricas/(15143:15149): >Reads : 0
[INFO] 16:32:53:839 Metricas/(15143:15149): >Writes : 0

[INFO] 16:32:53:839 Metricas/(15143:15149): >>STRONG HASH CONSISTENCY<<

[INFO] 16:32:53:839 Metricas/(15143:15149): >Read Latency : 0
[INFO] 16:32:53:839 Metricas/(15143:15149): >Write Latency : 0
[INFO] 16:32:53:839 Metricas/(15143:15149): >Reads : 0
[INFO] 16:32:53:839 Metricas/(15143:15149): >Writes : 0

[INFO] 16:32:53:839 Metricas/(15143:15149): --->MEMORY LOAD<---

[INFO] 16:32:53:839 Metricas/(15143:15149): Memoria 1 : 
[INFO] 16:32:53:839 Metricas/(15143:15149): 0 Ejecuciones  ->  0 % Memory load

[INFO] 16:33:23:839 Metricas/(15143:15149): >>>>>>>>>>EJECUCION HILO METRICS<<<<<<<<<

[INFO] 16:33:23:839 Metricas/(15143:15149): >>STRONG CONSISTENCY<<

[INFO] 16:33:23:839 Metricas/(15143:15149): >Read Latency : 0
[INFO] 16:33:23:839 Metricas/(15143:15149): >Write Latency : 0
[INFO] 16:33:23:839 Metricas/(15143:15149): >Reads : 0
[INFO] 16:33:23:839 Metricas/(15143:15149): >Writes : 0

[INFO] 16:33:23:839 Metricas/(15143:15149): >>EVENTUAL  CONSISTENCY<<

[INFO] 16:33:23:839 Metricas/(15143:15149): >Read Latency : 0
[INFO] 16:33:23:839 Metricas/(15143:15149): >Write Latency : 0
[INFO] 16:33:23:839 Metricas/(15143:15149): >Reads : 0
[INFO] 16:33:23:839 Metricas/(15143:15149): >Writes : 1

[INFO] 16:33:23:839 Metricas/(15143:15149): >>STRONG HASH CONSISTENCY<<

[INFO] 16:33:23:839 Metricas/(15143:15149): >Read Latency : 0
[INFO] 16:33:23:839 Metricas/(15143:15149): >Write Latency : 0
[INFO] 16:33:23:839 Metricas/(15143:15149): >Reads : 0
[INFO] 16:33:23:839 Metricas/(15143:15149): >Writes : 0

[INFO] 16:33:23:839 Metricas/(15143:15149): --->MEMORY LOAD<---

[INFO] 16:33:23:839 Metricas/(15143:15149): Memoria 1 : 
[INFO] 16:33:23:839 Metricas/(15143:15149): 1 Ejecuciones  ->  100 % Memory load

[INFO] 16:33:53:840 Metricas/(15143:15149): >>>>>>>>>>EJECUCION HILO METRICS<<<<<<<<<

[INFO] 16:33:53:840 Metricas/(15143:15149): >>STRONG CONSISTENCY<<

[INFO] 16:33:53:840 Metricas/(15143:15149): >Read Latency : 0
[INFO] 16:33:53:840 Metricas/(15143:15149): >Write Latency : 0
[INFO] 16:33:53:840 Metricas/(15143:15149): >Reads : 0
[INFO] 16:33:53:840 Metricas/(15143:15149): >Writes : 0

[INFO] 16:33:53:840 Metricas/(15143:15149): >>EVENTUAL  CONSISTENCY<<

[INFO] 16:33:53:840 Metricas/(15143:15149): >Read Latency : 0
[INFO] 16:33:53:840 Metricas/(15143:15149): >Write Latency : 0
[INFO] 16:33:53:840 Metricas/(15143:15149): >Reads : 0
[INFO] 16:33:53:840 Metricas/(15143:15149): >Writes : 0

[INFO] 16:33:53:840 Metricas/(15143:15149): >>STRONG HASH CONSISTENCY<<

[INFO] 16:33:53:840 Metricas/(15143:15149): >Read Latency : 0
[INFO] 16:33:53:840 Metricas/(15143:15149): >Write Latency : 0
[INFO] 16:33:53:840 Metricas/(15143:15149): >Reads : 0
[INFO] 16:33:53:840 Metricas/(15143:15149): >Writes : 0

[INFO] 16:33:53:840 Metricas/(15143:15149): --->MEMORY LOAD<---

[INFO] 16:33:53:840 Metricas/(15143:15149): Memoria 1 : 
[INFO] 16:33:53:840 Metricas/(15143:15149): 0 Ejecuciones  ->  0 % Memory load

[INFO] 16:34:23:840 Metricas/(15143:15149): >>>>>>>>>>EJECUCION HILO METRICS<<<<<<<<<

[INFO] 16:34:23:840 Metricas/(15143:15149): >>STRONG CONSISTENCY<<

[INFO] 16:34:23:840 Metricas/(15143:15149): >Read Latency : 0
[INFO] 16:34:23:840 Metricas/(15143:15149): >Write Latency : 0
[INFO] 16:34:23:840 Metricas/(15143:15149): >Reads : 0
[INFO] 16:34:23:840 Metricas/(15143:15149): >Writes : 0

[INFO] 16:34:23:840 Metricas/(15143:15149): >>EVENTUAL  CONSISTENCY<<

[INFO] 16:34:23:840 Metricas/(15143:15149): >Read Latency : 0
[INFO] 16:34:23:840 Metricas/(15143:15149): >Write Latency : 0
[INFO] 16:34:23:840 Metricas/(15143:15149): >Reads : 0
[INFO] 16:34:23:840 Metricas/(15143:15149): >Writes : 1

[INFO] 16:34:23:840 Metricas/(15143:15149): >>STRONG HASH CONSISTENCY<<

[INFO] 16:34:23:840 Metricas/(15143:15149): >Read Latency : 0
[INFO] 16:34:23:840 Metricas/(15143:15149): >Write Latency : 0
[INFO] 16:34:23:840 Metricas/(15143:15149): >Reads : 0
[INFO] 16:34:23:840 Metricas/(15143:15149): >Writes : 0

[INFO] 16:34:23:840 Metricas/(15143:15149): --->MEMORY LOAD<---

[INFO] 16:34:23:840 Metricas/(15143:15149): Memoria 1 : 
[INFO] 16:34:23:840 Metricas/(15143:15149): 1 Ejecuciones  ->  100 % Memory load

[INFO] 16:38:22:11 Metricas/(15296:15302): >>>>>>>>>>EJECUCION HILO METRICS<<<<<<<<<

[INFO] 16:38:22:11 Metricas/(15296:15302): >>STRONG CONSISTENCY<<

[INFO] 16:38:22:11 Metricas/(15296:15302): >Read Latency : 0
[INFO] 16:38:22:11 Metricas/(15296:15302): >Write Latency : 0
[INFO] 16:38:22:11 Metricas/(15296:15302): >Reads : 0
[INFO] 16:38:22:11 Metricas/(15296:15302): >Writes : 0

[INFO] 16:38:22:11 Metricas/(15296:15302): >>EVENTUAL  CONSISTENCY<<

[INFO] 16:38:22:11 Metricas/(15296:15302): >Read Latency : 0
[INFO] 16:38:22:11 Metricas/(15296:15302): >Write Latency : 0
[INFO] 16:38:22:11 Metricas/(15296:15302): >Reads : 0
[INFO] 16:38:22:11 Metricas/(15296:15302): >Writes : 0

[INFO] 16:38:22:11 Metricas/(15296:15302): >>STRONG HASH CONSISTENCY<<

[INFO] 16:38:22:11 Metricas/(15296:15302): >Read Latency : 0
[INFO] 16:38:22:11 Metricas/(15296:15302): >Write Latency : 0
[INFO] 16:38:22:11 Metricas/(15296:15302): >Reads : 0
[INFO] 16:38:22:11 Metricas/(15296:15302): >Writes : 0

[INFO] 16:38:22:11 Metricas/(15296:15302): --->MEMORY LOAD<---

[INFO] 16:38:22:11 Metricas/(15296:15302): Memoria 1 : 
[INFO] 16:38:22:11 Metricas/(15296:15302): 0 Ejecuciones  ->  0 % Memory load

[INFO] 16:38:52:12 Metricas/(15296:15302): >>>>>>>>>>EJECUCION HILO METRICS<<<<<<<<<

[INFO] 16:38:52:12 Metricas/(15296:15302): >>STRONG CONSISTENCY<<

[INFO] 16:38:52:12 Metricas/(15296:15302): >Read Latency : 0
[INFO] 16:38:52:12 Metricas/(15296:15302): >Write Latency : 0
[INFO] 16:38:52:12 Metricas/(15296:15302): >Reads : 0
[INFO] 16:38:52:12 Metricas/(15296:15302): >Writes : 0

[INFO] 16:38:52:12 Metricas/(15296:15302): >>EVENTUAL  CONSISTENCY<<

[INFO] 16:38:52:12 Metricas/(15296:15302): >Read Latency : 0
[INFO] 16:38:52:12 Metricas/(15296:15302): >Write Latency : 0
[INFO] 16:38:52:12 Metricas/(15296:15302): >Reads : 0
[INFO] 16:38:52:12 Metricas/(15296:15302): >Writes : 1

[INFO] 16:38:52:12 Metricas/(15296:15302): >>STRONG HASH CONSISTENCY<<

[INFO] 16:38:52:12 Metricas/(15296:15302): >Read Latency : 0
[INFO] 16:38:52:12 Metricas/(15296:15302): >Write Latency : 0
[INFO] 16:38:52:12 Metricas/(15296:15302): >Reads : 0
[INFO] 16:38:52:12 Metricas/(15296:15302): >Writes : 0

[INFO] 16:38:52:12 Metricas/(15296:15302): --->MEMORY LOAD<---

[INFO] 16:38:52:12 Metricas/(15296:15302): Memoria 1 : 
[INFO] 16:38:52:12 Metricas/(15296:15302): 1 Ejecuciones  ->  100 % Memory load

[INFO] 16:41:15:483 Metricas/(15409:15415): >>>>>>>>>>EJECUCION HILO METRICS<<<<<<<<<

[INFO] 16:41:15:484 Metricas/(15409:15415): >>STRONG CONSISTENCY<<

[INFO] 16:41:15:484 Metricas/(15409:15415): >Read Latency : 0
[INFO] 16:41:15:484 Metricas/(15409:15415): >Write Latency : 0
[INFO] 16:41:15:484 Metricas/(15409:15415): >Reads : 0
[INFO] 16:41:15:484 Metricas/(15409:15415): >Writes : 0

[INFO] 16:41:15:484 Metricas/(15409:15415): >>EVENTUAL  CONSISTENCY<<

[INFO] 16:41:15:484 Metricas/(15409:15415): >Read Latency : 0
[INFO] 16:41:15:484 Metricas/(15409:15415): >Write Latency : 0
[INFO] 16:41:15:484 Metricas/(15409:15415): >Reads : 0
[INFO] 16:41:15:484 Metricas/(15409:15415): >Writes : 0

[INFO] 16:41:15:484 Metricas/(15409:15415): >>STRONG HASH CONSISTENCY<<

[INFO] 16:41:15:484 Metricas/(15409:15415): >Read Latency : 0
[INFO] 16:41:15:484 Metricas/(15409:15415): >Write Latency : 0
[INFO] 16:41:15:484 Metricas/(15409:15415): >Reads : 0
[INFO] 16:41:15:484 Metricas/(15409:15415): >Writes : 0

[INFO] 16:41:15:484 Metricas/(15409:15415): --->MEMORY LOAD<---

[INFO] 16:41:15:484 Metricas/(15409:15415): Memoria 1 : 
[INFO] 16:41:15:484 Metricas/(15409:15415): 0 Ejecuciones  ->  0 % Memory load

[INFO] 16:41:45:484 Metricas/(15409:15415): >>>>>>>>>>EJECUCION HILO METRICS<<<<<<<<<

[INFO] 16:41:45:484 Metricas/(15409:15415): >>STRONG CONSISTENCY<<

[INFO] 16:41:45:484 Metricas/(15409:15415): >Read Latency : 0
[INFO] 16:41:45:484 Metricas/(15409:15415): >Write Latency : 0
[INFO] 16:41:45:484 Metricas/(15409:15415): >Reads : 0
[INFO] 16:41:45:484 Metricas/(15409:15415): >Writes : 0

[INFO] 16:41:45:484 Metricas/(15409:15415): >>EVENTUAL  CONSISTENCY<<

[INFO] 16:41:45:484 Metricas/(15409:15415): >Read Latency : 0
[INFO] 16:41:45:484 Metricas/(15409:15415): >Write Latency : 0
[INFO] 16:41:45:484 Metricas/(15409:15415): >Reads : 0
[INFO] 16:41:45:484 Metricas/(15409:15415): >Writes : 0

[INFO] 16:41:45:484 Metricas/(15409:15415): >>STRONG HASH CONSISTENCY<<

[INFO] 16:41:45:484 Metricas/(15409:15415): >Read Latency : 0
[INFO] 16:41:45:484 Metricas/(15409:15415): >Write Latency : 0
[INFO] 16:41:45:484 Metricas/(15409:15415): >Reads : 0
[INFO] 16:41:45:484 Metricas/(15409:15415): >Writes : 0

[INFO] 16:41:45:484 Metricas/(15409:15415): --->MEMORY LOAD<---

[INFO] 16:41:45:484 Metricas/(15409:15415): Memoria 1 : 
[INFO] 16:41:45:484 Metricas/(15409:15415): 0 Ejecuciones  ->  0 % Memory load

[INFO] 16:42:15:485 Metricas/(15409:15415): >>>>>>>>>>EJECUCION HILO METRICS<<<<<<<<<

[INFO] 16:42:15:485 Metricas/(15409:15415): >>STRONG CONSISTENCY<<

[INFO] 16:42:15:485 Metricas/(15409:15415): >Read Latency : 0
[INFO] 16:42:15:485 Metricas/(15409:15415): >Write Latency : 0
[INFO] 16:42:15:485 Metricas/(15409:15415): >Reads : 0
[INFO] 16:42:15:485 Metricas/(15409:15415): >Writes : 0

[INFO] 16:42:15:485 Metricas/(15409:15415): >>EVENTUAL  CONSISTENCY<<

[INFO] 16:42:15:485 Metricas/(15409:15415): >Read Latency : 0
[INFO] 16:42:15:485 Metricas/(15409:15415): >Write Latency : 0
[INFO] 16:42:15:485 Metricas/(15409:15415): >Reads : 0
[INFO] 16:42:15:485 Metricas/(15409:15415): >Writes : 0

[INFO] 16:42:15:485 Metricas/(15409:15415): >>STRONG HASH CONSISTENCY<<

[INFO] 16:42:15:485 Metricas/(15409:15415): >Read Latency : 0
[INFO] 16:42:15:485 Metricas/(15409:15415): >Write Latency : 0
[INFO] 16:42:15:485 Metricas/(15409:15415): >Reads : 0
[INFO] 16:42:15:485 Metricas/(15409:15415): >Writes : 0

[INFO] 16:42:15:485 Metricas/(15409:15415): --->MEMORY LOAD<---

[INFO] 16:42:15:485 Metricas/(15409:15415): Memoria 1 : 
[INFO] 16:42:15:485 Metricas/(15409:15415): 0 Ejecuciones  ->  0 % Memory load

[INFO] 16:42:45:486 Metricas/(15409:15415): >>>>>>>>>>EJECUCION HILO METRICS<<<<<<<<<

[INFO] 16:42:45:486 Metricas/(15409:15415): >>STRONG CONSISTENCY<<

[INFO] 16:42:45:486 Metricas/(15409:15415): >Read Latency : 0
[INFO] 16:42:45:486 Metricas/(15409:15415): >Write Latency : 0
[INFO] 16:42:45:486 Metricas/(15409:15415): >Reads : 0
[INFO] 16:42:45:486 Metricas/(15409:15415): >Writes : 0

[INFO] 16:42:45:486 Metricas/(15409:15415): >>EVENTUAL  CONSISTENCY<<

[INFO] 16:42:45:486 Metricas/(15409:15415): >Read Latency : 0
[INFO] 16:42:45:486 Metricas/(15409:15415): >Write Latency : 0
[INFO] 16:42:45:486 Metricas/(15409:15415): >Reads : 0
[INFO] 16:42:45:486 Metricas/(15409:15415): >Writes : 0

[INFO] 16:42:45:486 Metricas/(15409:15415): >>STRONG HASH CONSISTENCY<<

[INFO] 16:42:45:486 Metricas/(15409:15415): >Read Latency : 0
[INFO] 16:42:45:486 Metricas/(15409:15415): >Write Latency : 0
[INFO] 16:42:45:486 Metricas/(15409:15415): >Reads : 0
[INFO] 16:42:45:486 Metricas/(15409:15415): >Writes : 0

[INFO] 16:42:45:486 Metricas/(15409:15415): --->MEMORY LOAD<---

[INFO] 16:42:45:486 Metricas/(15409:15415): Memoria 1 : 
[INFO] 16:42:45:486 Metricas/(15409:15415): 0 Ejecuciones  ->  0 % Memory load

[INFO] 18:33:08:429 Metricas/(8481:8488): >>>>>>>>>>EJECUCION HILO METRICS<<<<<<<<<

[INFO] 18:33:08:429 Metricas/(8481:8488): >>STRONG CONSISTENCY<<

[INFO] 18:33:08:429 Metricas/(8481:8488): >Read Latency : 0
[INFO] 18:33:08:429 Metricas/(8481:8488): >Write Latency : 0
[INFO] 18:33:08:429 Metricas/(8481:8488): >Reads : 0
[INFO] 18:33:08:429 Metricas/(8481:8488): >Writes : 0

[INFO] 18:33:08:429 Metricas/(8481:8488): >>EVENTUAL  CONSISTENCY<<

[INFO] 18:33:08:429 Metricas/(8481:8488): >Read Latency : 0
[INFO] 18:33:08:429 Metricas/(8481:8488): >Write Latency : 0
[INFO] 18:33:08:429 Metricas/(8481:8488): >Reads : 0
[INFO] 18:33:08:429 Metricas/(8481:8488): >Writes : 0

[INFO] 18:33:08:429 Metricas/(8481:8488): >>STRONG HASH CONSISTENCY<<

[INFO] 18:33:08:429 Metricas/(8481:8488): >Read Latency : 0
[INFO] 18:33:08:429 Metricas/(8481:8488): >Write Latency : 0
[INFO] 18:33:08:429 Metricas/(8481:8488): >Reads : 0
[INFO] 18:33:08:429 Metricas/(8481:8488): >Writes : 0

[INFO] 18:33:08:429 Metricas/(8481:8488): --->MEMORY LOAD<---

[INFO] 18:33:08:429 Metricas/(8481:8488): Memoria 1 : 
[INFO] 18:33:08:429 Metricas/(8481:8488): 0 Ejecuciones  ->  0 % Memory load

[INFO] 18:39:10:526 Metricas/(8957:8964): >>>>>>>>>>EJECUCION HILO METRICS<<<<<<<<<

[INFO] 18:39:10:526 Metricas/(8957:8964): >>STRONG CONSISTENCY<<

[INFO] 18:39:10:526 Metricas/(8957:8964): >Read Latency : 0
[INFO] 18:39:10:526 Metricas/(8957:8964): >Write Latency : 0
[INFO] 18:39:10:526 Metricas/(8957:8964): >Reads : 0
[INFO] 18:39:10:526 Metricas/(8957:8964): >Writes : 0

[INFO] 18:39:10:526 Metricas/(8957:8964): >>EVENTUAL  CONSISTENCY<<

[INFO] 18:39:10:526 Metricas/(8957:8964): >Read Latency : 0
[INFO] 18:39:10:526 Metricas/(8957:8964): >Write Latency : 0
[INFO] 18:39:10:526 Metricas/(8957:8964): >Reads : 0
[INFO] 18:39:10:526 Metricas/(8957:8964): >Writes : 0

[INFO] 18:39:10:526 Metricas/(8957:8964): >>STRONG HASH CONSISTENCY<<

[INFO] 18:39:10:526 Metricas/(8957:8964): >Read Latency : 0
[INFO] 18:39:10:526 Metricas/(8957:8964): >Write Latency : 0
[INFO] 18:39:10:526 Metricas/(8957:8964): >Reads : 0
[INFO] 18:39:10:526 Metricas/(8957:8964): >Writes : 0

[INFO] 18:39:10:526 Metricas/(8957:8964): --->MEMORY LOAD<---

[INFO] 18:39:10:526 Metricas/(8957:8964): Memoria 1 : 
[INFO] 18:39:10:526 Metricas/(8957:8964): 0 Ejecuciones  ->  0 % Memory load

[INFO] 18:39:40:528 Metricas/(8957:8964): >>>>>>>>>>EJECUCION HILO METRICS<<<<<<<<<

[INFO] 18:39:40:528 Metricas/(8957:8964): >>STRONG CONSISTENCY<<

[INFO] 18:39:40:528 Metricas/(8957:8964): >Read Latency : 0
[INFO] 18:39:40:528 Metricas/(8957:8964): >Write Latency : 0
[INFO] 18:39:40:528 Metricas/(8957:8964): >Reads : 0
[INFO] 18:39:40:528 Metricas/(8957:8964): >Writes : 0

[INFO] 18:39:40:528 Metricas/(8957:8964): >>EVENTUAL  CONSISTENCY<<

[INFO] 18:39:40:528 Metricas/(8957:8964): >Read Latency : 0
[INFO] 18:39:40:528 Metricas/(8957:8964): >Write Latency : 0
[INFO] 18:39:40:528 Metricas/(8957:8964): >Reads : 0
[INFO] 18:39:40:528 Metricas/(8957:8964): >Writes : 0

[INFO] 18:39:40:528 Metricas/(8957:8964): >>STRONG HASH CONSISTENCY<<

[INFO] 18:39:40:528 Metricas/(8957:8964): >Read Latency : 0
[INFO] 18:39:40:528 Metricas/(8957:8964): >Write Latency : 0
[INFO] 18:39:40:528 Metricas/(8957:8964): >Reads : 0
[INFO] 18:39:40:528 Metricas/(8957:8964): >Writes : 0

[INFO] 18:39:40:528 Metricas/(8957:8964): --->MEMORY LOAD<---

[INFO] 18:39:40:528 Metricas/(8957:8964): Memoria 1 : 
[INFO] 18:39:40:528 Metricas/(8957:8964): 0 Ejecuciones  ->  0 % Memory load

[INFO] 18:40:10:530 Metricas/(8957:8964): >>>>>>>>>>EJECUCION HILO METRICS<<<<<<<<<

[INFO] 18:40:10:530 Metricas/(8957:8964): >>STRONG CONSISTENCY<<

[INFO] 18:40:10:530 Metricas/(8957:8964): >Read Latency : 0
[INFO] 18:40:10:530 Metricas/(8957:8964): >Write Latency : 0
[INFO] 18:40:10:530 Metricas/(8957:8964): >Reads : 0
[INFO] 18:40:10:530 Metricas/(8957:8964): >Writes : 0

[INFO] 18:40:10:530 Metricas/(8957:8964): >>EVENTUAL  CONSISTENCY<<

[INFO] 18:40:10:530 Metricas/(8957:8964): >Read Latency : 0
[INFO] 18:40:10:530 Metricas/(8957:8964): >Write Latency : 0
[INFO] 18:40:10:530 Metricas/(8957:8964): >Reads : 0
[INFO] 18:40:10:530 Metricas/(8957:8964): >Writes : 0

[INFO] 18:40:10:530 Metricas/(8957:8964): >>STRONG HASH CONSISTENCY<<

[INFO] 18:40:10:530 Metricas/(8957:8964): >Read Latency : 0
[INFO] 18:40:10:530 Metricas/(8957:8964): >Write Latency : 0
[INFO] 18:40:10:530 Metricas/(8957:8964): >Reads : 0
[INFO] 18:40:10:530 Metricas/(8957:8964): >Writes : 0

[INFO] 18:40:10:530 Metricas/(8957:8964): --->MEMORY LOAD<---

[INFO] 18:40:10:530 Metricas/(8957:8964): Memoria 1 : 
[INFO] 18:40:10:530 Metricas/(8957:8964): 0 Ejecuciones  ->  0 % Memory load

[INFO] 18:41:46:157 Metricas/(9067:9073): >>>>>>>>>>EJECUCION HILO METRICS<<<<<<<<<

[INFO] 18:41:46:157 Metricas/(9067:9073): >>STRONG CONSISTENCY<<

[INFO] 18:41:46:157 Metricas/(9067:9073): >Read Latency : 0
[INFO] 18:41:46:157 Metricas/(9067:9073): >Write Latency : 0
[INFO] 18:41:46:157 Metricas/(9067:9073): >Reads : 0
[INFO] 18:41:46:157 Metricas/(9067:9073): >Writes : 0

[INFO] 18:41:46:157 Metricas/(9067:9073): >>EVENTUAL  CONSISTENCY<<

[INFO] 18:41:46:157 Metricas/(9067:9073): >Read Latency : 0
[INFO] 18:41:46:157 Metricas/(9067:9073): >Write Latency : 0
[INFO] 18:41:46:157 Metricas/(9067:9073): >Reads : 0
[INFO] 18:41:46:157 Metricas/(9067:9073): >Writes : 0

[INFO] 18:41:46:157 Metricas/(9067:9073): >>STRONG HASH CONSISTENCY<<

[INFO] 18:41:46:157 Metricas/(9067:9073): >Read Latency : 0
[INFO] 18:41:46:157 Metricas/(9067:9073): >Write Latency : 0
[INFO] 18:41:46:157 Metricas/(9067:9073): >Reads : 0
[INFO] 18:41:46:157 Metricas/(9067:9073): >Writes : 0

[INFO] 18:41:46:157 Metricas/(9067:9073): --->MEMORY LOAD<---

[INFO] 18:41:46:157 Metricas/(9067:9073): Memoria 1 : 
[INFO] 18:41:46:157 Metricas/(9067:9073): 0 Ejecuciones  ->  0 % Memory load

[INFO] 18:42:16:158 Metricas/(9067:9073): >>>>>>>>>>EJECUCION HILO METRICS<<<<<<<<<

[INFO] 18:42:16:158 Metricas/(9067:9073): >>STRONG CONSISTENCY<<

[INFO] 18:42:16:158 Metricas/(9067:9073): >Read Latency : 0
[INFO] 18:42:16:158 Metricas/(9067:9073): >Write Latency : 0
[INFO] 18:42:16:158 Metricas/(9067:9073): >Reads : 0
[INFO] 18:42:16:158 Metricas/(9067:9073): >Writes : 0

[INFO] 18:42:16:158 Metricas/(9067:9073): >>EVENTUAL  CONSISTENCY<<

[INFO] 18:42:16:158 Metricas/(9067:9073): >Read Latency : 0
[INFO] 18:42:16:158 Metricas/(9067:9073): >Write Latency : 0
[INFO] 18:42:16:158 Metricas/(9067:9073): >Reads : 0
[INFO] 18:42:16:158 Metricas/(9067:9073): >Writes : 0

[INFO] 18:42:16:158 Metricas/(9067:9073): >>STRONG HASH CONSISTENCY<<

[INFO] 18:42:16:158 Metricas/(9067:9073): >Read Latency : 0
[INFO] 18:42:16:158 Metricas/(9067:9073): >Write Latency : 0
[INFO] 18:42:16:158 Metricas/(9067:9073): >Reads : 0
[INFO] 18:42:16:158 Metricas/(9067:9073): >Writes : 0

[INFO] 18:42:16:158 Metricas/(9067:9073): --->MEMORY LOAD<---

[INFO] 18:42:16:158 Metricas/(9067:9073): Memoria 1 : 
[INFO] 18:42:16:158 Metricas/(9067:9073): 0 Ejecuciones  ->  0 % Memory load

[INFO] 18:46:33:534 Metricas/(9302:9308): >>>>>>>>>>EJECUCION HILO METRICS<<<<<<<<<

[INFO] 18:46:33:535 Metricas/(9302:9308): >>STRONG CONSISTENCY<<

[INFO] 18:46:33:535 Metricas/(9302:9308): >Read Latency : 0
[INFO] 18:46:33:535 Metricas/(9302:9308): >Write Latency : 0
[INFO] 18:46:33:535 Metricas/(9302:9308): >Reads : 0
[INFO] 18:46:33:535 Metricas/(9302:9308): >Writes : 0

[INFO] 18:46:33:535 Metricas/(9302:9308): >>EVENTUAL  CONSISTENCY<<

[INFO] 18:46:33:535 Metricas/(9302:9308): >Read Latency : 0
[INFO] 18:46:33:535 Metricas/(9302:9308): >Write Latency : 0
[INFO] 18:46:33:535 Metricas/(9302:9308): >Reads : 0
[INFO] 18:46:33:535 Metricas/(9302:9308): >Writes : 0

[INFO] 18:46:33:535 Metricas/(9302:9308): >>STRONG HASH CONSISTENCY<<

[INFO] 18:46:33:535 Metricas/(9302:9308): >Read Latency : 0
[INFO] 18:46:33:535 Metricas/(9302:9308): >Write Latency : 0
[INFO] 18:46:33:535 Metricas/(9302:9308): >Reads : 0
[INFO] 18:46:33:535 Metricas/(9302:9308): >Writes : 0

[INFO] 18:46:33:535 Metricas/(9302:9308): --->MEMORY LOAD<---

[INFO] 18:46:33:535 Metricas/(9302:9308): Memoria 1 : 
[INFO] 18:46:33:535 Metricas/(9302:9308): 0 Ejecuciones  ->  0 % Memory load

[INFO] 18:47:03:535 Metricas/(9302:9308): >>>>>>>>>>EJECUCION HILO METRICS<<<<<<<<<

[INFO] 18:47:03:535 Metricas/(9302:9308): >>STRONG CONSISTENCY<<

[INFO] 18:47:03:535 Metricas/(9302:9308): >Read Latency : 0
[INFO] 18:47:03:535 Metricas/(9302:9308): >Write Latency : 0
[INFO] 18:47:03:535 Metricas/(9302:9308): >Reads : 0
[INFO] 18:47:03:535 Metricas/(9302:9308): >Writes : 1

[INFO] 18:47:03:535 Metricas/(9302:9308): >>EVENTUAL  CONSISTENCY<<

[INFO] 18:47:03:535 Metricas/(9302:9308): >Read Latency : 0
[INFO] 18:47:03:535 Metricas/(9302:9308): >Write Latency : 0
[INFO] 18:47:03:535 Metricas/(9302:9308): >Reads : 0
[INFO] 18:47:03:535 Metricas/(9302:9308): >Writes : 0

[INFO] 18:47:03:535 Metricas/(9302:9308): >>STRONG HASH CONSISTENCY<<

[INFO] 18:47:03:535 Metricas/(9302:9308): >Read Latency : 0
[INFO] 18:47:03:535 Metricas/(9302:9308): >Write Latency : 0
[INFO] 18:47:03:535 Metricas/(9302:9308): >Reads : 0
[INFO] 18:47:03:535 Metricas/(9302:9308): >Writes : 0

[INFO] 18:47:03:535 Metricas/(9302:9308): --->MEMORY LOAD<---

[INFO] 18:47:03:535 Metricas/(9302:9308): Memoria 1 : 
[INFO] 18:47:03:535 Metricas/(9302:9308): 1 Ejecuciones  ->  100 % Memory load

[INFO] 18:47:33:536 Metricas/(9302:9308): >>>>>>>>>>EJECUCION HILO METRICS<<<<<<<<<

[INFO] 18:47:33:536 Metricas/(9302:9308): >>STRONG CONSISTENCY<<

[INFO] 18:47:33:536 Metricas/(9302:9308): >Read Latency : 0
[INFO] 18:47:33:536 Metricas/(9302:9308): >Write Latency : 0
[INFO] 18:47:33:536 Metricas/(9302:9308): >Reads : 0
[INFO] 18:47:33:536 Metricas/(9302:9308): >Writes : 0

[INFO] 18:47:33:536 Metricas/(9302:9308): >>EVENTUAL  CONSISTENCY<<

[INFO] 18:47:33:536 Metricas/(9302:9308): >Read Latency : 0
[INFO] 18:47:33:536 Metricas/(9302:9308): >Write Latency : 0
[INFO] 18:47:33:536 Metricas/(9302:9308): >Reads : 0
[INFO] 18:47:33:536 Metricas/(9302:9308): >Writes : 0

[INFO] 18:47:33:536 Metricas/(9302:9308): >>STRONG HASH CONSISTENCY<<

[INFO] 18:47:33:536 Metricas/(9302:9308): >Read Latency : 0
[INFO] 18:47:33:536 Metricas/(9302:9308): >Write Latency : 0
[INFO] 18:47:33:536 Metricas/(9302:9308): >Reads : 0
[INFO] 18:47:33:536 Metricas/(9302:9308): >Writes : 0

[INFO] 18:47:33:536 Metricas/(9302:9308): --->MEMORY LOAD<---

[INFO] 18:47:33:536 Metricas/(9302:9308): Memoria 1 : 
[INFO] 18:47:33:536 Metricas/(9302:9308): 0 Ejecuciones  ->  0 % Memory load

[INFO] 18:48:03:538 Metricas/(9302:9308): >>>>>>>>>>EJECUCION HILO METRICS<<<<<<<<<

[INFO] 18:48:03:538 Metricas/(9302:9308): >>STRONG CONSISTENCY<<

[INFO] 18:48:03:538 Metricas/(9302:9308): >Read Latency : 0
[INFO] 18:48:03:538 Metricas/(9302:9308): >Write Latency : 0
[INFO] 18:48:03:538 Metricas/(9302:9308): >Reads : 0
[INFO] 18:48:03:538 Metricas/(9302:9308): >Writes : 0

[INFO] 18:48:03:538 Metricas/(9302:9308): >>EVENTUAL  CONSISTENCY<<

[INFO] 18:48:03:538 Metricas/(9302:9308): >Read Latency : 0
[INFO] 18:48:03:538 Metricas/(9302:9308): >Write Latency : 0
[INFO] 18:48:03:538 Metricas/(9302:9308): >Reads : 0
[INFO] 18:48:03:538 Metricas/(9302:9308): >Writes : 0

[INFO] 18:48:03:538 Metricas/(9302:9308): >>STRONG HASH CONSISTENCY<<

[INFO] 18:48:03:538 Metricas/(9302:9308): >Read Latency : 0
[INFO] 18:48:03:538 Metricas/(9302:9308): >Write Latency : 0
[INFO] 18:48:03:538 Metricas/(9302:9308): >Reads : 0
[INFO] 18:48:03:538 Metricas/(9302:9308): >Writes : 0

[INFO] 18:48:03:538 Metricas/(9302:9308): --->MEMORY LOAD<---

[INFO] 18:48:03:538 Metricas/(9302:9308): Memoria 1 : 
[INFO] 18:48:03:538 Metricas/(9302:9308): 0 Ejecuciones  ->  0 % Memory load

[INFO] 18:48:33:540 Metricas/(9302:9308): >>>>>>>>>>EJECUCION HILO METRICS<<<<<<<<<

[INFO] 18:48:33:540 Metricas/(9302:9308): >>STRONG CONSISTENCY<<

[INFO] 18:48:33:540 Metricas/(9302:9308): >Read Latency : 0
[INFO] 18:48:33:540 Metricas/(9302:9308): >Write Latency : 0
[INFO] 18:48:33:540 Metricas/(9302:9308): >Reads : 0
[INFO] 18:48:33:540 Metricas/(9302:9308): >Writes : 0

[INFO] 18:48:33:540 Metricas/(9302:9308): >>EVENTUAL  CONSISTENCY<<

[INFO] 18:48:33:540 Metricas/(9302:9308): >Read Latency : 0
[INFO] 18:48:33:540 Metricas/(9302:9308): >Write Latency : 0
[INFO] 18:48:33:540 Metricas/(9302:9308): >Reads : 0
[INFO] 18:48:33:540 Metricas/(9302:9308): >Writes : 0

[INFO] 18:48:33:540 Metricas/(9302:9308): >>STRONG HASH CONSISTENCY<<

[INFO] 18:48:33:540 Metricas/(9302:9308): >Read Latency : 0
[INFO] 18:48:33:540 Metricas/(9302:9308): >Write Latency : 0
[INFO] 18:48:33:540 Metricas/(9302:9308): >Reads : 0
[INFO] 18:48:33:540 Metricas/(9302:9308): >Writes : 0

[INFO] 18:48:33:540 Metricas/(9302:9308): --->MEMORY LOAD<---

[INFO] 18:48:33:541 Metricas/(9302:9308): Memoria 1 : 
[INFO] 18:48:33:541 Metricas/(9302:9308): 0 Ejecuciones  ->  0 % Memory load

[INFO] 18:49:03:541 Metricas/(9302:9308): >>>>>>>>>>EJECUCION HILO METRICS<<<<<<<<<

[INFO] 18:49:03:541 Metricas/(9302:9308): >>STRONG CONSISTENCY<<

[INFO] 18:49:03:541 Metricas/(9302:9308): >Read Latency : 0
[INFO] 18:49:03:541 Metricas/(9302:9308): >Write Latency : 0
[INFO] 18:49:03:541 Metricas/(9302:9308): >Reads : 0
[INFO] 18:49:03:541 Metricas/(9302:9308): >Writes : 0

[INFO] 18:49:03:541 Metricas/(9302:9308): >>EVENTUAL  CONSISTENCY<<

[INFO] 18:49:03:541 Metricas/(9302:9308): >Read Latency : 0
[INFO] 18:49:03:541 Metricas/(9302:9308): >Write Latency : 0
[INFO] 18:49:03:541 Metricas/(9302:9308): >Reads : 0
[INFO] 18:49:03:541 Metricas/(9302:9308): >Writes : 0

[INFO] 18:49:03:541 Metricas/(9302:9308): >>STRONG HASH CONSISTENCY<<

[INFO] 18:49:03:541 Metricas/(9302:9308): >Read Latency : 0
[INFO] 18:49:03:541 Metricas/(9302:9308): >Write Latency : 0
[INFO] 18:49:03:541 Metricas/(9302:9308): >Reads : 0
[INFO] 18:49:03:541 Metricas/(9302:9308): >Writes : 0

[INFO] 18:49:03:541 Metricas/(9302:9308): --->MEMORY LOAD<---

[INFO] 18:49:03:541 Metricas/(9302:9308): Memoria 1 : 
[INFO] 18:49:03:541 Metricas/(9302:9308): 0 Ejecuciones  ->  0 % Memory load

[INFO] 18:49:33:541 Metricas/(9302:9308): >>>>>>>>>>EJECUCION HILO METRICS<<<<<<<<<

[INFO] 18:49:33:541 Metricas/(9302:9308): >>STRONG CONSISTENCY<<

[INFO] 18:49:33:541 Metricas/(9302:9308): >Read Latency : 0
[INFO] 18:49:33:541 Metricas/(9302:9308): >Write Latency : 0
[INFO] 18:49:33:541 Metricas/(9302:9308): >Reads : 0
[INFO] 18:49:33:541 Metricas/(9302:9308): >Writes : 0

[INFO] 18:49:33:541 Metricas/(9302:9308): >>EVENTUAL  CONSISTENCY<<

[INFO] 18:49:33:541 Metricas/(9302:9308): >Read Latency : 0
[INFO] 18:49:33:541 Metricas/(9302:9308): >Write Latency : 0
[INFO] 18:49:33:541 Metricas/(9302:9308): >Reads : 0
[INFO] 18:49:33:541 Metricas/(9302:9308): >Writes : 0

[INFO] 18:49:33:541 Metricas/(9302:9308): >>STRONG HASH CONSISTENCY<<

[INFO] 18:49:33:541 Metricas/(9302:9308): >Read Latency : 0
[INFO] 18:49:33:541 Metricas/(9302:9308): >Write Latency : 0
[INFO] 18:49:33:541 Metricas/(9302:9308): >Reads : 0
[INFO] 18:49:33:541 Metricas/(9302:9308): >Writes : 0

[INFO] 18:49:33:541 Metricas/(9302:9308): --->MEMORY LOAD<---

[INFO] 18:49:33:541 Metricas/(9302:9308): Memoria 1 : 
[INFO] 18:49:33:541 Metricas/(9302:9308): 0 Ejecuciones  ->  0 % Memory load

[INFO] 18:50:03:542 Metricas/(9302:9308): >>>>>>>>>>EJECUCION HILO METRICS<<<<<<<<<

[INFO] 18:50:03:542 Metricas/(9302:9308): >>STRONG CONSISTENCY<<

[INFO] 18:50:03:542 Metricas/(9302:9308): >Read Latency : 0
[INFO] 18:50:03:542 Metricas/(9302:9308): >Write Latency : 0
[INFO] 18:50:03:542 Metricas/(9302:9308): >Reads : 0
[INFO] 18:50:03:542 Metricas/(9302:9308): >Writes : 0

[INFO] 18:50:03:542 Metricas/(9302:9308): >>EVENTUAL  CONSISTENCY<<

[INFO] 18:50:03:542 Metricas/(9302:9308): >Read Latency : 0
[INFO] 18:50:03:542 Metricas/(9302:9308): >Write Latency : 0
[INFO] 18:50:03:542 Metricas/(9302:9308): >Reads : 0
[INFO] 18:50:03:542 Metricas/(9302:9308): >Writes : 0

[INFO] 18:50:03:542 Metricas/(9302:9308): >>STRONG HASH CONSISTENCY<<

[INFO] 18:50:03:542 Metricas/(9302:9308): >Read Latency : 0
[INFO] 18:50:03:542 Metricas/(9302:9308): >Write Latency : 0
[INFO] 18:50:03:542 Metricas/(9302:9308): >Reads : 0
[INFO] 18:50:03:542 Metricas/(9302:9308): >Writes : 0

[INFO] 18:50:03:542 Metricas/(9302:9308): --->MEMORY LOAD<---

[INFO] 18:50:03:542 Metricas/(9302:9308): Memoria 1 : 
[INFO] 18:50:03:542 Metricas/(9302:9308): 0 Ejecuciones  ->  0 % Memory load

[INFO] 18:50:33:543 Metricas/(9302:9308): >>>>>>>>>>EJECUCION HILO METRICS<<<<<<<<<

[INFO] 18:50:33:543 Metricas/(9302:9308): >>STRONG CONSISTENCY<<

[INFO] 18:50:33:543 Metricas/(9302:9308): >Read Latency : 0
[INFO] 18:50:33:543 Metricas/(9302:9308): >Write Latency : 0
[INFO] 18:50:33:543 Metricas/(9302:9308): >Reads : 0
[INFO] 18:50:33:543 Metricas/(9302:9308): >Writes : 0

[INFO] 18:50:33:543 Metricas/(9302:9308): >>EVENTUAL  CONSISTENCY<<

[INFO] 18:50:33:543 Metricas/(9302:9308): >Read Latency : 0
[INFO] 18:50:33:543 Metricas/(9302:9308): >Write Latency : 0
[INFO] 18:50:33:543 Metricas/(9302:9308): >Reads : 0
[INFO] 18:50:33:543 Metricas/(9302:9308): >Writes : 0

[INFO] 18:50:33:543 Metricas/(9302:9308): >>STRONG HASH CONSISTENCY<<

[INFO] 18:50:33:543 Metricas/(9302:9308): >Read Latency : 0
[INFO] 18:50:33:543 Metricas/(9302:9308): >Write Latency : 0
[INFO] 18:50:33:543 Metricas/(9302:9308): >Reads : 0
[INFO] 18:50:33:543 Metricas/(9302:9308): >Writes : 0

[INFO] 18:50:33:543 Metricas/(9302:9308): --->MEMORY LOAD<---

[INFO] 18:50:33:543 Metricas/(9302:9308): Memoria 1 : 
[INFO] 18:50:33:543 Metricas/(9302:9308): 0 Ejecuciones  ->  0 % Memory load

[INFO] 18:51:03:543 Metricas/(9302:9308): >>>>>>>>>>EJECUCION HILO METRICS<<<<<<<<<

[INFO] 18:51:03:543 Metricas/(9302:9308): >>STRONG CONSISTENCY<<

[INFO] 18:51:03:543 Metricas/(9302:9308): >Read Latency : 0
[INFO] 18:51:03:543 Metricas/(9302:9308): >Write Latency : 0
[INFO] 18:51:03:543 Metricas/(9302:9308): >Reads : 0
[INFO] 18:51:03:543 Metricas/(9302:9308): >Writes : 0

[INFO] 18:51:03:543 Metricas/(9302:9308): >>EVENTUAL  CONSISTENCY<<

[INFO] 18:51:03:543 Metricas/(9302:9308): >Read Latency : 0
[INFO] 18:51:03:543 Metricas/(9302:9308): >Write Latency : 0
[INFO] 18:51:03:543 Metricas/(9302:9308): >Reads : 0
[INFO] 18:51:03:543 Metricas/(9302:9308): >Writes : 0

[INFO] 18:51:03:543 Metricas/(9302:9308): >>STRONG HASH CONSISTENCY<<

[INFO] 18:51:03:543 Metricas/(9302:9308): >Read Latency : 0
[INFO] 18:51:03:543 Metricas/(9302:9308): >Write Latency : 0
[INFO] 18:51:03:543 Metricas/(9302:9308): >Reads : 0
[INFO] 18:51:03:543 Metricas/(9302:9308): >Writes : 0

[INFO] 18:51:03:543 Metricas/(9302:9308): --->MEMORY LOAD<---

[INFO] 18:51:03:543 Metricas/(9302:9308): Memoria 1 : 
[INFO] 18:51:03:543 Metricas/(9302:9308): 0 Ejecuciones  ->  0 % Memory load

[INFO] 18:51:33:544 Metricas/(9302:9308): >>>>>>>>>>EJECUCION HILO METRICS<<<<<<<<<

[INFO] 18:51:33:544 Metricas/(9302:9308): >>STRONG CONSISTENCY<<

[INFO] 18:51:33:544 Metricas/(9302:9308): >Read Latency : 0
[INFO] 18:51:33:544 Metricas/(9302:9308): >Write Latency : 0
[INFO] 18:51:33:544 Metricas/(9302:9308): >Reads : 1
[INFO] 18:51:33:544 Metricas/(9302:9308): >Writes : 0

[INFO] 18:51:33:544 Metricas/(9302:9308): >>EVENTUAL  CONSISTENCY<<

[INFO] 18:51:33:544 Metricas/(9302:9308): >Read Latency : 0
[INFO] 18:51:33:544 Metricas/(9302:9308): >Write Latency : 0
[INFO] 18:51:33:544 Metricas/(9302:9308): >Reads : 0
[INFO] 18:51:33:544 Metricas/(9302:9308): >Writes : 0

[INFO] 18:51:33:544 Metricas/(9302:9308): >>STRONG HASH CONSISTENCY<<

[INFO] 18:51:33:544 Metricas/(9302:9308): >Read Latency : 0
[INFO] 18:51:33:544 Metricas/(9302:9308): >Write Latency : 0
[INFO] 18:51:33:544 Metricas/(9302:9308): >Reads : 0
[INFO] 18:51:33:544 Metricas/(9302:9308): >Writes : 0

[INFO] 18:51:33:544 Metricas/(9302:9308): --->MEMORY LOAD<---

[INFO] 18:51:33:544 Metricas/(9302:9308): Memoria 1 : 
[INFO] 18:51:33:544 Metricas/(9302:9308): 1 Ejecuciones  ->  100 % Memory load

[INFO] 18:52:03:544 Metricas/(9302:9308): >>>>>>>>>>EJECUCION HILO METRICS<<<<<<<<<

[INFO] 18:52:03:544 Metricas/(9302:9308): >>STRONG CONSISTENCY<<

[INFO] 18:52:03:544 Metricas/(9302:9308): >Read Latency : 0
[INFO] 18:52:03:544 Metricas/(9302:9308): >Write Latency : 0
[INFO] 18:52:03:544 Metricas/(9302:9308): >Reads : 0
[INFO] 18:52:03:544 Metricas/(9302:9308): >Writes : 0

[INFO] 18:52:03:544 Metricas/(9302:9308): >>EVENTUAL  CONSISTENCY<<

[INFO] 18:52:03:544 Metricas/(9302:9308): >Read Latency : 0
[INFO] 18:52:03:544 Metricas/(9302:9308): >Write Latency : 0
[INFO] 18:52:03:544 Metricas/(9302:9308): >Reads : 0
[INFO] 18:52:03:544 Metricas/(9302:9308): >Writes : 0

[INFO] 18:52:03:544 Metricas/(9302:9308): >>STRONG HASH CONSISTENCY<<

[INFO] 18:52:03:544 Metricas/(9302:9308): >Read Latency : 0
[INFO] 18:52:03:544 Metricas/(9302:9308): >Write Latency : 0
[INFO] 18:52:03:544 Metricas/(9302:9308): >Reads : 0
[INFO] 18:52:03:544 Metricas/(9302:9308): >Writes : 0

[INFO] 18:52:03:544 Metricas/(9302:9308): --->MEMORY LOAD<---

[INFO] 18:52:03:544 Metricas/(9302:9308): Memoria 1 : 
[INFO] 18:52:03:544 Metricas/(9302:9308): 0 Ejecuciones  ->  0 % Memory load

[INFO] 18:52:33:545 Metricas/(9302:9308): >>>>>>>>>>EJECUCION HILO METRICS<<<<<<<<<

[INFO] 18:52:33:545 Metricas/(9302:9308): >>STRONG CONSISTENCY<<

[INFO] 18:52:33:545 Metricas/(9302:9308): >Read Latency : 0
[INFO] 18:52:33:545 Metricas/(9302:9308): >Write Latency : 0
[INFO] 18:52:33:545 Metricas/(9302:9308): >Reads : 0
[INFO] 18:52:33:545 Metricas/(9302:9308): >Writes : 0

[INFO] 18:52:33:545 Metricas/(9302:9308): >>EVENTUAL  CONSISTENCY<<

[INFO] 18:52:33:545 Metricas/(9302:9308): >Read Latency : 0
[INFO] 18:52:33:545 Metricas/(9302:9308): >Write Latency : 0
[INFO] 18:52:33:545 Metricas/(9302:9308): >Reads : 0
[INFO] 18:52:33:545 Metricas/(9302:9308): >Writes : 0

[INFO] 18:52:33:545 Metricas/(9302:9308): >>STRONG HASH CONSISTENCY<<

[INFO] 18:52:33:545 Metricas/(9302:9308): >Read Latency : 0
[INFO] 18:52:33:545 Metricas/(9302:9308): >Write Latency : 0
[INFO] 18:52:33:545 Metricas/(9302:9308): >Reads : 0
[INFO] 18:52:33:545 Metricas/(9302:9308): >Writes : 0

[INFO] 18:52:33:545 Metricas/(9302:9308): --->MEMORY LOAD<---

[INFO] 18:52:33:545 Metricas/(9302:9308): Memoria 1 : 
[INFO] 18:52:33:545 Metricas/(9302:9308): 0 Ejecuciones  ->  0 % Memory load

[INFO] 18:53:03:545 Metricas/(9302:9308): >>>>>>>>>>EJECUCION HILO METRICS<<<<<<<<<

[INFO] 18:53:03:545 Metricas/(9302:9308): >>STRONG CONSISTENCY<<

[INFO] 18:53:03:545 Metricas/(9302:9308): >Read Latency : 0
[INFO] 18:53:03:545 Metricas/(9302:9308): >Write Latency : 0
[INFO] 18:53:03:545 Metricas/(9302:9308): >Reads : 0
[INFO] 18:53:03:545 Metricas/(9302:9308): >Writes : 0

[INFO] 18:53:03:545 Metricas/(9302:9308): >>EVENTUAL  CONSISTENCY<<

[INFO] 18:53:03:545 Metricas/(9302:9308): >Read Latency : 0
[INFO] 18:53:03:545 Metricas/(9302:9308): >Write Latency : 0
[INFO] 18:53:03:545 Metricas/(9302:9308): >Reads : 0
[INFO] 18:53:03:546 Metricas/(9302:9308): >Writes : 0

[INFO] 18:53:03:546 Metricas/(9302:9308): >>STRONG HASH CONSISTENCY<<

[INFO] 18:53:03:546 Metricas/(9302:9308): >Read Latency : 0
[INFO] 18:53:03:546 Metricas/(9302:9308): >Write Latency : 0
[INFO] 18:53:03:546 Metricas/(9302:9308): >Reads : 0
[INFO] 18:53:03:546 Metricas/(9302:9308): >Writes : 0

[INFO] 18:53:03:546 Metricas/(9302:9308): --->MEMORY LOAD<---

[INFO] 18:53:03:546 Metricas/(9302:9308): Memoria 1 : 
[INFO] 18:53:03:546 Metricas/(9302:9308): 0 Ejecuciones  ->  0 % Memory load

[INFO] 18:53:33:546 Metricas/(9302:9308): >>>>>>>>>>EJECUCION HILO METRICS<<<<<<<<<

[INFO] 18:53:33:546 Metricas/(9302:9308): >>STRONG CONSISTENCY<<

[INFO] 18:53:33:546 Metricas/(9302:9308): >Read Latency : 0
[INFO] 18:53:33:546 Metricas/(9302:9308): >Write Latency : 0
[INFO] 18:53:33:546 Metricas/(9302:9308): >Reads : 0
[INFO] 18:53:33:546 Metricas/(9302:9308): >Writes : 0

[INFO] 18:53:33:546 Metricas/(9302:9308): >>EVENTUAL  CONSISTENCY<<

[INFO] 18:53:33:546 Metricas/(9302:9308): >Read Latency : 0
[INFO] 18:53:33:546 Metricas/(9302:9308): >Write Latency : 0
[INFO] 18:53:33:546 Metricas/(9302:9308): >Reads : 0
[INFO] 18:53:33:546 Metricas/(9302:9308): >Writes : 0

[INFO] 18:53:33:546 Metricas/(9302:9308): >>STRONG HASH CONSISTENCY<<

[INFO] 18:53:33:546 Metricas/(9302:9308): >Read Latency : 0
[INFO] 18:53:33:546 Metricas/(9302:9308): >Write Latency : 0
[INFO] 18:53:33:546 Metricas/(9302:9308): >Reads : 0
[INFO] 18:53:33:546 Metricas/(9302:9308): >Writes : 0

[INFO] 18:53:33:546 Metricas/(9302:9308): --->MEMORY LOAD<---

[INFO] 18:53:33:546 Metricas/(9302:9308): Memoria 1 : 
[INFO] 18:53:33:546 Metricas/(9302:9308): 0 Ejecuciones  ->  0 % Memory load

[INFO] 18:56:15:778 Metricas/(9772:9778): >>>>>>>>>>EJECUCION HILO METRICS<<<<<<<<<

[INFO] 18:56:15:778 Metricas/(9772:9778): >>STRONG CONSISTENCY<<

[INFO] 18:56:15:778 Metricas/(9772:9778): >Read Latency : 0
[INFO] 18:56:15:778 Metricas/(9772:9778): >Write Latency : 0
[INFO] 18:56:15:778 Metricas/(9772:9778): >Reads : 0
[INFO] 18:56:15:778 Metricas/(9772:9778): >Writes : 0

[INFO] 18:56:15:778 Metricas/(9772:9778): >>EVENTUAL  CONSISTENCY<<

[INFO] 18:56:15:778 Metricas/(9772:9778): >Read Latency : 0
[INFO] 18:56:15:778 Metricas/(9772:9778): >Write Latency : 0
[INFO] 18:56:15:778 Metricas/(9772:9778): >Reads : 0
[INFO] 18:56:15:778 Metricas/(9772:9778): >Writes : 0

[INFO] 18:56:15:778 Metricas/(9772:9778): >>STRONG HASH CONSISTENCY<<

[INFO] 18:56:15:778 Metricas/(9772:9778): >Read Latency : 0
[INFO] 18:56:15:778 Metricas/(9772:9778): >Write Latency : 0
[INFO] 18:56:15:778 Metricas/(9772:9778): >Reads : 0
[INFO] 18:56:15:778 Metricas/(9772:9778): >Writes : 0

[INFO] 18:56:15:778 Metricas/(9772:9778): --->MEMORY LOAD<---

[INFO] 18:56:15:778 Metricas/(9772:9778): Memoria 1 : 
[INFO] 18:56:15:778 Metricas/(9772:9778): 0 Ejecuciones  ->  0 % Memory load

[INFO] 18:56:45:779 Metricas/(9772:9778): >>>>>>>>>>EJECUCION HILO METRICS<<<<<<<<<

[INFO] 18:56:45:779 Metricas/(9772:9778): >>STRONG CONSISTENCY<<

[INFO] 18:56:45:779 Metricas/(9772:9778): >Read Latency : 0
[INFO] 18:56:45:779 Metricas/(9772:9778): >Write Latency : 0
[INFO] 18:56:45:779 Metricas/(9772:9778): >Reads : 0
[INFO] 18:56:45:779 Metricas/(9772:9778): >Writes : 0

[INFO] 18:56:45:779 Metricas/(9772:9778): >>EVENTUAL  CONSISTENCY<<

[INFO] 18:56:45:779 Metricas/(9772:9778): >Read Latency : 0
[INFO] 18:56:45:779 Metricas/(9772:9778): >Write Latency : 0
[INFO] 18:56:45:779 Metricas/(9772:9778): >Reads : 0
[INFO] 18:56:45:779 Metricas/(9772:9778): >Writes : 0

[INFO] 18:56:45:779 Metricas/(9772:9778): >>STRONG HASH CONSISTENCY<<

[INFO] 18:56:45:779 Metricas/(9772:9778): >Read Latency : 0
[INFO] 18:56:45:779 Metricas/(9772:9778): >Write Latency : 0
[INFO] 18:56:45:779 Metricas/(9772:9778): >Reads : 0
[INFO] 18:56:45:779 Metricas/(9772:9778): >Writes : 0

[INFO] 18:56:45:779 Metricas/(9772:9778): --->MEMORY LOAD<---

[INFO] 18:56:45:779 Metricas/(9772:9778): Memoria 1 : 
[INFO] 18:56:45:779 Metricas/(9772:9778): 0 Ejecuciones  ->  0 % Memory load

[INFO] 18:57:15:780 Metricas/(9772:9778): >>>>>>>>>>EJECUCION HILO METRICS<<<<<<<<<

[INFO] 18:57:15:780 Metricas/(9772:9778): >>STRONG CONSISTENCY<<

[INFO] 18:57:15:780 Metricas/(9772:9778): >Read Latency : 0
[INFO] 18:57:15:780 Metricas/(9772:9778): >Write Latency : 0
[INFO] 18:57:15:780 Metricas/(9772:9778): >Reads : 0
[INFO] 18:57:15:780 Metricas/(9772:9778): >Writes : 0

[INFO] 18:57:15:780 Metricas/(9772:9778): >>EVENTUAL  CONSISTENCY<<

[INFO] 18:57:15:780 Metricas/(9772:9778): >Read Latency : 0
[INFO] 18:57:15:780 Metricas/(9772:9778): >Write Latency : 0
[INFO] 18:57:15:780 Metricas/(9772:9778): >Reads : 0
[INFO] 18:57:15:780 Metricas/(9772:9778): >Writes : 0

[INFO] 18:57:15:780 Metricas/(9772:9778): >>STRONG HASH CONSISTENCY<<

[INFO] 18:57:15:780 Metricas/(9772:9778): >Read Latency : 0
[INFO] 18:57:15:780 Metricas/(9772:9778): >Write Latency : 0
[INFO] 18:57:15:780 Metricas/(9772:9778): >Reads : 0
[INFO] 18:57:15:780 Metricas/(9772:9778): >Writes : 0

[INFO] 18:57:15:780 Metricas/(9772:9778): --->MEMORY LOAD<---

[INFO] 18:57:15:780 Metricas/(9772:9778): Memoria 1 : 
[INFO] 18:57:15:780 Metricas/(9772:9778): 0 Ejecuciones  ->  0 % Memory load

[INFO] 18:57:45:780 Metricas/(9772:9778): >>>>>>>>>>EJECUCION HILO METRICS<<<<<<<<<

[INFO] 18:57:45:780 Metricas/(9772:9778): >>STRONG CONSISTENCY<<

[INFO] 18:57:45:780 Metricas/(9772:9778): >Read Latency : 0
[INFO] 18:57:45:780 Metricas/(9772:9778): >Write Latency : 0
[INFO] 18:57:45:780 Metricas/(9772:9778): >Reads : 0
[INFO] 18:57:45:780 Metricas/(9772:9778): >Writes : 0

[INFO] 18:57:45:781 Metricas/(9772:9778): >>EVENTUAL  CONSISTENCY<<

[INFO] 18:57:45:781 Metricas/(9772:9778): >Read Latency : 0
[INFO] 18:57:45:781 Metricas/(9772:9778): >Write Latency : 0
[INFO] 18:57:45:781 Metricas/(9772:9778): >Reads : 0
[INFO] 18:57:45:781 Metricas/(9772:9778): >Writes : 0

[INFO] 18:57:45:781 Metricas/(9772:9778): >>STRONG HASH CONSISTENCY<<

[INFO] 18:57:45:781 Metricas/(9772:9778): >Read Latency : 0
[INFO] 18:57:45:781 Metricas/(9772:9778): >Write Latency : 0
[INFO] 18:57:45:781 Metricas/(9772:9778): >Reads : 0
[INFO] 18:57:45:781 Metricas/(9772:9778): >Writes : 0

[INFO] 18:57:45:781 Metricas/(9772:9778): --->MEMORY LOAD<---

[INFO] 18:57:45:781 Metricas/(9772:9778): Memoria 1 : 
[INFO] 18:57:45:781 Metricas/(9772:9778): 0 Ejecuciones  ->  0 % Memory load

[INFO] 18:58:15:781 Metricas/(9772:9778): >>>>>>>>>>EJECUCION HILO METRICS<<<<<<<<<

[INFO] 18:58:15:781 Metricas/(9772:9778): >>STRONG CONSISTENCY<<

[INFO] 18:58:15:781 Metricas/(9772:9778): >Read Latency : 0
[INFO] 18:58:15:781 Metricas/(9772:9778): >Write Latency : 0
[INFO] 18:58:15:781 Metricas/(9772:9778): >Reads : 0
[INFO] 18:58:15:781 Metricas/(9772:9778): >Writes : 0

[INFO] 18:58:15:781 Metricas/(9772:9778): >>EVENTUAL  CONSISTENCY<<

[INFO] 18:58:15:781 Metricas/(9772:9778): >Read Latency : 0
[INFO] 18:58:15:781 Metricas/(9772:9778): >Write Latency : 0
[INFO] 18:58:15:781 Metricas/(9772:9778): >Reads : 0
[INFO] 18:58:15:781 Metricas/(9772:9778): >Writes : 0

[INFO] 18:58:15:781 Metricas/(9772:9778): >>STRONG HASH CONSISTENCY<<

[INFO] 18:58:15:781 Metricas/(9772:9778): >Read Latency : 0
[INFO] 18:58:15:781 Metricas/(9772:9778): >Write Latency : 0
[INFO] 18:58:15:781 Metricas/(9772:9778): >Reads : 0
[INFO] 18:58:15:781 Metricas/(9772:9778): >Writes : 0

[INFO] 18:58:15:782 Metricas/(9772:9778): --->MEMORY LOAD<---

[INFO] 18:58:15:782 Metricas/(9772:9778): Memoria 1 : 
[INFO] 18:58:15:782 Metricas/(9772:9778): 0 Ejecuciones  ->  0 % Memory load

[INFO] 23:47:19:23 Metricas/(25366:25379): >>>>>>>>>>EJECUCION HILO METRICS<<<<<<<<<

[INFO] 23:47:19:45 Metricas/(25366:25379): >>STRONG CONSISTENCY<<

[INFO] 23:47:19:56 Metricas/(25366:25379): >Read Latency : 0
[INFO] 23:47:19:61 Metricas/(25366:25379): >Write Latency : 0
[INFO] 23:47:19:64 Metricas/(25366:25379): >Reads : 0
[INFO] 23:47:19:65 Metricas/(25366:25379): >Writes : 0

[INFO] 23:47:19:76 Metricas/(25366:25379): >>EVENTUAL  CONSISTENCY<<

[INFO] 23:47:19:76 Metricas/(25366:25379): >Read Latency : 0
[INFO] 23:47:19:77 Metricas/(25366:25379): >Write Latency : 0
[INFO] 23:47:19:77 Metricas/(25366:25379): >Reads : 0
[INFO] 23:47:19:78 Metricas/(25366:25379): >Writes : 0

[INFO] 23:47:19:79 Metricas/(25366:25379): >>STRONG HASH CONSISTENCY<<

[INFO] 23:47:19:79 Metricas/(25366:25379): >Read Latency : 0
[INFO] 23:47:19:83 Metricas/(25366:25379): >Write Latency : 0
[INFO] 23:47:19:84 Metricas/(25366:25379): >Reads : 0
[INFO] 23:47:19:84 Metricas/(25366:25379): >Writes : 0

[INFO] 23:47:19:87 Metricas/(25366:25379): --->MEMORY LOAD<---

[INFO] 23:47:19:89 Metricas/(25366:25379): Memoria 1 : 
[INFO] 23:47:19:108 Metricas/(25366:25379): 0 Ejecuciones  ->  0 % Memory load

[INFO] 00:06:40:539 Metricas/(26122:26130): >>>>>>>>>>EJECUCION HILO METRICS<<<<<<<<<

[INFO] 00:06:40:580 Metricas/(26122:26130): >>STRONG CONSISTENCY<<

[INFO] 00:06:40:588 Metricas/(26122:26130): >Read Latency : 0
[INFO] 00:06:40:593 Metricas/(26122:26130): >Write Latency : 0
[INFO] 00:06:40:594 Metricas/(26122:26130): >Reads : 0
[INFO] 00:06:40:611 Metricas/(26122:26130): >Writes : 0

[INFO] 00:06:40:612 Metricas/(26122:26130): >>EVENTUAL  CONSISTENCY<<

[INFO] 00:06:40:612 Metricas/(26122:26130): >Read Latency : 0
[INFO] 00:06:40:613 Metricas/(26122:26130): >Write Latency : 0
[INFO] 00:06:40:613 Metricas/(26122:26130): >Reads : 0
[INFO] 00:06:40:613 Metricas/(26122:26130): >Writes : 0

[INFO] 00:06:40:614 Metricas/(26122:26130): >>STRONG HASH CONSISTENCY<<

[INFO] 00:06:40:614 Metricas/(26122:26130): >Read Latency : 0
[INFO] 00:06:40:615 Metricas/(26122:26130): >Write Latency : 0
[INFO] 00:06:40:615 Metricas/(26122:26130): >Reads : 0
[INFO] 00:06:40:624 Metricas/(26122:26130): >Writes : 0

[INFO] 00:06:40:624 Metricas/(26122:26130): --->MEMORY LOAD<---

[INFO] 00:06:40:627 Metricas/(26122:26130): Memoria 1 : 
[INFO] 00:06:40:668 Metricas/(26122:26130): 0 Ejecuciones  ->  0 % Memory load

