[INFO] 16:40:37:566 Pool Memory/(16892:16892): Se establecio conexion con el File System Lissandra.
[INFO] 16:40:37:566 Pool Memory/(16892:16892): Se realizo el handshake, obteniendo un tamanio value = 60
[INFO] 16:40:37:566 Pool Memory/(16892:16892): Se guardan las siguientes seeds: 
[INFO] 16:40:37:566 Pool Memory/(16892:16892): IP: 192.168.1.41
[INFO] 16:40:37:566 Pool Memory/(16892:16892): PUERTO: 8002
[INFO] 16:40:37:566 Pool Memory/(16892:16892): Se inicializo la memoria con los siguientes atributos:
[INFO] 16:40:37:566 Pool Memory/(16892:16892): Tamanio de memoria: 320 bytes
[INFO] 16:40:37:566 Pool Memory/(16892:16892): Cantidad maxima de datos: 4
[INFO] 16:40:37:566 Pool Memory/(16892:16892): Numero de memoria: 1
[INFO] 16:40:37:566 Pool Memory/(16892:16892): Se inicializaron hilos para el Auto-Gossiping, Auto-Journal e Inotify
[INFO] 16:40:43:803 Pool Memory/(16892:16892): Se conecto un cliente

[INFO] 16:41:03:317 Pool Memory/(16892:16892): Se creo el Segmento COLORS
[INFO] 16:41:03:318 Pool Memory/(16892:16892): Se solicita una NUEVA PAGINA
[INFO] 16:41:03:318 Pool Memory/(16892:16892): Hay una PAGINA LIBRE para asignar.
[INFO] 16:41:03:318 Pool Memory/(16892:16892): Se le agrego una pagina al Segmento COLORS
[INFO] 16:41:03:332 Pool Memory/(16892:16892): Se solicita una NUEVA PAGINA
[INFO] 16:41:03:332 Pool Memory/(16892:16892): Hay una PAGINA LIBRE para asignar.
[INFO] 16:41:03:332 Pool Memory/(16892:16892): Se le agrego una pagina al Segmento COLORS
[INFO] 16:41:28:813 Pool Memory/(16892:16892): Se produjo una desconexion con lissandra
[INFO] 16:41:37:567 Pool Memory/(16892:16897): No se posee una conexion con lissandra, nos intentamos reconectar
[INFO] 16:41:37:567 Pool Memory/(16892:16897): No se pudo establecer la reconexion
[INFO] 16:41:37:569 Pool Memory/(16892:16897): No se posee una conexion con lissandra, nos intentamos reconectar
[INFO] 16:41:37:569 Pool Memory/(16892:16897): No se pudo establecer la reconexion
[INFO] 16:41:37:569 Pool Memory/(16892:16897): Se vacio la tabla de segmentos
[INFO] 16:41:37:877 Pool Memory/(16892:16892): Se creo el Segmento COLORS
[INFO] 16:41:37:877 Pool Memory/(16892:16892): No se posee una conexion con lissandra, nos intentamos reconectar
[INFO] 16:41:37:877 Pool Memory/(16892:16892): No se pudo establecer la reconexion
[INFO] 16:41:43:814 Pool Memory/(16892:16892): No se posee una conexion con lissandra, nos intentamos reconectar
[INFO] 16:41:43:814 Pool Memory/(16892:16892): No se pudo establecer la reconexion
[INFO] 16:42:52:155 Pool Memory/(16992:16992): Se establecio conexion con el File System Lissandra.
[INFO] 16:42:52:155 Pool Memory/(16992:16992): Se realizo el handshake, obteniendo un tamanio value = 60
[INFO] 16:42:52:155 Pool Memory/(16992:16992): Se guardan las siguientes seeds: 
[INFO] 16:42:52:155 Pool Memory/(16992:16992): IP: 192.168.1.41
[INFO] 16:42:52:155 Pool Memory/(16992:16992): PUERTO: 8002
[INFO] 16:42:52:155 Pool Memory/(16992:16992): Se inicializo la memoria con los siguientes atributos:
[INFO] 16:42:52:155 Pool Memory/(16992:16992): Tamanio de memoria: 320 bytes
[INFO] 16:42:52:155 Pool Memory/(16992:16992): Cantidad maxima de datos: 4
[INFO] 16:42:52:155 Pool Memory/(16992:16992): Numero de memoria: 1
[INFO] 16:42:52:155 Pool Memory/(16992:16992): Se inicializaron hilos para el Auto-Gossiping, Auto-Journal e Inotify
[INFO] 16:42:55:96 Pool Memory/(16992:16992): Se conecto un cliente

[INFO] 16:43:26:54 Pool Memory/(16992:16992): Se creo el Segmento COLORS
[INFO] 16:43:26:58 Pool Memory/(16992:16992): Se solicita una NUEVA PAGINA
[INFO] 16:43:26:58 Pool Memory/(16992:16992): Hay una PAGINA LIBRE para asignar.
[INFO] 16:43:26:58 Pool Memory/(16992:16992): Se le agrego una pagina al Segmento COLORS
[INFO] 16:43:26:70 Pool Memory/(16992:16992): Se solicita una NUEVA PAGINA
[INFO] 16:43:26:70 Pool Memory/(16992:16992): Hay una PAGINA LIBRE para asignar.
[INFO] 16:43:26:70 Pool Memory/(16992:16992): Se le agrego una pagina al Segmento COLORS
[INFO] 16:43:40:107 Pool Memory/(16992:16992): Se produjo una desconexion con lissandra
[INFO] 16:43:52:156 Pool Memory/(16992:16997): No se posee una conexion con lissandra, nos intentamos reconectar
[INFO] 16:43:52:158 Pool Memory/(16992:16997): No se pudo establecer la reconexion
[INFO] 16:43:52:158 Pool Memory/(16992:16997): No se posee una conexion con lissandra, nos intentamos reconectar
[INFO] 16:43:52:158 Pool Memory/(16992:16997): No se pudo establecer la reconexion
[INFO] 16:43:52:158 Pool Memory/(16992:16997): Se vacio la tabla de segmentos
[INFO] 16:43:55:109 Pool Memory/(16992:16992): No se posee una conexion con lissandra, nos intentamos reconectar
[INFO] 16:43:55:109 Pool Memory/(16992:16992): No se pudo establecer la reconexion
[INFO] 16:44:10:110 Pool Memory/(16992:16992): No se posee una conexion con lissandra, nos intentamos reconectar
[INFO] 16:44:10:112 Pool Memory/(16992:16992): No se pudo establecer la reconexion
[INFO] 16:44:25:113 Pool Memory/(16992:16992): No se posee una conexion con lissandra, nos intentamos reconectar
[INFO] 16:44:25:114 Pool Memory/(16992:16992): No se pudo establecer la reconexion
[INFO] 16:44:31:305 Pool Memory/(16992:16992): No se posee una conexion con lissandra, nos intentamos reconectar
[INFO] 16:44:31:305 Pool Memory/(16992:16992): No se pudo establecer la reconexion
[INFO] 16:44:40:115 Pool Memory/(16992:16992): No se posee una conexion con lissandra, nos intentamos reconectar
[INFO] 16:44:40:116 Pool Memory/(16992:16992): No se pudo establecer la reconexion
[INFO] 16:44:44:696 Pool Memory/(16992:16992): Se creo el Segmento COLORS
[INFO] 16:44:44:696 Pool Memory/(16992:16992): No se posee una conexion con lissandra, nos intentamos reconectar
[INFO] 16:44:44:696 Pool Memory/(16992:16992): No se pudo establecer la reconexion
[INFO] 16:44:52:159 Pool Memory/(16992:16997): Se vacio la tabla de segmentos
[INFO] 16:44:55:118 Pool Memory/(16992:16992): No se posee una conexion con lissandra, nos intentamos reconectar
[INFO] 16:44:55:119 Pool Memory/(16992:16992): No se pudo establecer la reconexion
[INFO] 16:45:10:120 Pool Memory/(16992:16992): No se posee una conexion con lissandra, nos intentamos reconectar
[INFO] 16:45:10:121 Pool Memory/(16992:16992): No se pudo establecer la reconexion
[INFO] 16:45:14:941 Pool Memory/(16992:16992): Se liberan los hilos de ejecucion
[INFO] 16:45:14:941 Pool Memory/(16992:16992): Se vacio la tabla de segmentos
[INFO] 16:45:14:943 Pool Memory/(16992:16992): Se libero la memoria principal
[INFO] 16:45:14:943 Pool Memory/(16992:16992): Termino el programa memoria

[INFO] 16:46:57:5 Pool Memory/(17136:17136): Se establecio conexion con el File System Lissandra.
[INFO] 16:46:57:5 Pool Memory/(17136:17136): Se realizo el handshake, obteniendo un tamanio value = 60
[INFO] 16:46:57:5 Pool Memory/(17136:17136): Se guardan las siguientes seeds: 
[INFO] 16:46:57:5 Pool Memory/(17136:17136): IP: 192.168.1.41
[INFO] 16:46:57:5 Pool Memory/(17136:17136): PUERTO: 8002
[INFO] 16:46:57:5 Pool Memory/(17136:17136): Se inicializo la memoria con los siguientes atributos:
[INFO] 16:46:57:5 Pool Memory/(17136:17136): Tamanio de memoria: 320 bytes
[INFO] 16:46:57:5 Pool Memory/(17136:17136): Cantidad maxima de datos: 4
[INFO] 16:46:57:5 Pool Memory/(17136:17136): Numero de memoria: 1
[INFO] 16:46:57:5 Pool Memory/(17136:17136): Se inicializaron hilos para el Auto-Gossiping, Auto-Journal e Inotify
[INFO] 16:47:17:664 Pool Memory/(17150:17150): Se establecio conexion con el File System Lissandra.
[INFO] 16:47:17:703 Pool Memory/(17150:17150): Se realizo el handshake, obteniendo un tamanio value = 60
[INFO] 16:47:17:721 Pool Memory/(17150:17150): Se guardan las siguientes seeds: 
[INFO] 16:47:17:732 Pool Memory/(17150:17150): IP: 192.168.1.41
[INFO] 16:47:17:732 Pool Memory/(17150:17150): PUERTO: 8002
[INFO] 16:47:17:734 Pool Memory/(17150:17150): Se inicializo la memoria con los siguientes atributos:
[INFO] 16:47:17:735 Pool Memory/(17150:17150): Tamanio de memoria: 320 bytes
[INFO] 16:47:17:735 Pool Memory/(17150:17150): Cantidad maxima de datos: 4
[INFO] 16:47:17:736 Pool Memory/(17150:17150): Numero de memoria: 1
[INFO] 16:47:17:781 Pool Memory/(17150:17150): Se inicializaron hilos para el Auto-Gossiping, Auto-Journal e Inotify
[INFO] 16:47:20:551 Pool Memory/(17150:17150): Se liberan los hilos de ejecucion
[INFO] 16:47:20:576 Pool Memory/(17150:17150): Se va a cerrar la memoria
[INFO] 16:47:20:581 Pool Memory/(17150:17150): Se realiza un JOURNAL para cerrar la memoria correctamente
[INFO] 16:47:20:585 Pool Memory/(17150:17150): Se vacio la tabla de segmentos
[INFO] 16:47:20:588 Pool Memory/(17150:17150): Se vacio la tabla de segmentos
[INFO] 16:47:20:592 Pool Memory/(17150:17150): Se libero la memoria principal
[INFO] 16:47:20:593 Pool Memory/(17150:17150): Termino el programa memoria

[INFO] 16:49:05:175 Pool Memory/(17212:17212): Se establecio conexion con el File System Lissandra.
[INFO] 16:49:05:217 Pool Memory/(17212:17212): Se realizo el handshake, obteniendo un tamanio value = 60
[INFO] 16:49:05:230 Pool Memory/(17212:17212): Se guardan las siguientes seeds: 
[INFO] 16:49:05:241 Pool Memory/(17212:17212): IP: 192.168.1.41
[INFO] 16:49:05:241 Pool Memory/(17212:17212): PUERTO: 8002
[INFO] 16:49:05:243 Pool Memory/(17212:17212): Se inicializo la memoria con los siguientes atributos:
[INFO] 16:49:05:244 Pool Memory/(17212:17212): Tamanio de memoria: 320 bytes
[INFO] 16:49:05:244 Pool Memory/(17212:17212): Cantidad maxima de datos: 4
[INFO] 16:49:05:245 Pool Memory/(17212:17212): Numero de memoria: 1
[INFO] 16:49:05:279 Pool Memory/(17212:17212): Se inicializaron hilos para el Auto-Gossiping, Auto-Journal e Inotify
[INFO] 16:49:08:666 Pool Memory/(17212:17212): Se conecto un cliente

[INFO] 16:49:37:3 Pool Memory/(17212:17212): Se creo el Segmento COLORS
[INFO] 16:49:38:62 Pool Memory/(17212:17212): Se solicita una NUEVA PAGINA
[INFO] 16:49:38:63 Pool Memory/(17212:17212): Hay una PAGINA LIBRE para asignar.
[INFO] 16:49:38:69 Pool Memory/(17212:17212): Se le agrego una pagina al Segmento COLORS
[INFO] 16:49:38:158 Pool Memory/(17212:17212): Se solicita una NUEVA PAGINA
[INFO] 16:49:38:159 Pool Memory/(17212:17212): Hay una PAGINA LIBRE para asignar.
[INFO] 16:49:38:159 Pool Memory/(17212:17212): Se le agrego una pagina al Segmento COLORS
[INFO] 16:49:58:553 Pool Memory/(17212:17212): Se liberan los hilos de ejecucion
[INFO] 16:49:58:600 Pool Memory/(17212:17212): Se va a cerrar la memoria
[INFO] 16:49:58:606 Pool Memory/(17212:17212): Se realiza un JOURNAL para cerrar la memoria correctamente
[INFO] 16:49:58:643 Pool Memory/(17212:17212): Se vacio la tabla de segmentos
[INFO] 16:49:58:647 Pool Memory/(17212:17212): Se vacio la tabla de segmentos
[INFO] 16:49:58:649 Pool Memory/(17212:17212): Se libero la memoria principal
[INFO] 16:49:58:651 Pool Memory/(17212:17212): Termino el programa memoria

[INFO] 16:52:01:587 Pool Memory/(17291:17291): Se establecio conexion con el File System Lissandra.
[INFO] 16:52:01:626 Pool Memory/(17291:17291): Se realizo el handshake, obteniendo un tamanio value = 60
[INFO] 16:52:01:645 Pool Memory/(17291:17291): Se guardan las siguientes seeds: 
[INFO] 16:52:01:656 Pool Memory/(17291:17291): IP: 192.168.1.41
[INFO] 16:52:01:657 Pool Memory/(17291:17291): PUERTO: 8002
[INFO] 16:52:01:659 Pool Memory/(17291:17291): Se inicializo la memoria con los siguientes atributos:
[INFO] 16:52:01:659 Pool Memory/(17291:17291): Tamanio de memoria: 320 bytes
[INFO] 16:52:01:660 Pool Memory/(17291:17291): Cantidad maxima de datos: 4
[INFO] 16:52:01:661 Pool Memory/(17291:17291): Numero de memoria: 1
[INFO] 16:52:01:693 Pool Memory/(17291:17291): Se inicializaron hilos para el Auto-Gossiping, Auto-Journal e Inotify
[INFO] 16:52:07:286 Pool Memory/(17291:17291): Se liberan los hilos de ejecucion
[INFO] 16:52:07:314 Pool Memory/(17291:17291): Se va a cerrar la memoria
[INFO] 16:52:07:320 Pool Memory/(17291:17291): Se realiza un JOURNAL para cerrar la memoria correctamente
[INFO] 16:52:07:324 Pool Memory/(17291:17291): Se vacio la tabla de segmentos
[INFO] 16:52:07:327 Pool Memory/(17291:17291): Se vacio la tabla de segmentos
[INFO] 16:52:07:332 Pool Memory/(17291:17291): Se libero la memoria principal
[INFO] 16:52:07:333 Pool Memory/(17291:17291): Termino el programa memoria

[INFO] 16:52:56:494 Pool Memory/(17309:17309): Se establecio conexion con el File System Lissandra.
[INFO] 16:52:56:537 Pool Memory/(17309:17309): Se realizo el handshake, obteniendo un tamanio value = 60
[INFO] 16:52:56:552 Pool Memory/(17309:17309): Se guardan las siguientes seeds: 
[INFO] 16:52:56:565 Pool Memory/(17309:17309): IP: 192.168.1.41
[INFO] 16:52:56:566 Pool Memory/(17309:17309): PUERTO: 8002
[INFO] 16:52:56:568 Pool Memory/(17309:17309): Se inicializo la memoria con los siguientes atributos:
[INFO] 16:52:56:568 Pool Memory/(17309:17309): Tamanio de memoria: 320 bytes
[INFO] 16:52:56:569 Pool Memory/(17309:17309): Cantidad maxima de datos: 4
[INFO] 16:52:56:569 Pool Memory/(17309:17309): Numero de memoria: 1
[INFO] 16:52:56:601 Pool Memory/(17309:17309): Se inicializaron hilos para el Auto-Gossiping, Auto-Journal e Inotify
[INFO] 16:53:02:597 Pool Memory/(17309:17309): Se conecto un cliente

[INFO] 16:53:23:800 Pool Memory/(17309:17309): Se creo el Segmento COLORS
[INFO] 16:53:23:818 Pool Memory/(17309:17309): Se solicita una NUEVA PAGINA
[INFO] 16:53:23:819 Pool Memory/(17309:17309): Hay una PAGINA LIBRE para asignar.
[INFO] 16:53:23:832 Pool Memory/(17309:17309): Se le agrego una pagina al Segmento COLORS
[INFO] 16:53:32:200 Pool Memory/(17309:17309): Se liberan los hilos de ejecucion
[INFO] 16:53:32:239 Pool Memory/(17309:17309): Se va a cerrar la memoria
[INFO] 16:53:32:245 Pool Memory/(17309:17309): Se realiza un JOURNAL para cerrar la memoria correctamente
[INFO] 16:53:32:256 Pool Memory/(17309:17309): Se vacio la tabla de segmentos
[INFO] 16:53:32:258 Pool Memory/(17309:17309): Se vacio la tabla de segmentos
[INFO] 16:53:32:260 Pool Memory/(17309:17309): Se libero la memoria principal
[INFO] 16:53:32:261 Pool Memory/(17309:17309): Termino el programa memoria

[INFO] 16:56:09:350 Pool Memory/(17375:17375): Se establecio conexion con el File System Lissandra.
[INFO] 16:56:09:385 Pool Memory/(17375:17375): Se realizo el handshake, obteniendo un tamanio value = 60
[INFO] 16:56:09:404 Pool Memory/(17375:17375): Se guardan las siguientes seeds: 
[INFO] 16:56:09:415 Pool Memory/(17375:17375): IP: 192.168.1.41
[INFO] 16:56:09:415 Pool Memory/(17375:17375): PUERTO: 8002
[INFO] 16:56:09:417 Pool Memory/(17375:17375): Se inicializo la memoria con los siguientes atributos:
[INFO] 16:56:09:418 Pool Memory/(17375:17375): Tamanio de memoria: 320 bytes
[INFO] 16:56:09:419 Pool Memory/(17375:17375): Cantidad maxima de datos: 4
[INFO] 16:56:09:419 Pool Memory/(17375:17375): Numero de memoria: 1
[INFO] 16:56:09:452 Pool Memory/(17375:17375): Se inicializaron hilos para el Auto-Gossiping, Auto-Journal e Inotify
[INFO] 16:56:26:68 Pool Memory/(17375:17375): Se conecto un cliente

[INFO] 16:56:46:973 Pool Memory/(17375:17375): Se creo el Segmento COLORS
[INFO] 16:56:46:990 Pool Memory/(17375:17375): Se solicita una NUEVA PAGINA
[INFO] 16:56:46:997 Pool Memory/(17375:17375): Hay una PAGINA LIBRE para asignar.
[INFO] 16:56:46:998 Pool Memory/(17375:17375): Se le agrego una pagina al Segmento COLORS
[INFO] 16:56:59:688 Pool Memory/(17375:17375): Se solicita una NUEVA PAGINA
[INFO] 16:56:59:688 Pool Memory/(17375:17375): Hay una PAGINA LIBRE para asignar.
[INFO] 16:56:59:700 Pool Memory/(17375:17375): Se le agrego una pagina al Segmento COLORS
[INFO] 16:57:09:501 Pool Memory/(17375:17381): Se vacio la tabla de segmentos
[INFO] 16:57:12:458 Pool Memory/(17375:17375): Se vacio la tabla de segmentos
[INFO] 16:57:31:711 Pool Memory/(17375:17375): Se liberan los hilos de ejecucion
[INFO] 16:57:31:746 Pool Memory/(17375:17375): Se va a cerrar la memoria
[INFO] 16:57:31:752 Pool Memory/(17375:17375): Se realiza un JOURNAL para cerrar la memoria correctamente
[INFO] 16:57:31:753 Pool Memory/(17375:17375): Se vacio la tabla de segmentos
[INFO] 16:57:31:754 Pool Memory/(17375:17375): Se vacio la tabla de segmentos
[INFO] 16:57:31:756 Pool Memory/(17375:17375): Se libero la memoria principal
[INFO] 16:57:31:757 Pool Memory/(17375:17375): Termino el programa memoria

[INFO] 17:09:23:129 Pool Memory/(17775:17775): Se establecio conexion con el File System Lissandra.
[INFO] 17:09:23:172 Pool Memory/(17775:17775): Se realizo el handshake, obteniendo un tamanio value = 60
[INFO] 17:09:23:191 Pool Memory/(17775:17775): Se guardan las siguientes seeds: 
[INFO] 17:09:23:203 Pool Memory/(17775:17775): IP: 192.168.1.41
[INFO] 17:09:23:203 Pool Memory/(17775:17775): PUERTO: 8002
[INFO] 17:09:23:205 Pool Memory/(17775:17775): Se inicializo la memoria con los siguientes atributos:
[INFO] 17:09:23:206 Pool Memory/(17775:17775): Tamanio de memoria: 320 bytes
[INFO] 17:09:23:206 Pool Memory/(17775:17775): Cantidad maxima de datos: 4
[INFO] 17:09:23:207 Pool Memory/(17775:17775): Numero de memoria: 1
[INFO] 17:09:23:239 Pool Memory/(17775:17775): Se inicializaron hilos para el Auto-Gossiping, Auto-Journal e Inotify
[INFO] 17:09:25:954 Pool Memory/(17775:17775): Se conecto un cliente

[INFO] 17:10:01:352 Pool Memory/(17775:17775): Se creo el Segmento COLORS
[INFO] 17:10:01:401 Pool Memory/(17775:17775): Se solicita una NUEVA PAGINA
[INFO] 17:10:01:402 Pool Memory/(17775:17775): Hay una PAGINA LIBRE para asignar.
[INFO] 17:10:01:408 Pool Memory/(17775:17775): Se le agrego una pagina al Segmento COLORS
[INFO] 17:10:01:510 Pool Memory/(17775:17775): Se solicita una NUEVA PAGINA
[INFO] 17:10:01:511 Pool Memory/(17775:17775): Hay una PAGINA LIBRE para asignar.
[INFO] 17:10:01:511 Pool Memory/(17775:17775): Se le agrego una pagina al Segmento COLORS
[INFO] 17:10:18:804 Pool Memory/(17775:17775): Se solicita una NUEVA PAGINA
[INFO] 17:10:18:804 Pool Memory/(17775:17775): Hay una PAGINA LIBRE para asignar.
[INFO] 17:10:18:804 Pool Memory/(17775:17775): Se le agrego una pagina al Segmento COLORS
[INFO] 17:10:23:292 Pool Memory/(17775:17782): Se vacio la tabla de segmentos
[INFO] 17:10:29:829 Pool Memory/(17775:17775): Se creo el Segmento COLORS
[INFO] 17:10:29:830 Pool Memory/(17775:17775): Se solicita una NUEVA PAGINA
[INFO] 17:10:29:831 Pool Memory/(17775:17775): Hay una PAGINA LIBRE para asignar.
[INFO] 17:10:29:831 Pool Memory/(17775:17775): Se le agrego una pagina al Segmento COLORS
[INFO] 17:10:39:250 Pool Memory/(17775:17775): Se vacio la tabla de segmentos
[INFO] 17:10:43:520 Pool Memory/(17775:17775): Se desconecto un cliente.
[INFO] 17:10:46:167 Pool Memory/(17775:17775): Se liberan los hilos de ejecucion
[INFO] 17:10:46:203 Pool Memory/(17775:17775): Se va a cerrar la memoria
[INFO] 17:10:46:206 Pool Memory/(17775:17775): Se realiza un JOURNAL para cerrar la memoria correctamente
[INFO] 17:10:46:210 Pool Memory/(17775:17775): Se vacio la tabla de segmentos
[INFO] 17:10:46:212 Pool Memory/(17775:17775): Se vacio la tabla de segmentos
[INFO] 17:10:46:214 Pool Memory/(17775:17775): Se libero la memoria principal
[INFO] 17:10:46:218 Pool Memory/(17775:17775): Termino el programa memoria

[INFO] 17:15:54:555 Pool Memory/(17945:17945): Se establecio conexion con el File System Lissandra.
[INFO] 17:15:54:602 Pool Memory/(17945:17945): Se realizo el handshake, obteniendo un tamanio value = 60
[INFO] 17:15:54:611 Pool Memory/(17945:17945): Se guardan las siguientes seeds: 
[INFO] 17:15:54:621 Pool Memory/(17945:17945): IP: 192.168.1.41
[INFO] 17:15:54:622 Pool Memory/(17945:17945): PUERTO: 8002
[INFO] 17:15:54:624 Pool Memory/(17945:17945): Se inicializo la memoria con los siguientes atributos:
[INFO] 17:15:54:624 Pool Memory/(17945:17945): Tamanio de memoria: 320 bytes
[INFO] 17:15:54:625 Pool Memory/(17945:17945): Cantidad maxima de datos: 4
[INFO] 17:15:54:625 Pool Memory/(17945:17945): Numero de memoria: 1
[INFO] 17:15:54:658 Pool Memory/(17945:17945): Se inicializaron hilos para el Auto-Gossiping, Auto-Journal e Inotify
[INFO] 17:15:54:893 Pool Memory/(17945:17945): Se conecto un cliente

[INFO] 17:16:32:500 Pool Memory/(17945:17945): Se creo el Segmento COLORS
[INFO] 17:16:32:566 Pool Memory/(17945:17945): Se solicita una NUEVA PAGINA
[INFO] 17:16:32:568 Pool Memory/(17945:17945): Hay una PAGINA LIBRE para asignar.
[INFO] 17:16:32:586 Pool Memory/(17945:17945): Se le agrego una pagina al Segmento COLORS
[INFO] 17:16:32:670 Pool Memory/(17945:17945): Se solicita una NUEVA PAGINA
[INFO] 17:16:32:678 Pool Memory/(17945:17945): Hay una PAGINA LIBRE para asignar.
[INFO] 17:16:32:678 Pool Memory/(17945:17945): Se le agrego una pagina al Segmento COLORS
[INFO] 17:16:40:833 Pool Memory/(17945:17945): Se vacio la tabla de segmentos
[INFO] 17:16:54:639 Pool Memory/(17945:17945): Se desconecto un cliente.
[INFO] 17:16:54:663 Pool Memory/(17945:17951): Se vacio la tabla de segmentos
[INFO] 17:16:59:422 Pool Memory/(17945:17945): Se liberan los hilos de ejecucion
[INFO] 17:16:59:447 Pool Memory/(17945:17945): Se va a cerrar la memoria
[INFO] 17:16:59:450 Pool Memory/(17945:17945): Se realiza un JOURNAL para cerrar la memoria correctamente
[INFO] 17:16:59:451 Pool Memory/(17945:17945): Se vacio la tabla de segmentos
[INFO] 17:16:59:452 Pool Memory/(17945:17945): Se vacio la tabla de segmentos
[INFO] 17:16:59:457 Pool Memory/(17945:17945): Se libero la memoria principal
[INFO] 17:16:59:459 Pool Memory/(17945:17945): Termino el programa memoria

[INFO] 17:18:41:98 Pool Memory/(18031:18031): Se establecio conexion con el File System Lissandra.
[INFO] 17:18:42:143 Pool Memory/(18031:18031): Se realizo el handshake, obteniendo un tamanio value = 60
[INFO] 17:18:42:153 Pool Memory/(18031:18031): Se guardan las siguientes seeds: 
[INFO] 17:18:42:163 Pool Memory/(18031:18031): IP: 192.168.1.41
[INFO] 17:18:42:164 Pool Memory/(18031:18031): PUERTO: 8002
[INFO] 17:18:42:165 Pool Memory/(18031:18031): Se inicializo la memoria con los siguientes atributos:
[INFO] 17:18:42:166 Pool Memory/(18031:18031): Tamanio de memoria: 320 bytes
[INFO] 17:18:42:167 Pool Memory/(18031:18031): Cantidad maxima de datos: 4
[INFO] 17:18:42:167 Pool Memory/(18031:18031): Numero de memoria: 1
[INFO] 17:18:42:199 Pool Memory/(18031:18031): Se inicializaron hilos para el Auto-Gossiping, Auto-Journal e Inotify
[INFO] 17:18:49:391 Pool Memory/(18031:18031): Se conecto un cliente

[INFO] 17:18:59:756 Pool Memory/(18031:18031): Se creo el Segmento COLORS
[INFO] 17:18:59:805 Pool Memory/(18031:18031): Se solicita una NUEVA PAGINA
[INFO] 17:18:59:806 Pool Memory/(18031:18031): Hay una PAGINA LIBRE para asignar.
[INFO] 17:18:59:826 Pool Memory/(18031:18031): Se le agrego una pagina al Segmento COLORS
[INFO] 17:18:59:924 Pool Memory/(18031:18031): Se solicita una NUEVA PAGINA
[INFO] 17:18:59:924 Pool Memory/(18031:18031): Hay una PAGINA LIBRE para asignar.
[INFO] 17:18:59:925 Pool Memory/(18031:18031): Se le agrego una pagina al Segmento COLORS
[INFO] 17:19:07:802 Pool Memory/(18031:18031): Se vacio la tabla de segmentos
[INFO] 17:19:28:960 Pool Memory/(18031:18031): Se creo el Segmento MARCAS
[INFO] 17:19:28:980 Pool Memory/(18031:18031): Se solicita una NUEVA PAGINA
[INFO] 17:19:28:986 Pool Memory/(18031:18031): Hay una PAGINA LIBRE para asignar.
[INFO] 17:19:28:986 Pool Memory/(18031:18031): Se le agrego una pagina al Segmento MARCAS
[INFO] 17:19:42:223 Pool Memory/(18031:18040): Se vacio la tabla de segmentos
[INFO] 17:19:43:146 Pool Memory/(18031:18031): Se creo el Segmento MARCAS
[INFO] 17:19:43:148 Pool Memory/(18031:18031): Se solicita una NUEVA PAGINA
[INFO] 17:19:43:148 Pool Memory/(18031:18031): Hay una PAGINA LIBRE para asignar.
[INFO] 17:19:43:149 Pool Memory/(18031:18031): Se le agrego una pagina al Segmento MARCAS
[INFO] 17:19:50:235 Pool Memory/(18031:18031): Se vacio la tabla de segmentos
[INFO] 17:20:00:995 Pool Memory/(18031:18031): Se creo el Segmento TABLA_B
[INFO] 17:20:07:628 Pool Memory/(18031:18031): Se elimina el segmento de la tabla TABLA_B, de la memoria
[INFO] 17:20:14:17 Pool Memory/(18031:18031): Se liberan los hilos de ejecucion
[INFO] 17:20:14:52 Pool Memory/(18031:18031): Se va a cerrar la memoria
[INFO] 17:20:14:57 Pool Memory/(18031:18031): Se realiza un JOURNAL para cerrar la memoria correctamente
[INFO] 17:20:14:58 Pool Memory/(18031:18031): Se vacio la tabla de segmentos
[INFO] 17:20:14:59 Pool Memory/(18031:18031): Se vacio la tabla de segmentos
[INFO] 17:20:14:62 Pool Memory/(18031:18031): Se libero la memoria principal
[INFO] 17:20:14:63 Pool Memory/(18031:18031): Termino el programa memoria

[INFO] 17:21:42:876 Pool Memory/(18140:18140): Se establecio conexion con el File System Lissandra.
[INFO] 17:21:42:915 Pool Memory/(18140:18140): Se realizo el handshake, obteniendo un tamanio value = 60
[INFO] 17:21:42:923 Pool Memory/(18140:18140): Se guardan las siguientes seeds: 
[INFO] 17:21:42:933 Pool Memory/(18140:18140): IP: 192.168.1.41
[INFO] 17:21:42:934 Pool Memory/(18140:18140): PUERTO: 8002
[INFO] 17:21:42:935 Pool Memory/(18140:18140): Se inicializo la memoria con los siguientes atributos:
[INFO] 17:21:42:936 Pool Memory/(18140:18140): Tamanio de memoria: 320 bytes
[INFO] 17:21:42:936 Pool Memory/(18140:18140): Cantidad maxima de datos: 4
[INFO] 17:21:42:937 Pool Memory/(18140:18140): Numero de memoria: 1
[INFO] 17:21:42:969 Pool Memory/(18140:18140): Se inicializaron hilos para el Auto-Gossiping, Auto-Journal e Inotify
[INFO] 17:21:44:115 Pool Memory/(18140:18140): Se liberan los hilos de ejecucion
[INFO] 17:21:44:139 Pool Memory/(18140:18140): Se va a cerrar la memoria
[INFO] 17:21:44:142 Pool Memory/(18140:18140): Se realiza un JOURNAL para cerrar la memoria correctamente
[INFO] 17:21:44:147 Pool Memory/(18140:18140): Se vacio la tabla de segmentos
[INFO] 17:21:44:153 Pool Memory/(18140:18140): Se vacio la tabla de segmentos
[INFO] 17:21:44:157 Pool Memory/(18140:18140): Se libero la memoria principal
[INFO] 17:21:44:158 Pool Memory/(18140:18140): Termino el programa memoria

[INFO] 17:21:52:926 Pool Memory/(18154:18154): Se establecio conexion con el File System Lissandra.
[INFO] 17:21:52:926 Pool Memory/(18154:18154): Se realizo el handshake, obteniendo un tamanio value = 60
[INFO] 17:21:52:926 Pool Memory/(18154:18154): Se guardan las siguientes seeds: 
[INFO] 17:21:52:926 Pool Memory/(18154:18154): IP: 192.168.1.41
[INFO] 17:21:52:926 Pool Memory/(18154:18154): PUERTO: 8002
[INFO] 17:21:52:926 Pool Memory/(18154:18154): Se inicializo la memoria con los siguientes atributos:
[INFO] 17:21:52:926 Pool Memory/(18154:18154): Tamanio de memoria: 320 bytes
[INFO] 17:21:52:926 Pool Memory/(18154:18154): Cantidad maxima de datos: 4
[INFO] 17:21:52:926 Pool Memory/(18154:18154): Numero de memoria: 1
[INFO] 17:21:52:926 Pool Memory/(18154:18154): Se inicializaron hilos para el Auto-Gossiping, Auto-Journal e Inotify
[INFO] 17:23:00:674 Pool Memory/(18174:18174): Se establecio conexion con el File System Lissandra.
[INFO] 17:23:00:711 Pool Memory/(18174:18174): Se realizo el handshake, obteniendo un tamanio value = 60
[INFO] 17:23:00:718 Pool Memory/(18174:18174): Se guardan las siguientes seeds: 
[INFO] 17:23:00:728 Pool Memory/(18174:18174): IP: 192.168.1.41
[INFO] 17:23:00:728 Pool Memory/(18174:18174): PUERTO: 8002
[INFO] 17:23:00:730 Pool Memory/(18174:18174): Se inicializo la memoria con los siguientes atributos:
[INFO] 17:23:00:731 Pool Memory/(18174:18174): Tamanio de memoria: 320 bytes
[INFO] 17:23:00:731 Pool Memory/(18174:18174): Cantidad maxima de datos: 4
[INFO] 17:23:00:732 Pool Memory/(18174:18174): Numero de memoria: 1
[INFO] 17:23:00:764 Pool Memory/(18174:18174): Se inicializaron hilos para el Auto-Gossiping, Auto-Journal e Inotify
[INFO] 17:23:03:264 Pool Memory/(18174:18174): Se conecto un cliente

[INFO] 17:23:15:254 Pool Memory/(18174:18174): Se creo el Segmento COLORS
[INFO] 17:23:15:354 Pool Memory/(18174:18174): Se solicita una NUEVA PAGINA
[INFO] 17:23:15:355 Pool Memory/(18174:18174): Hay una PAGINA LIBRE para asignar.
[INFO] 17:23:15:363 Pool Memory/(18174:18174): Se le agrego una pagina al Segmento COLORS
[INFO] 17:23:15:486 Pool Memory/(18174:18174): Se solicita una NUEVA PAGINA
[INFO] 17:23:15:487 Pool Memory/(18174:18174): Hay una PAGINA LIBRE para asignar.
[INFO] 17:23:15:487 Pool Memory/(18174:18174): Se le agrego una pagina al Segmento COLORS
[INFO] 17:23:26:916 Pool Memory/(18174:18174): Se vacio la tabla de segmentos
[INFO] 17:23:33:119 Pool Memory/(18174:18174): Se creo el Segmento COLORS
[INFO] 17:23:33:133 Pool Memory/(18174:18174): Se solicita una NUEVA PAGINA
[INFO] 17:23:33:134 Pool Memory/(18174:18174): Hay una PAGINA LIBRE para asignar.
[INFO] 17:23:33:134 Pool Memory/(18174:18174): Se le agrego una pagina al Segmento COLORS
[INFO] 17:23:37:392 Pool Memory/(18174:18174): Se elimina el segmento de la tabla COLORS, de la memoria
[INFO] 17:23:39:902 Pool Memory/(18174:18174): Se desconecto un cliente.
[INFO] 17:23:45:17 Pool Memory/(18174:18174): Se liberan los hilos de ejecucion
[INFO] 17:23:45:42 Pool Memory/(18174:18174): Se va a cerrar la memoria
[INFO] 17:23:45:47 Pool Memory/(18174:18174): Se realiza un JOURNAL para cerrar la memoria correctamente
[INFO] 17:23:45:48 Pool Memory/(18174:18174): Se vacio la tabla de segmentos
[INFO] 17:23:45:49 Pool Memory/(18174:18174): Se vacio la tabla de segmentos
[INFO] 17:23:45:51 Pool Memory/(18174:18174): Se libero la memoria principal
[INFO] 17:23:45:53 Pool Memory/(18174:18174): Termino el programa memoria

[INFO] 17:30:42:859 Pool Memory/(18371:18371): Se establecio conexion con el File System Lissandra.
[INFO] 17:30:42:859 Pool Memory/(18371:18371): Se realizo el handshake, obteniendo un tamanio value = 60
[INFO] 17:30:42:859 Pool Memory/(18371:18371): Se guardan las siguientes seeds: 
[INFO] 17:30:42:859 Pool Memory/(18371:18371): IP: 192.168.1.41
[INFO] 17:30:42:859 Pool Memory/(18371:18371): PUERTO: 8002
[INFO] 17:30:42:859 Pool Memory/(18371:18371): Se inicializo la memoria con los siguientes atributos:
[INFO] 17:30:42:859 Pool Memory/(18371:18371): Tamanio de memoria: 320 bytes
[INFO] 17:30:42:860 Pool Memory/(18371:18371): Cantidad maxima de datos: 4
[INFO] 17:30:42:860 Pool Memory/(18371:18371): Numero de memoria: 1
[INFO] 17:30:42:860 Pool Memory/(18371:18371): Se inicializaron hilos para el Auto-Gossiping, Auto-Journal e Inotify
[INFO] 17:30:47:251 Pool Memory/(18371:18371): Se conecto un cliente

[INFO] 17:30:59:904 Pool Memory/(18371:18371): Se creo el Segmento COLORS
[INFO] 17:30:59:970 Pool Memory/(18371:18371): Se solicita una NUEVA PAGINA
[INFO] 17:30:59:970 Pool Memory/(18371:18371): Hay una PAGINA LIBRE para asignar.
[INFO] 17:30:59:970 Pool Memory/(18371:18371): Se le agrego una pagina al Segmento COLORS
[INFO] 17:31:00:51 Pool Memory/(18371:18371): Se solicita una NUEVA PAGINA
[INFO] 17:31:00:51 Pool Memory/(18371:18371): Hay una PAGINA LIBRE para asignar.
[INFO] 17:31:00:51 Pool Memory/(18371:18371): Se le agrego una pagina al Segmento COLORS
[INFO] 17:31:07:917 Pool Memory/(18371:18371): Se vacio la tabla de segmentos
[INFO] 17:31:15:391 Pool Memory/(18371:18371): Se desconecto un cliente.
[INFO] 17:31:42:861 Pool Memory/(18371:18375): Se vacio la tabla de segmentos
[INFO] 17:32:42:863 Pool Memory/(18371:18375): Se vacio la tabla de segmentos
[INFO] 17:33:42:865 Pool Memory/(18371:18375): Se vacio la tabla de segmentos
[INFO] 17:34:42:867 Pool Memory/(18371:18375): Se vacio la tabla de segmentos
[INFO] 17:35:42:868 Pool Memory/(18371:18375): Se vacio la tabla de segmentos
[INFO] 17:36:42:869 Pool Memory/(18371:18375): Se vacio la tabla de segmentos
[INFO] 17:37:42:871 Pool Memory/(18371:18375): Se vacio la tabla de segmentos
[INFO] 17:38:42:875 Pool Memory/(18371:18375): Se vacio la tabla de segmentos
[INFO] 17:39:42:877 Pool Memory/(18371:18375): Se vacio la tabla de segmentos
[INFO] 17:40:42:882 Pool Memory/(18371:18375): Se vacio la tabla de segmentos
[INFO] 17:41:42:883 Pool Memory/(18371:18375): Se vacio la tabla de segmentos
[INFO] 17:42:42:885 Pool Memory/(18371:18375): Se vacio la tabla de segmentos
[INFO] 17:43:42:887 Pool Memory/(18371:18375): Se vacio la tabla de segmentos
[INFO] 17:44:42:889 Pool Memory/(18371:18375): Se vacio la tabla de segmentos
[INFO] 17:45:24:24 Pool Memory/(19029:19029): Se establecio conexion con el File System Lissandra.
[INFO] 17:45:24:24 Pool Memory/(19029:19029): Se realizo el handshake, obteniendo un tamanio value = 60
[INFO] 17:45:24:24 Pool Memory/(19029:19029): Se guardan las siguientes seeds: 
[INFO] 17:45:24:24 Pool Memory/(19029:19029): IP: 192.168.1.41
[INFO] 17:45:24:24 Pool Memory/(19029:19029): PUERTO: 8002
[INFO] 17:45:24:24 Pool Memory/(19029:19029): Se inicializo la memoria con los siguientes atributos:
[INFO] 17:45:24:24 Pool Memory/(19029:19029): Tamanio de memoria: 320 bytes
[INFO] 17:45:24:24 Pool Memory/(19029:19029): Cantidad maxima de datos: 4
[INFO] 17:45:24:24 Pool Memory/(19029:19029): Numero de memoria: 1
[INFO] 17:45:24:24 Pool Memory/(19029:19029): Se inicializaron hilos para el Auto-Gossiping, Auto-Journal e Inotify
[INFO] 17:46:16:725 Pool Memory/(19029:19029): Se conecto un cliente

[INFO] 17:46:24:25 Pool Memory/(19029:19033): Se vacio la tabla de segmentos
[INFO] 17:46:26:782 Pool Memory/(19029:19029): Se creo el Segmento COLORS
[INFO] 17:46:26:834 Pool Memory/(19029:19029): Se solicita una NUEVA PAGINA
[INFO] 17:46:26:834 Pool Memory/(19029:19029): Hay una PAGINA LIBRE para asignar.
[INFO] 17:46:26:834 Pool Memory/(19029:19029): Se le agrego una pagina al Segmento COLORS
[INFO] 17:46:26:911 Pool Memory/(19029:19029): Se solicita una NUEVA PAGINA
[INFO] 17:46:26:911 Pool Memory/(19029:19029): Hay una PAGINA LIBRE para asignar.
[INFO] 17:46:26:911 Pool Memory/(19029:19029): Se le agrego una pagina al Segmento COLORS
[INFO] 17:46:31:920 Pool Memory/(19029:19029): Se vacio la tabla de segmentos
[INFO] 17:46:44:493 Pool Memory/(19029:19029): Se desconecto un cliente.
[INFO] 17:47:24:27 Pool Memory/(19029:19033): Se vacio la tabla de segmentos
