[INFO] 16:40:47:567 Pool Memory/(16892:16898): Se realizara un AUTO-GOSSIPING
[INFO] 16:40:47:568 Pool Memory/(16892:16898): No se pudo conectar con 192.168.1.41:8002
[INFO] 16:40:47:568 Pool Memory/(16892:16898): Se termino de realizar el AUTO-GOSSIPING

[INFO] 16:40:53:807 Pool Memory/(16892:16892): Se recibio una request de GOSSIPING
[INFO] 16:40:53:807 Pool Memory/(16892:16892): Le envio 1 memorias
[INFO] 16:40:53:807 Pool Memory/(16892:16892): Se envian 1 memorias
[INFO] 16:40:53:808 Pool Memory/(16892:16892): Actualizo mi tabla de gossiping
[INFO] 16:40:53:808 Pool Memory/(16892:16892): Termine de actualizar mi tabla gossiping
[INFO] 16:40:53:808 Pool Memory/(16892:16892): Se termino de realizar la request de GOSSIPING

[INFO] 16:40:57:568 Pool Memory/(16892:16898): Se realizara un AUTO-GOSSIPING
[INFO] 16:40:57:569 Pool Memory/(16892:16898): No se pudo conectar con 192.168.1.41:8002
[INFO] 16:40:57:569 Pool Memory/(16892:16898): Se termino de realizar el AUTO-GOSSIPING

[INFO] 16:41:03:809 Pool Memory/(16892:16892): Se recibio una request de GOSSIPING
[INFO] 16:41:03:809 Pool Memory/(16892:16892): Le envio 1 memorias
[INFO] 16:41:03:809 Pool Memory/(16892:16892): Se envian 1 memorias
[INFO] 16:41:03:809 Pool Memory/(16892:16892): Actualizo mi tabla de gossiping
[INFO] 16:41:03:809 Pool Memory/(16892:16892): Termine de actualizar mi tabla gossiping
[INFO] 16:41:03:809 Pool Memory/(16892:16892): Se termino de realizar la request de GOSSIPING

[INFO] 16:41:07:569 Pool Memory/(16892:16898): Se realizara un AUTO-GOSSIPING
[INFO] 16:41:07:570 Pool Memory/(16892:16898): No se pudo conectar con 192.168.1.41:8002
[INFO] 16:41:07:570 Pool Memory/(16892:16898): Se termino de realizar el AUTO-GOSSIPING

[INFO] 16:41:13:812 Pool Memory/(16892:16892): Se recibio una request de GOSSIPING
[INFO] 16:41:13:812 Pool Memory/(16892:16892): Le envio 1 memorias
[INFO] 16:41:13:812 Pool Memory/(16892:16892): Se envian 1 memorias
[INFO] 16:41:13:812 Pool Memory/(16892:16892): Actualizo mi tabla de gossiping
[INFO] 16:41:13:812 Pool Memory/(16892:16892): Termine de actualizar mi tabla gossiping
[INFO] 16:41:13:812 Pool Memory/(16892:16892): Se termino de realizar la request de GOSSIPING

[INFO] 16:41:17:570 Pool Memory/(16892:16898): Se realizara un AUTO-GOSSIPING
[INFO] 16:41:17:570 Pool Memory/(16892:16898): No se pudo conectar con 192.168.1.41:8002
[INFO] 16:41:17:570 Pool Memory/(16892:16898): Se termino de realizar el AUTO-GOSSIPING

[INFO] 16:41:23:819 Pool Memory/(16892:16892): Se recibio una request de GOSSIPING
[INFO] 16:41:23:819 Pool Memory/(16892:16892): Le envio 1 memorias
[INFO] 16:41:23:820 Pool Memory/(16892:16892): Se envian 1 memorias
[INFO] 16:41:23:827 Pool Memory/(16892:16892): Actualizo mi tabla de gossiping
[INFO] 16:41:23:827 Pool Memory/(16892:16892): Termine de actualizar mi tabla gossiping
[INFO] 16:41:23:827 Pool Memory/(16892:16892): Se termino de realizar la request de GOSSIPING

[INFO] 16:41:27:571 Pool Memory/(16892:16898): Se realizara un AUTO-GOSSIPING
[INFO] 16:41:27:571 Pool Memory/(16892:16898): No se pudo conectar con 192.168.1.41:8002
[INFO] 16:41:27:571 Pool Memory/(16892:16898): Se termino de realizar el AUTO-GOSSIPING

[INFO] 16:41:33:821 Pool Memory/(16892:16892): Se recibio una request de GOSSIPING
[INFO] 16:41:33:821 Pool Memory/(16892:16892): Le envio 1 memorias
[INFO] 16:41:33:821 Pool Memory/(16892:16892): Se envian 1 memorias
[INFO] 16:41:33:821 Pool Memory/(16892:16892): Actualizo mi tabla de gossiping
[INFO] 16:41:33:821 Pool Memory/(16892:16892): Termine de actualizar mi tabla gossiping
[INFO] 16:41:33:821 Pool Memory/(16892:16892): Se termino de realizar la request de GOSSIPING

[INFO] 16:41:37:573 Pool Memory/(16892:16898): Se realizara un AUTO-GOSSIPING
[INFO] 16:41:37:573 Pool Memory/(16892:16898): No se pudo conectar con 192.168.1.41:8002
[INFO] 16:41:37:573 Pool Memory/(16892:16898): Se termino de realizar el AUTO-GOSSIPING

[INFO] 16:41:43:821 Pool Memory/(16892:16892): Se recibio una request de GOSSIPING
[INFO] 16:41:43:821 Pool Memory/(16892:16892): Le envio 1 memorias
[INFO] 16:41:43:822 Pool Memory/(16892:16892): Se envian 1 memorias
[INFO] 16:41:43:822 Pool Memory/(16892:16892): Actualizo mi tabla de gossiping
[INFO] 16:41:43:822 Pool Memory/(16892:16892): Termine de actualizar mi tabla gossiping
[INFO] 16:41:43:822 Pool Memory/(16892:16892): Se termino de realizar la request de GOSSIPING

[INFO] 16:41:47:574 Pool Memory/(16892:16898): Se realizara un AUTO-GOSSIPING
[INFO] 16:41:47:576 Pool Memory/(16892:16898): No se pudo conectar con 192.168.1.41:8002
[INFO] 16:41:47:576 Pool Memory/(16892:16898): Se termino de realizar el AUTO-GOSSIPING

[INFO] 16:43:02:156 Pool Memory/(16992:16998): Se realizara un AUTO-GOSSIPING
[INFO] 16:43:02:158 Pool Memory/(16992:16998): No se pudo conectar con 192.168.1.41:8002
[INFO] 16:43:02:158 Pool Memory/(16992:16998): Se termino de realizar el AUTO-GOSSIPING

[INFO] 16:43:05:98 Pool Memory/(16992:16992): Se recibio una request de GOSSIPING
[INFO] 16:43:05:98 Pool Memory/(16992:16992): Le envio 1 memorias
[INFO] 16:43:05:99 Pool Memory/(16992:16992): Se envian 1 memorias
[INFO] 16:43:05:100 Pool Memory/(16992:16992): Actualizo mi tabla de gossiping
[INFO] 16:43:05:100 Pool Memory/(16992:16992): Termine de actualizar mi tabla gossiping
[INFO] 16:43:05:100 Pool Memory/(16992:16992): Se termino de realizar la request de GOSSIPING

[INFO] 16:43:12:159 Pool Memory/(16992:16998): Se realizara un AUTO-GOSSIPING
[INFO] 16:43:12:159 Pool Memory/(16992:16998): No se pudo conectar con 192.168.1.41:8002
[INFO] 16:43:12:159 Pool Memory/(16992:16998): Se termino de realizar el AUTO-GOSSIPING

[INFO] 16:43:15:100 Pool Memory/(16992:16992): Se recibio una request de GOSSIPING
[INFO] 16:43:15:100 Pool Memory/(16992:16992): Le envio 1 memorias
[INFO] 16:43:15:100 Pool Memory/(16992:16992): Se envian 1 memorias
[INFO] 16:43:15:100 Pool Memory/(16992:16992): Actualizo mi tabla de gossiping
[INFO] 16:43:15:100 Pool Memory/(16992:16992): Termine de actualizar mi tabla gossiping
[INFO] 16:43:15:100 Pool Memory/(16992:16992): Se termino de realizar la request de GOSSIPING

[INFO] 16:43:22:160 Pool Memory/(16992:16998): Se realizara un AUTO-GOSSIPING
[INFO] 16:43:22:162 Pool Memory/(16992:16998): No se pudo conectar con 192.168.1.41:8002
[INFO] 16:43:22:162 Pool Memory/(16992:16998): Se termino de realizar el AUTO-GOSSIPING

[INFO] 16:43:25:101 Pool Memory/(16992:16992): Se recibio una request de GOSSIPING
[INFO] 16:43:25:101 Pool Memory/(16992:16992): Le envio 1 memorias
[INFO] 16:43:25:103 Pool Memory/(16992:16992): Se envian 1 memorias
[INFO] 16:43:25:103 Pool Memory/(16992:16992): Actualizo mi tabla de gossiping
[INFO] 16:43:25:103 Pool Memory/(16992:16992): Termine de actualizar mi tabla gossiping
[INFO] 16:43:25:103 Pool Memory/(16992:16992): Se termino de realizar la request de GOSSIPING

[INFO] 16:43:32:162 Pool Memory/(16992:16998): Se realizara un AUTO-GOSSIPING
[INFO] 16:43:32:163 Pool Memory/(16992:16998): No se pudo conectar con 192.168.1.41:8002
[INFO] 16:43:32:163 Pool Memory/(16992:16998): Se termino de realizar el AUTO-GOSSIPING

[INFO] 16:43:35:104 Pool Memory/(16992:16992): Se recibio una request de GOSSIPING
[INFO] 16:43:35:104 Pool Memory/(16992:16992): Le envio 1 memorias
[INFO] 16:43:35:104 Pool Memory/(16992:16992): Se envian 1 memorias
[INFO] 16:43:35:104 Pool Memory/(16992:16992): Actualizo mi tabla de gossiping
[INFO] 16:43:35:104 Pool Memory/(16992:16992): Termine de actualizar mi tabla gossiping
[INFO] 16:43:35:104 Pool Memory/(16992:16992): Se termino de realizar la request de GOSSIPING

[INFO] 16:43:42:164 Pool Memory/(16992:16998): Se realizara un AUTO-GOSSIPING
[INFO] 16:43:42:166 Pool Memory/(16992:16998): No se pudo conectar con 192.168.1.41:8002
[INFO] 16:43:42:166 Pool Memory/(16992:16998): Se termino de realizar el AUTO-GOSSIPING

[INFO] 16:43:45:105 Pool Memory/(16992:16992): Se recibio una request de GOSSIPING
[INFO] 16:43:45:105 Pool Memory/(16992:16992): Le envio 1 memorias
[INFO] 16:43:45:105 Pool Memory/(16992:16992): Se envian 1 memorias
[INFO] 16:43:45:106 Pool Memory/(16992:16992): Actualizo mi tabla de gossiping
[INFO] 16:43:45:106 Pool Memory/(16992:16992): Termine de actualizar mi tabla gossiping
[INFO] 16:43:45:106 Pool Memory/(16992:16992): Se termino de realizar la request de GOSSIPING

[INFO] 16:43:52:167 Pool Memory/(16992:16998): Se realizara un AUTO-GOSSIPING
[INFO] 16:43:52:167 Pool Memory/(16992:16998): No se pudo conectar con 192.168.1.41:8002
[INFO] 16:43:52:167 Pool Memory/(16992:16998): Se termino de realizar el AUTO-GOSSIPING

[INFO] 16:43:55:106 Pool Memory/(16992:16992): Se recibio una request de GOSSIPING
[INFO] 16:43:55:106 Pool Memory/(16992:16992): Le envio 1 memorias
[INFO] 16:43:55:108 Pool Memory/(16992:16992): Se envian 1 memorias
[INFO] 16:43:55:108 Pool Memory/(16992:16992): Actualizo mi tabla de gossiping
[INFO] 16:43:55:108 Pool Memory/(16992:16992): Termine de actualizar mi tabla gossiping
[INFO] 16:43:55:108 Pool Memory/(16992:16992): Se termino de realizar la request de GOSSIPING

[INFO] 16:44:02:168 Pool Memory/(16992:16998): Se realizara un AUTO-GOSSIPING
[INFO] 16:44:02:170 Pool Memory/(16992:16998): No se pudo conectar con 192.168.1.41:8002
[INFO] 16:44:02:170 Pool Memory/(16992:16998): Se termino de realizar el AUTO-GOSSIPING

[INFO] 16:44:05:109 Pool Memory/(16992:16992): Se recibio una request de GOSSIPING
[INFO] 16:44:05:109 Pool Memory/(16992:16992): Le envio 1 memorias
[INFO] 16:44:05:111 Pool Memory/(16992:16992): Se envian 1 memorias
[INFO] 16:44:05:111 Pool Memory/(16992:16992): Actualizo mi tabla de gossiping
[INFO] 16:44:05:111 Pool Memory/(16992:16992): Termine de actualizar mi tabla gossiping
[INFO] 16:44:05:111 Pool Memory/(16992:16992): Se termino de realizar la request de GOSSIPING

[INFO] 16:44:12:171 Pool Memory/(16992:16998): Se realizara un AUTO-GOSSIPING
[INFO] 16:44:12:171 Pool Memory/(16992:16998): No se pudo conectar con 192.168.1.41:8002
[INFO] 16:44:12:171 Pool Memory/(16992:16998): Se termino de realizar el AUTO-GOSSIPING

[INFO] 16:44:15:112 Pool Memory/(16992:16992): Se recibio una request de GOSSIPING
[INFO] 16:44:15:112 Pool Memory/(16992:16992): Le envio 1 memorias
[INFO] 16:44:15:112 Pool Memory/(16992:16992): Se envian 1 memorias
[INFO] 16:44:15:113 Pool Memory/(16992:16992): Actualizo mi tabla de gossiping
[INFO] 16:44:15:114 Pool Memory/(16992:16992): Termine de actualizar mi tabla gossiping
[INFO] 16:44:15:114 Pool Memory/(16992:16992): Se termino de realizar la request de GOSSIPING

[INFO] 16:44:22:172 Pool Memory/(16992:16998): Se realizara un AUTO-GOSSIPING
[INFO] 16:44:22:174 Pool Memory/(16992:16998): No se pudo conectar con 192.168.1.41:8002
[INFO] 16:44:22:174 Pool Memory/(16992:16998): Se termino de realizar el AUTO-GOSSIPING

[INFO] 16:44:25:115 Pool Memory/(16992:16992): Se recibio una request de GOSSIPING
[INFO] 16:44:25:115 Pool Memory/(16992:16992): Le envio 1 memorias
[INFO] 16:44:25:115 Pool Memory/(16992:16992): Se envian 1 memorias
[INFO] 16:44:25:115 Pool Memory/(16992:16992): Actualizo mi tabla de gossiping
[INFO] 16:44:25:115 Pool Memory/(16992:16992): Termine de actualizar mi tabla gossiping
[INFO] 16:44:25:115 Pool Memory/(16992:16992): Se termino de realizar la request de GOSSIPING

[INFO] 16:44:32:174 Pool Memory/(16992:16998): Se realizara un AUTO-GOSSIPING
[INFO] 16:44:32:175 Pool Memory/(16992:16998): No se pudo conectar con 192.168.1.41:8002
[INFO] 16:44:32:175 Pool Memory/(16992:16998): Se termino de realizar el AUTO-GOSSIPING

[INFO] 16:44:35:116 Pool Memory/(16992:16992): Se recibio una request de GOSSIPING
[INFO] 16:44:35:116 Pool Memory/(16992:16992): Le envio 1 memorias
[INFO] 16:44:35:116 Pool Memory/(16992:16992): Se envian 1 memorias
[INFO] 16:44:35:116 Pool Memory/(16992:16992): Actualizo mi tabla de gossiping
[INFO] 16:44:35:116 Pool Memory/(16992:16992): Termine de actualizar mi tabla gossiping
[INFO] 16:44:35:117 Pool Memory/(16992:16992): Se termino de realizar la request de GOSSIPING

[INFO] 16:44:42:176 Pool Memory/(16992:16998): Se realizara un AUTO-GOSSIPING
[INFO] 16:44:42:178 Pool Memory/(16992:16998): No se pudo conectar con 192.168.1.41:8002
[INFO] 16:44:42:178 Pool Memory/(16992:16998): Se termino de realizar el AUTO-GOSSIPING

[INFO] 16:44:45:118 Pool Memory/(16992:16992): Se recibio una request de GOSSIPING
[INFO] 16:44:45:118 Pool Memory/(16992:16992): Le envio 1 memorias
[INFO] 16:44:45:118 Pool Memory/(16992:16992): Se envian 1 memorias
[INFO] 16:44:45:118 Pool Memory/(16992:16992): Actualizo mi tabla de gossiping
[INFO] 16:44:45:118 Pool Memory/(16992:16992): Termine de actualizar mi tabla gossiping
[INFO] 16:44:45:118 Pool Memory/(16992:16992): Se termino de realizar la request de GOSSIPING

[INFO] 16:44:52:179 Pool Memory/(16992:16998): Se realizara un AUTO-GOSSIPING
[INFO] 16:44:52:179 Pool Memory/(16992:16998): No se pudo conectar con 192.168.1.41:8002
[INFO] 16:44:52:179 Pool Memory/(16992:16998): Se termino de realizar el AUTO-GOSSIPING

[INFO] 16:44:55:119 Pool Memory/(16992:16992): Se recibio una request de GOSSIPING
[INFO] 16:44:55:119 Pool Memory/(16992:16992): Le envio 1 memorias
[INFO] 16:44:55:119 Pool Memory/(16992:16992): Se envian 1 memorias
[INFO] 16:44:55:120 Pool Memory/(16992:16992): Actualizo mi tabla de gossiping
[INFO] 16:44:55:120 Pool Memory/(16992:16992): Termine de actualizar mi tabla gossiping
[INFO] 16:44:55:120 Pool Memory/(16992:16992): Se termino de realizar la request de GOSSIPING

[INFO] 16:45:02:179 Pool Memory/(16992:16998): Se realizara un AUTO-GOSSIPING
[INFO] 16:45:02:181 Pool Memory/(16992:16998): No se pudo conectar con 192.168.1.41:8002
[INFO] 16:45:02:181 Pool Memory/(16992:16998): Se termino de realizar el AUTO-GOSSIPING

[INFO] 16:45:05:121 Pool Memory/(16992:16992): Se recibio una request de GOSSIPING
[INFO] 16:45:05:121 Pool Memory/(16992:16992): Le envio 1 memorias
[INFO] 16:45:05:123 Pool Memory/(16992:16992): Se envian 1 memorias
[INFO] 16:45:05:123 Pool Memory/(16992:16992): Actualizo mi tabla de gossiping
[INFO] 16:45:05:123 Pool Memory/(16992:16992): Termine de actualizar mi tabla gossiping
[INFO] 16:45:05:123 Pool Memory/(16992:16992): Se termino de realizar la request de GOSSIPING

[INFO] 16:45:12:182 Pool Memory/(16992:16998): Se realizara un AUTO-GOSSIPING
[INFO] 16:45:12:183 Pool Memory/(16992:16998): No se pudo conectar con 192.168.1.41:8002
[INFO] 16:45:12:183 Pool Memory/(16992:16998): Se termino de realizar el AUTO-GOSSIPING

[INFO] 16:49:15:281 Pool Memory/(17212:17219): Se realizara un AUTO-GOSSIPING
[INFO] 16:49:15:318 Pool Memory/(17212:17219): No se pudo conectar con 192.168.1.41:8002
[INFO] 16:49:15:319 Pool Memory/(17212:17219): Se termino de realizar el AUTO-GOSSIPING

[INFO] 16:49:18:682 Pool Memory/(17212:17212): Se recibio una request de GOSSIPING
[INFO] 16:49:18:684 Pool Memory/(17212:17212): Le envio 1 memorias
[INFO] 16:49:18:706 Pool Memory/(17212:17212): Se envian 1 memorias
[INFO] 16:49:18:724 Pool Memory/(17212:17212): Actualizo mi tabla de gossiping
[INFO] 16:49:18:725 Pool Memory/(17212:17212): Termine de actualizar mi tabla gossiping
[INFO] 16:49:18:725 Pool Memory/(17212:17212): Se termino de realizar la request de GOSSIPING

[INFO] 16:49:25:322 Pool Memory/(17212:17219): Se realizara un AUTO-GOSSIPING
[INFO] 16:49:25:325 Pool Memory/(17212:17219): No se pudo conectar con 192.168.1.41:8002
[INFO] 16:49:25:325 Pool Memory/(17212:17219): Se termino de realizar el AUTO-GOSSIPING

[INFO] 16:49:28:720 Pool Memory/(17212:17212): Se recibio una request de GOSSIPING
[INFO] 16:49:28:721 Pool Memory/(17212:17212): Le envio 1 memorias
[INFO] 16:49:28:721 Pool Memory/(17212:17212): Se envian 1 memorias
[INFO] 16:49:28:723 Pool Memory/(17212:17212): Actualizo mi tabla de gossiping
[INFO] 16:49:28:724 Pool Memory/(17212:17212): Termine de actualizar mi tabla gossiping
[INFO] 16:49:28:724 Pool Memory/(17212:17212): Se termino de realizar la request de GOSSIPING

[INFO] 16:49:35:328 Pool Memory/(17212:17219): Se realizara un AUTO-GOSSIPING
[INFO] 16:49:35:330 Pool Memory/(17212:17219): No se pudo conectar con 192.168.1.41:8002
[INFO] 16:49:35:331 Pool Memory/(17212:17219): Se termino de realizar el AUTO-GOSSIPING

[INFO] 16:49:38:725 Pool Memory/(17212:17212): Se recibio una request de GOSSIPING
[INFO] 16:49:38:725 Pool Memory/(17212:17212): Le envio 1 memorias
[INFO] 16:49:38:726 Pool Memory/(17212:17212): Se envian 1 memorias
[INFO] 16:49:38:728 Pool Memory/(17212:17212): Actualizo mi tabla de gossiping
[INFO] 16:49:38:728 Pool Memory/(17212:17212): Termine de actualizar mi tabla gossiping
[INFO] 16:49:38:729 Pool Memory/(17212:17212): Se termino de realizar la request de GOSSIPING

[INFO] 16:49:45:332 Pool Memory/(17212:17219): Se realizara un AUTO-GOSSIPING
[INFO] 16:49:45:335 Pool Memory/(17212:17219): No se pudo conectar con 192.168.1.41:8002
[INFO] 16:49:45:335 Pool Memory/(17212:17219): Se termino de realizar el AUTO-GOSSIPING

[INFO] 16:49:48:730 Pool Memory/(17212:17212): Se recibio una request de GOSSIPING
[INFO] 16:49:48:730 Pool Memory/(17212:17212): Le envio 1 memorias
[INFO] 16:49:48:730 Pool Memory/(17212:17212): Se envian 1 memorias
[INFO] 16:49:48:733 Pool Memory/(17212:17212): Actualizo mi tabla de gossiping
[INFO] 16:49:48:733 Pool Memory/(17212:17212): Termine de actualizar mi tabla gossiping
[INFO] 16:49:48:733 Pool Memory/(17212:17212): Se termino de realizar la request de GOSSIPING

[INFO] 16:49:55:337 Pool Memory/(17212:17219): Se realizara un AUTO-GOSSIPING
[INFO] 16:49:55:339 Pool Memory/(17212:17219): No se pudo conectar con 192.168.1.41:8002
[INFO] 16:49:55:343 Pool Memory/(17212:17219): Se termino de realizar el AUTO-GOSSIPING

[INFO] 16:53:06:602 Pool Memory/(17309:17316): Se realizara un AUTO-GOSSIPING
[INFO] 16:53:06:643 Pool Memory/(17309:17316): No se pudo conectar con 192.168.1.41:8002
[INFO] 16:53:06:644 Pool Memory/(17309:17316): Se termino de realizar el AUTO-GOSSIPING

[INFO] 16:53:12:612 Pool Memory/(17309:17309): Se recibio una request de GOSSIPING
[INFO] 16:53:12:614 Pool Memory/(17309:17309): Le envio 1 memorias
[INFO] 16:53:12:635 Pool Memory/(17309:17309): Se envian 1 memorias
[INFO] 16:53:12:654 Pool Memory/(17309:17309): Actualizo mi tabla de gossiping
[INFO] 16:53:12:655 Pool Memory/(17309:17309): Termine de actualizar mi tabla gossiping
[INFO] 16:53:12:656 Pool Memory/(17309:17309): Se termino de realizar la request de GOSSIPING

[INFO] 16:53:16:647 Pool Memory/(17309:17316): Se realizara un AUTO-GOSSIPING
[INFO] 16:53:16:648 Pool Memory/(17309:17316): No se pudo conectar con 192.168.1.41:8002
[INFO] 16:53:16:649 Pool Memory/(17309:17316): Se termino de realizar el AUTO-GOSSIPING

[INFO] 16:53:22:652 Pool Memory/(17309:17309): Se recibio una request de GOSSIPING
[INFO] 16:53:22:653 Pool Memory/(17309:17309): Le envio 1 memorias
[INFO] 16:53:22:653 Pool Memory/(17309:17309): Se envian 1 memorias
[INFO] 16:53:22:655 Pool Memory/(17309:17309): Actualizo mi tabla de gossiping
[INFO] 16:53:22:656 Pool Memory/(17309:17309): Termine de actualizar mi tabla gossiping
[INFO] 16:53:22:656 Pool Memory/(17309:17309): Se termino de realizar la request de GOSSIPING

[INFO] 16:53:26:649 Pool Memory/(17309:17316): Se realizara un AUTO-GOSSIPING
[INFO] 16:53:26:650 Pool Memory/(17309:17316): No se pudo conectar con 192.168.1.41:8002
[INFO] 16:53:26:650 Pool Memory/(17309:17316): Se termino de realizar el AUTO-GOSSIPING

[INFO] 16:56:19:455 Pool Memory/(17375:17382): Se realizara un AUTO-GOSSIPING
[INFO] 16:56:19:493 Pool Memory/(17375:17382): No se pudo conectar con 192.168.1.41:8002
[INFO] 16:56:19:494 Pool Memory/(17375:17382): Se termino de realizar el AUTO-GOSSIPING

[INFO] 16:56:29:496 Pool Memory/(17375:17382): Se realizara un AUTO-GOSSIPING
[INFO] 16:56:29:499 Pool Memory/(17375:17382): No se pudo conectar con 192.168.1.41:8002
[INFO] 16:56:29:499 Pool Memory/(17375:17382): Se termino de realizar el AUTO-GOSSIPING

[INFO] 16:56:36:105 Pool Memory/(17375:17375): Se recibio una request de GOSSIPING
[INFO] 16:56:36:106 Pool Memory/(17375:17375): Le envio 1 memorias
[INFO] 16:56:36:121 Pool Memory/(17375:17375): Se envian 1 memorias
[INFO] 16:56:36:146 Pool Memory/(17375:17375): Actualizo mi tabla de gossiping
[INFO] 16:56:36:147 Pool Memory/(17375:17375): Termine de actualizar mi tabla gossiping
[INFO] 16:56:36:148 Pool Memory/(17375:17375): Se termino de realizar la request de GOSSIPING

[INFO] 16:56:39:501 Pool Memory/(17375:17382): Se realizara un AUTO-GOSSIPING
[INFO] 16:56:39:502 Pool Memory/(17375:17382): No se pudo conectar con 192.168.1.41:8002
[INFO] 16:56:39:502 Pool Memory/(17375:17382): Se termino de realizar el AUTO-GOSSIPING

[INFO] 16:56:46:144 Pool Memory/(17375:17375): Se recibio una request de GOSSIPING
[INFO] 16:56:46:144 Pool Memory/(17375:17375): Le envio 1 memorias
[INFO] 16:56:46:144 Pool Memory/(17375:17375): Se envian 1 memorias
[INFO] 16:56:46:146 Pool Memory/(17375:17375): Actualizo mi tabla de gossiping
[INFO] 16:56:46:147 Pool Memory/(17375:17375): Termine de actualizar mi tabla gossiping
[INFO] 16:56:46:147 Pool Memory/(17375:17375): Se termino de realizar la request de GOSSIPING

[INFO] 16:56:49:503 Pool Memory/(17375:17382): Se realizara un AUTO-GOSSIPING
[INFO] 16:56:49:504 Pool Memory/(17375:17382): No se pudo conectar con 192.168.1.41:8002
[INFO] 16:56:49:504 Pool Memory/(17375:17382): Se termino de realizar el AUTO-GOSSIPING

[INFO] 16:56:56:150 Pool Memory/(17375:17375): Se recibio una request de GOSSIPING
[INFO] 16:56:56:151 Pool Memory/(17375:17375): Le envio 1 memorias
[INFO] 16:56:56:155 Pool Memory/(17375:17375): Se envian 1 memorias
[INFO] 16:56:56:160 Pool Memory/(17375:17375): Actualizo mi tabla de gossiping
[INFO] 16:56:56:160 Pool Memory/(17375:17375): Termine de actualizar mi tabla gossiping
[INFO] 16:56:56:161 Pool Memory/(17375:17375): Se termino de realizar la request de GOSSIPING

[INFO] 16:56:59:506 Pool Memory/(17375:17382): Se realizara un AUTO-GOSSIPING
[INFO] 16:56:59:507 Pool Memory/(17375:17382): No se pudo conectar con 192.168.1.41:8002
[INFO] 16:56:59:507 Pool Memory/(17375:17382): Se termino de realizar el AUTO-GOSSIPING

[INFO] 16:57:06:163 Pool Memory/(17375:17375): Se recibio una request de GOSSIPING
[INFO] 16:57:06:163 Pool Memory/(17375:17375): Le envio 1 memorias
[INFO] 16:57:06:167 Pool Memory/(17375:17375): Se envian 1 memorias
[INFO] 16:57:06:169 Pool Memory/(17375:17375): Actualizo mi tabla de gossiping
[INFO] 16:57:06:169 Pool Memory/(17375:17375): Termine de actualizar mi tabla gossiping
[INFO] 16:57:06:173 Pool Memory/(17375:17375): Se termino de realizar la request de GOSSIPING

[INFO] 16:57:09:510 Pool Memory/(17375:17382): Se realizara un AUTO-GOSSIPING
[INFO] 16:57:09:511 Pool Memory/(17375:17382): No se pudo conectar con 192.168.1.41:8002
[INFO] 16:57:09:512 Pool Memory/(17375:17382): Se termino de realizar el AUTO-GOSSIPING

[INFO] 16:57:16:171 Pool Memory/(17375:17375): Se recibio una request de GOSSIPING
[INFO] 16:57:16:171 Pool Memory/(17375:17375): Le envio 1 memorias
[INFO] 16:57:16:172 Pool Memory/(17375:17375): Se envian 1 memorias
[INFO] 16:57:16:176 Pool Memory/(17375:17375): Actualizo mi tabla de gossiping
[INFO] 16:57:16:176 Pool Memory/(17375:17375): Termine de actualizar mi tabla gossiping
[INFO] 16:57:16:177 Pool Memory/(17375:17375): Se termino de realizar la request de GOSSIPING

[INFO] 16:57:19:513 Pool Memory/(17375:17382): Se realizara un AUTO-GOSSIPING
[INFO] 16:57:19:514 Pool Memory/(17375:17382): No se pudo conectar con 192.168.1.41:8002
[INFO] 16:57:19:514 Pool Memory/(17375:17382): Se termino de realizar el AUTO-GOSSIPING

[INFO] 16:57:26:183 Pool Memory/(17375:17375): Se recibio una request de GOSSIPING
[INFO] 16:57:26:184 Pool Memory/(17375:17375): Le envio 1 memorias
[INFO] 16:57:26:184 Pool Memory/(17375:17375): Se envian 1 memorias
[INFO] 16:57:26:189 Pool Memory/(17375:17375): Actualizo mi tabla de gossiping
[INFO] 16:57:26:189 Pool Memory/(17375:17375): Termine de actualizar mi tabla gossiping
[INFO] 16:57:26:189 Pool Memory/(17375:17375): Se termino de realizar la request de GOSSIPING

[INFO] 16:57:29:515 Pool Memory/(17375:17382): Se realizara un AUTO-GOSSIPING
[INFO] 16:57:29:516 Pool Memory/(17375:17382): No se pudo conectar con 192.168.1.41:8002
[INFO] 16:57:29:516 Pool Memory/(17375:17382): Se termino de realizar el AUTO-GOSSIPING

[INFO] 17:09:33:241 Pool Memory/(17775:17783): Se realizara un AUTO-GOSSIPING
[INFO] 17:09:33:280 Pool Memory/(17775:17783): No se pudo conectar con 192.168.1.41:8002
[INFO] 17:09:33:281 Pool Memory/(17775:17783): Se termino de realizar el AUTO-GOSSIPING

[INFO] 17:09:35:970 Pool Memory/(17775:17775): Se recibio una request de GOSSIPING
[INFO] 17:09:35:977 Pool Memory/(17775:17775): Le envio 1 memorias
[INFO] 17:09:35:999 Pool Memory/(17775:17775): Se envian 1 memorias
[INFO] 17:09:36:28 Pool Memory/(17775:17775): Actualizo mi tabla de gossiping
[INFO] 17:09:36:32 Pool Memory/(17775:17775): Termine de actualizar mi tabla gossiping
[INFO] 17:09:36:32 Pool Memory/(17775:17775): Se termino de realizar la request de GOSSIPING

[INFO] 17:09:43:284 Pool Memory/(17775:17783): Se realizara un AUTO-GOSSIPING
[INFO] 17:09:43:286 Pool Memory/(17775:17783): No se pudo conectar con 192.168.1.41:8002
[INFO] 17:09:43:287 Pool Memory/(17775:17783): Se termino de realizar el AUTO-GOSSIPING

[INFO] 17:09:46:14 Pool Memory/(17775:17775): Se recibio una request de GOSSIPING
[INFO] 17:09:46:15 Pool Memory/(17775:17775): Le envio 1 memorias
[INFO] 17:09:46:15 Pool Memory/(17775:17775): Se envian 1 memorias
[INFO] 17:09:46:25 Pool Memory/(17775:17775): Actualizo mi tabla de gossiping
[INFO] 17:09:46:26 Pool Memory/(17775:17775): Termine de actualizar mi tabla gossiping
[INFO] 17:09:46:26 Pool Memory/(17775:17775): Se termino de realizar la request de GOSSIPING

[INFO] 17:09:53:290 Pool Memory/(17775:17783): Se realizara un AUTO-GOSSIPING
[INFO] 17:09:53:291 Pool Memory/(17775:17783): No se pudo conectar con 192.168.1.41:8002
[INFO] 17:09:53:291 Pool Memory/(17775:17783): Se termino de realizar el AUTO-GOSSIPING

[INFO] 17:09:56:36 Pool Memory/(17775:17775): Se recibio una request de GOSSIPING
[INFO] 17:09:56:36 Pool Memory/(17775:17775): Le envio 1 memorias
[INFO] 17:09:56:39 Pool Memory/(17775:17775): Se envian 1 memorias
[INFO] 17:09:56:55 Pool Memory/(17775:17775): Actualizo mi tabla de gossiping
[INFO] 17:09:56:55 Pool Memory/(17775:17775): Termine de actualizar mi tabla gossiping
[INFO] 17:09:56:55 Pool Memory/(17775:17775): Se termino de realizar la request de GOSSIPING

[INFO] 17:10:03:293 Pool Memory/(17775:17783): Se realizara un AUTO-GOSSIPING
[INFO] 17:10:03:295 Pool Memory/(17775:17783): No se pudo conectar con 192.168.1.41:8002
[INFO] 17:10:03:296 Pool Memory/(17775:17783): Se termino de realizar el AUTO-GOSSIPING

[INFO] 17:10:06:56 Pool Memory/(17775:17775): Se recibio una request de GOSSIPING
[INFO] 17:10:06:56 Pool Memory/(17775:17775): Le envio 1 memorias
[INFO] 17:10:06:57 Pool Memory/(17775:17775): Se envian 1 memorias
[INFO] 17:10:06:59 Pool Memory/(17775:17775): Actualizo mi tabla de gossiping
[INFO] 17:10:06:60 Pool Memory/(17775:17775): Termine de actualizar mi tabla gossiping
[INFO] 17:10:06:60 Pool Memory/(17775:17775): Se termino de realizar la request de GOSSIPING

[INFO] 17:10:13:298 Pool Memory/(17775:17783): Se realizara un AUTO-GOSSIPING
[INFO] 17:10:13:300 Pool Memory/(17775:17783): No se pudo conectar con 192.168.1.41:8002
[INFO] 17:10:13:301 Pool Memory/(17775:17783): Se termino de realizar el AUTO-GOSSIPING

[INFO] 17:10:16:61 Pool Memory/(17775:17775): Se recibio una request de GOSSIPING
[INFO] 17:10:16:62 Pool Memory/(17775:17775): Le envio 1 memorias
[INFO] 17:10:16:62 Pool Memory/(17775:17775): Se envian 1 memorias
[INFO] 17:10:16:65 Pool Memory/(17775:17775): Actualizo mi tabla de gossiping
[INFO] 17:10:16:65 Pool Memory/(17775:17775): Termine de actualizar mi tabla gossiping
[INFO] 17:10:16:66 Pool Memory/(17775:17775): Se termino de realizar la request de GOSSIPING

[INFO] 17:10:23:309 Pool Memory/(17775:17783): Se realizara un AUTO-GOSSIPING
[INFO] 17:10:23:311 Pool Memory/(17775:17783): No se pudo conectar con 192.168.1.41:8002
[INFO] 17:10:23:311 Pool Memory/(17775:17783): Se termino de realizar el AUTO-GOSSIPING

[INFO] 17:10:26:75 Pool Memory/(17775:17775): Se recibio una request de GOSSIPING
[INFO] 17:10:26:75 Pool Memory/(17775:17775): Le envio 1 memorias
[INFO] 17:10:26:84 Pool Memory/(17775:17775): Se envian 1 memorias
[INFO] 17:10:26:87 Pool Memory/(17775:17775): Actualizo mi tabla de gossiping
[INFO] 17:10:26:87 Pool Memory/(17775:17775): Termine de actualizar mi tabla gossiping
[INFO] 17:10:26:87 Pool Memory/(17775:17775): Se termino de realizar la request de GOSSIPING

[INFO] 17:10:33:318 Pool Memory/(17775:17783): Se realizara un AUTO-GOSSIPING
[INFO] 17:10:33:321 Pool Memory/(17775:17783): No se pudo conectar con 192.168.1.41:8002
[INFO] 17:10:33:321 Pool Memory/(17775:17783): Se termino de realizar el AUTO-GOSSIPING

[INFO] 17:10:36:88 Pool Memory/(17775:17775): Se recibio una request de GOSSIPING
[INFO] 17:10:36:88 Pool Memory/(17775:17775): Le envio 1 memorias
[INFO] 17:10:36:89 Pool Memory/(17775:17775): Se envian 1 memorias
[INFO] 17:10:36:91 Pool Memory/(17775:17775): Actualizo mi tabla de gossiping
[INFO] 17:10:36:91 Pool Memory/(17775:17775): Termine de actualizar mi tabla gossiping
[INFO] 17:10:36:92 Pool Memory/(17775:17775): Se termino de realizar la request de GOSSIPING

[INFO] 17:10:43:327 Pool Memory/(17775:17783): Se realizara un AUTO-GOSSIPING
[INFO] 17:10:43:330 Pool Memory/(17775:17783): No se pudo conectar con 192.168.1.41:8002
[INFO] 17:10:43:330 Pool Memory/(17775:17783): Se termino de realizar el AUTO-GOSSIPING

[INFO] 17:16:04:659 Pool Memory/(17945:17952): Se realizara un AUTO-GOSSIPING
[INFO] 17:16:04:696 Pool Memory/(17945:17952): No se pudo conectar con 192.168.1.41:8002
[INFO] 17:16:04:697 Pool Memory/(17945:17952): Se termino de realizar el AUTO-GOSSIPING

[INFO] 17:16:04:899 Pool Memory/(17945:17945): Se recibio una request de GOSSIPING
[INFO] 17:16:04:900 Pool Memory/(17945:17945): Le envio 1 memorias
[INFO] 17:16:04:910 Pool Memory/(17945:17945): Se envian 1 memorias
[INFO] 17:16:04:936 Pool Memory/(17945:17945): Actualizo mi tabla de gossiping
[INFO] 17:16:04:941 Pool Memory/(17945:17945): Termine de actualizar mi tabla gossiping
[INFO] 17:16:04:942 Pool Memory/(17945:17945): Se termino de realizar la request de GOSSIPING

[INFO] 17:16:14:699 Pool Memory/(17945:17952): Se realizara un AUTO-GOSSIPING
[INFO] 17:16:14:701 Pool Memory/(17945:17952): No se pudo conectar con 192.168.1.41:8002
[INFO] 17:16:14:702 Pool Memory/(17945:17952): Se termino de realizar el AUTO-GOSSIPING

[INFO] 17:16:14:940 Pool Memory/(17945:17945): Se recibio una request de GOSSIPING
[INFO] 17:16:14:940 Pool Memory/(17945:17945): Le envio 1 memorias
[INFO] 17:16:14:941 Pool Memory/(17945:17945): Se envian 1 memorias
[INFO] 17:16:14:950 Pool Memory/(17945:17945): Actualizo mi tabla de gossiping
[INFO] 17:16:14:951 Pool Memory/(17945:17945): Termine de actualizar mi tabla gossiping
[INFO] 17:16:14:953 Pool Memory/(17945:17945): Se termino de realizar la request de GOSSIPING

[INFO] 17:16:24:706 Pool Memory/(17945:17952): Se realizara un AUTO-GOSSIPING
[INFO] 17:16:24:709 Pool Memory/(17945:17952): No se pudo conectar con 192.168.1.41:8002
[INFO] 17:16:24:710 Pool Memory/(17945:17952): Se termino de realizar el AUTO-GOSSIPING

[INFO] 17:16:24:951 Pool Memory/(17945:17945): Se recibio una request de GOSSIPING
[INFO] 17:16:24:952 Pool Memory/(17945:17945): Le envio 1 memorias
[INFO] 17:16:24:953 Pool Memory/(17945:17945): Se envian 1 memorias
[INFO] 17:16:24:955 Pool Memory/(17945:17945): Actualizo mi tabla de gossiping
[INFO] 17:16:24:956 Pool Memory/(17945:17945): Termine de actualizar mi tabla gossiping
[INFO] 17:16:24:956 Pool Memory/(17945:17945): Se termino de realizar la request de GOSSIPING

[INFO] 17:16:34:711 Pool Memory/(17945:17952): Se realizara un AUTO-GOSSIPING
[INFO] 17:16:34:714 Pool Memory/(17945:17952): No se pudo conectar con 192.168.1.41:8002
[INFO] 17:16:34:714 Pool Memory/(17945:17952): Se termino de realizar el AUTO-GOSSIPING

[INFO] 17:16:34:957 Pool Memory/(17945:17945): Se recibio una request de GOSSIPING
[INFO] 17:16:34:957 Pool Memory/(17945:17945): Le envio 1 memorias
[INFO] 17:16:34:958 Pool Memory/(17945:17945): Se envian 1 memorias
[INFO] 17:16:34:960 Pool Memory/(17945:17945): Actualizo mi tabla de gossiping
[INFO] 17:16:34:960 Pool Memory/(17945:17945): Termine de actualizar mi tabla gossiping
[INFO] 17:16:34:961 Pool Memory/(17945:17945): Se termino de realizar la request de GOSSIPING

[INFO] 17:16:44:716 Pool Memory/(17945:17952): Se realizara un AUTO-GOSSIPING
[INFO] 17:16:44:719 Pool Memory/(17945:17952): No se pudo conectar con 192.168.1.41:8002
[INFO] 17:16:44:719 Pool Memory/(17945:17952): Se termino de realizar el AUTO-GOSSIPING

[INFO] 17:16:44:962 Pool Memory/(17945:17945): Se recibio una request de GOSSIPING
[INFO] 17:16:44:962 Pool Memory/(17945:17945): Le envio 1 memorias
[INFO] 17:16:44:962 Pool Memory/(17945:17945): Se envian 1 memorias
[INFO] 17:16:44:965 Pool Memory/(17945:17945): Actualizo mi tabla de gossiping
[INFO] 17:16:44:965 Pool Memory/(17945:17945): Termine de actualizar mi tabla gossiping
[INFO] 17:16:44:965 Pool Memory/(17945:17945): Se termino de realizar la request de GOSSIPING

[INFO] 17:16:54:722 Pool Memory/(17945:17952): Se realizara un AUTO-GOSSIPING
[INFO] 17:16:54:723 Pool Memory/(17945:17952): No se pudo conectar con 192.168.1.41:8002
[INFO] 17:16:54:723 Pool Memory/(17945:17952): Se termino de realizar el AUTO-GOSSIPING

[INFO] 17:18:52:201 Pool Memory/(18031:18041): Se realizara un AUTO-GOSSIPING
[INFO] 17:18:52:241 Pool Memory/(18031:18041): No se pudo conectar con 192.168.1.41:8002
[INFO] 17:18:52:242 Pool Memory/(18031:18041): Se termino de realizar el AUTO-GOSSIPING

[INFO] 17:18:59:397 Pool Memory/(18031:18031): Se recibio una request de GOSSIPING
[INFO] 17:18:59:398 Pool Memory/(18031:18031): Le envio 1 memorias
[INFO] 17:18:59:408 Pool Memory/(18031:18031): Se envian 1 memorias
[INFO] 17:18:59:438 Pool Memory/(18031:18031): Actualizo mi tabla de gossiping
[INFO] 17:18:59:440 Pool Memory/(18031:18031): Termine de actualizar mi tabla gossiping
[INFO] 17:18:59:441 Pool Memory/(18031:18031): Se termino de realizar la request de GOSSIPING

[INFO] 17:19:02:244 Pool Memory/(18031:18041): Se realizara un AUTO-GOSSIPING
[INFO] 17:19:02:246 Pool Memory/(18031:18041): No se pudo conectar con 192.168.1.41:8002
[INFO] 17:19:02:247 Pool Memory/(18031:18041): Se termino de realizar el AUTO-GOSSIPING

[INFO] 17:19:09:437 Pool Memory/(18031:18031): Se recibio una request de GOSSIPING
[INFO] 17:19:09:437 Pool Memory/(18031:18031): Le envio 1 memorias
[INFO] 17:19:09:441 Pool Memory/(18031:18031): Se envian 1 memorias
[INFO] 17:19:09:448 Pool Memory/(18031:18031): Actualizo mi tabla de gossiping
[INFO] 17:19:09:450 Pool Memory/(18031:18031): Termine de actualizar mi tabla gossiping
[INFO] 17:19:09:451 Pool Memory/(18031:18031): Se termino de realizar la request de GOSSIPING

[INFO] 17:19:12:250 Pool Memory/(18031:18041): Se realizara un AUTO-GOSSIPING
[INFO] 17:19:12:251 Pool Memory/(18031:18041): No se pudo conectar con 192.168.1.41:8002
[INFO] 17:19:12:251 Pool Memory/(18031:18041): Se termino de realizar el AUTO-GOSSIPING

[INFO] 17:19:19:447 Pool Memory/(18031:18031): Se recibio una request de GOSSIPING
[INFO] 17:19:19:448 Pool Memory/(18031:18031): Le envio 1 memorias
[INFO] 17:19:19:448 Pool Memory/(18031:18031): Se envian 1 memorias
[INFO] 17:19:19:454 Pool Memory/(18031:18031): Actualizo mi tabla de gossiping
[INFO] 17:19:19:454 Pool Memory/(18031:18031): Termine de actualizar mi tabla gossiping
[INFO] 17:19:19:455 Pool Memory/(18031:18031): Se termino de realizar la request de GOSSIPING

[INFO] 17:19:22:252 Pool Memory/(18031:18041): Se realizara un AUTO-GOSSIPING
[INFO] 17:19:22:255 Pool Memory/(18031:18041): No se pudo conectar con 192.168.1.41:8002
[INFO] 17:19:22:255 Pool Memory/(18031:18041): Se termino de realizar el AUTO-GOSSIPING

[INFO] 17:19:29:455 Pool Memory/(18031:18031): Se recibio una request de GOSSIPING
[INFO] 17:19:29:456 Pool Memory/(18031:18031): Le envio 1 memorias
[INFO] 17:19:29:456 Pool Memory/(18031:18031): Se envian 1 memorias
[INFO] 17:19:29:458 Pool Memory/(18031:18031): Actualizo mi tabla de gossiping
[INFO] 17:19:29:459 Pool Memory/(18031:18031): Termine de actualizar mi tabla gossiping
[INFO] 17:19:29:459 Pool Memory/(18031:18031): Se termino de realizar la request de GOSSIPING

[INFO] 17:19:32:258 Pool Memory/(18031:18041): Se realizara un AUTO-GOSSIPING
[INFO] 17:19:32:260 Pool Memory/(18031:18041): No se pudo conectar con 192.168.1.41:8002
[INFO] 17:19:32:261 Pool Memory/(18031:18041): Se termino de realizar el AUTO-GOSSIPING

[INFO] 17:19:39:461 Pool Memory/(18031:18031): Se recibio una request de GOSSIPING
[INFO] 17:19:39:462 Pool Memory/(18031:18031): Le envio 1 memorias
[INFO] 17:19:39:462 Pool Memory/(18031:18031): Se envian 1 memorias
[INFO] 17:19:39:464 Pool Memory/(18031:18031): Actualizo mi tabla de gossiping
[INFO] 17:19:39:465 Pool Memory/(18031:18031): Termine de actualizar mi tabla gossiping
[INFO] 17:19:39:465 Pool Memory/(18031:18031): Se termino de realizar la request de GOSSIPING

[INFO] 17:19:42:262 Pool Memory/(18031:18041): Se realizara un AUTO-GOSSIPING
[INFO] 17:19:42:263 Pool Memory/(18031:18041): No se pudo conectar con 192.168.1.41:8002
[INFO] 17:19:42:264 Pool Memory/(18031:18041): Se termino de realizar el AUTO-GOSSIPING

[INFO] 17:19:49:466 Pool Memory/(18031:18031): Se recibio una request de GOSSIPING
[INFO] 17:19:49:466 Pool Memory/(18031:18031): Le envio 1 memorias
[INFO] 17:19:49:467 Pool Memory/(18031:18031): Se envian 1 memorias
[INFO] 17:19:49:472 Pool Memory/(18031:18031): Actualizo mi tabla de gossiping
[INFO] 17:19:49:472 Pool Memory/(18031:18031): Termine de actualizar mi tabla gossiping
[INFO] 17:19:49:473 Pool Memory/(18031:18031): Se termino de realizar la request de GOSSIPING

[INFO] 17:19:52:264 Pool Memory/(18031:18041): Se realizara un AUTO-GOSSIPING
[INFO] 17:19:52:267 Pool Memory/(18031:18041): No se pudo conectar con 192.168.1.41:8002
[INFO] 17:19:52:267 Pool Memory/(18031:18041): Se termino de realizar el AUTO-GOSSIPING

[INFO] 17:19:59:475 Pool Memory/(18031:18031): Se recibio una request de GOSSIPING
[INFO] 17:19:59:478 Pool Memory/(18031:18031): Le envio 1 memorias
[INFO] 17:19:59:479 Pool Memory/(18031:18031): Se envian 1 memorias
[INFO] 17:19:59:482 Pool Memory/(18031:18031): Actualizo mi tabla de gossiping
[INFO] 17:19:59:485 Pool Memory/(18031:18031): Termine de actualizar mi tabla gossiping
[INFO] 17:19:59:486 Pool Memory/(18031:18031): Se termino de realizar la request de GOSSIPING

[INFO] 17:20:02:271 Pool Memory/(18031:18041): Se realizara un AUTO-GOSSIPING
[INFO] 17:20:02:272 Pool Memory/(18031:18041): No se pudo conectar con 192.168.1.41:8002
[INFO] 17:20:02:272 Pool Memory/(18031:18041): Se termino de realizar el AUTO-GOSSIPING

[INFO] 17:20:09:484 Pool Memory/(18031:18031): Se recibio una request de GOSSIPING
[INFO] 17:20:09:485 Pool Memory/(18031:18031): Le envio 1 memorias
[INFO] 17:20:09:485 Pool Memory/(18031:18031): Se envian 1 memorias
[INFO] 17:20:09:491 Pool Memory/(18031:18031): Actualizo mi tabla de gossiping
[INFO] 17:20:09:492 Pool Memory/(18031:18031): Termine de actualizar mi tabla gossiping
[INFO] 17:20:09:495 Pool Memory/(18031:18031): Se termino de realizar la request de GOSSIPING

[INFO] 17:20:12:273 Pool Memory/(18031:18041): Se realizara un AUTO-GOSSIPING
[INFO] 17:20:12:276 Pool Memory/(18031:18041): No se pudo conectar con 192.168.1.41:8002
[INFO] 17:20:12:276 Pool Memory/(18031:18041): Se termino de realizar el AUTO-GOSSIPING

[INFO] 17:22:02:927 Pool Memory/(18154:18159): Se realizara un AUTO-GOSSIPING
[INFO] 17:22:02:928 Pool Memory/(18154:18159): No se pudo conectar con 192.168.1.41:8002
[INFO] 17:22:02:928 Pool Memory/(18154:18159): Se termino de realizar el AUTO-GOSSIPING

[INFO] 17:23:10:763 Pool Memory/(18174:18181): Se realizara un AUTO-GOSSIPING
[INFO] 17:23:10:792 Pool Memory/(18174:18181): No se pudo conectar con 192.168.1.41:8002
[INFO] 17:23:10:793 Pool Memory/(18174:18181): Se termino de realizar el AUTO-GOSSIPING

[INFO] 17:23:13:486 Pool Memory/(18174:18174): Se recibio una request de GOSSIPING
[INFO] 17:23:13:487 Pool Memory/(18174:18174): Le envio 1 memorias
[INFO] 17:23:13:496 Pool Memory/(18174:18174): Se envian 1 memorias
[INFO] 17:23:13:533 Pool Memory/(18174:18174): Actualizo mi tabla de gossiping
[INFO] 17:23:13:537 Pool Memory/(18174:18174): Termine de actualizar mi tabla gossiping
[INFO] 17:23:13:538 Pool Memory/(18174:18174): Se termino de realizar la request de GOSSIPING

[INFO] 17:23:20:794 Pool Memory/(18174:18181): Se realizara un AUTO-GOSSIPING
[INFO] 17:23:20:796 Pool Memory/(18174:18181): No se pudo conectar con 192.168.1.41:8002
[INFO] 17:23:20:796 Pool Memory/(18174:18181): Se termino de realizar el AUTO-GOSSIPING

[INFO] 17:23:23:540 Pool Memory/(18174:18174): Se recibio una request de GOSSIPING
[INFO] 17:23:23:540 Pool Memory/(18174:18174): Le envio 1 memorias
[INFO] 17:23:23:540 Pool Memory/(18174:18174): Se envian 1 memorias
[INFO] 17:23:23:543 Pool Memory/(18174:18174): Actualizo mi tabla de gossiping
[INFO] 17:23:23:544 Pool Memory/(18174:18174): Termine de actualizar mi tabla gossiping
[INFO] 17:23:23:544 Pool Memory/(18174:18174): Se termino de realizar la request de GOSSIPING

[INFO] 17:23:30:797 Pool Memory/(18174:18181): Se realizara un AUTO-GOSSIPING
[INFO] 17:23:30:798 Pool Memory/(18174:18181): No se pudo conectar con 192.168.1.41:8002
[INFO] 17:23:30:799 Pool Memory/(18174:18181): Se termino de realizar el AUTO-GOSSIPING

[INFO] 17:23:33:552 Pool Memory/(18174:18174): Se recibio una request de GOSSIPING
[INFO] 17:23:33:552 Pool Memory/(18174:18174): Le envio 1 memorias
[INFO] 17:23:33:558 Pool Memory/(18174:18174): Se envian 1 memorias
[INFO] 17:23:33:564 Pool Memory/(18174:18174): Actualizo mi tabla de gossiping
[INFO] 17:23:33:564 Pool Memory/(18174:18174): Termine de actualizar mi tabla gossiping
[INFO] 17:23:33:568 Pool Memory/(18174:18174): Se termino de realizar la request de GOSSIPING

[INFO] 17:23:40:800 Pool Memory/(18174:18181): Se realizara un AUTO-GOSSIPING
[INFO] 17:23:40:805 Pool Memory/(18174:18181): No se pudo conectar con 192.168.1.41:8002
[INFO] 17:23:40:805 Pool Memory/(18174:18181): Se termino de realizar el AUTO-GOSSIPING

[INFO] 17:30:52:861 Pool Memory/(18371:18376): Se realizara un AUTO-GOSSIPING
[INFO] 17:30:52:862 Pool Memory/(18371:18376): No se pudo conectar con 192.168.1.41:8002
[INFO] 17:30:52:862 Pool Memory/(18371:18376): Se termino de realizar el AUTO-GOSSIPING

[INFO] 17:30:57:479 Pool Memory/(18371:18371): Se recibio una request de GOSSIPING
[INFO] 17:30:57:479 Pool Memory/(18371:18371): Le envio 1 memorias
[INFO] 17:30:57:479 Pool Memory/(18371:18371): Se envian 1 memorias
[INFO] 17:30:57:479 Pool Memory/(18371:18371): Actualizo mi tabla de gossiping
[INFO] 17:30:57:479 Pool Memory/(18371:18371): Termine de actualizar mi tabla gossiping
[INFO] 17:30:57:479 Pool Memory/(18371:18371): Se termino de realizar la request de GOSSIPING

[INFO] 17:31:02:862 Pool Memory/(18371:18376): Se realizara un AUTO-GOSSIPING
[INFO] 17:31:02:863 Pool Memory/(18371:18376): No se pudo conectar con 192.168.1.41:8002
[INFO] 17:31:02:863 Pool Memory/(18371:18376): Se termino de realizar el AUTO-GOSSIPING

[INFO] 17:31:07:489 Pool Memory/(18371:18371): Se recibio una request de GOSSIPING
[INFO] 17:31:07:489 Pool Memory/(18371:18371): Le envio 1 memorias
[INFO] 17:31:07:489 Pool Memory/(18371:18371): Se envian 1 memorias
[INFO] 17:31:07:490 Pool Memory/(18371:18371): Actualizo mi tabla de gossiping
[INFO] 17:31:07:490 Pool Memory/(18371:18371): Termine de actualizar mi tabla gossiping
[INFO] 17:31:07:490 Pool Memory/(18371:18371): Se termino de realizar la request de GOSSIPING

[INFO] 17:31:12:864 Pool Memory/(18371:18376): Se realizara un AUTO-GOSSIPING
[INFO] 17:31:12:864 Pool Memory/(18371:18376): No se pudo conectar con 192.168.1.41:8002
[INFO] 17:31:12:864 Pool Memory/(18371:18376): Se termino de realizar el AUTO-GOSSIPING

[INFO] 17:31:22:865 Pool Memory/(18371:18376): Se realizara un AUTO-GOSSIPING
[INFO] 17:31:22:865 Pool Memory/(18371:18376): No se pudo conectar con 192.168.1.41:8002
[INFO] 17:31:22:865 Pool Memory/(18371:18376): Se termino de realizar el AUTO-GOSSIPING

[INFO] 17:31:32:867 Pool Memory/(18371:18376): Se realizara un AUTO-GOSSIPING
[INFO] 17:31:32:867 Pool Memory/(18371:18376): No se pudo conectar con 192.168.1.41:8002
[INFO] 17:31:32:867 Pool Memory/(18371:18376): Se termino de realizar el AUTO-GOSSIPING

[INFO] 17:31:42:868 Pool Memory/(18371:18376): Se realizara un AUTO-GOSSIPING
[INFO] 17:31:42:869 Pool Memory/(18371:18376): No se pudo conectar con 192.168.1.41:8002
[INFO] 17:31:42:869 Pool Memory/(18371:18376): Se termino de realizar el AUTO-GOSSIPING

[INFO] 17:31:52:869 Pool Memory/(18371:18376): Se realizara un AUTO-GOSSIPING
[INFO] 17:31:52:870 Pool Memory/(18371:18376): No se pudo conectar con 192.168.1.41:8002
[INFO] 17:31:52:870 Pool Memory/(18371:18376): Se termino de realizar el AUTO-GOSSIPING

[INFO] 17:32:02:871 Pool Memory/(18371:18376): Se realizara un AUTO-GOSSIPING
[INFO] 17:32:02:872 Pool Memory/(18371:18376): No se pudo conectar con 192.168.1.41:8002
[INFO] 17:32:02:872 Pool Memory/(18371:18376): Se termino de realizar el AUTO-GOSSIPING

[INFO] 17:32:12:872 Pool Memory/(18371:18376): Se realizara un AUTO-GOSSIPING
[INFO] 17:32:12:873 Pool Memory/(18371:18376): No se pudo conectar con 192.168.1.41:8002
[INFO] 17:32:12:873 Pool Memory/(18371:18376): Se termino de realizar el AUTO-GOSSIPING

[INFO] 17:32:22:874 Pool Memory/(18371:18376): Se realizara un AUTO-GOSSIPING
[INFO] 17:32:22:874 Pool Memory/(18371:18376): No se pudo conectar con 192.168.1.41:8002
[INFO] 17:32:22:874 Pool Memory/(18371:18376): Se termino de realizar el AUTO-GOSSIPING

[INFO] 17:32:32:875 Pool Memory/(18371:18376): Se realizara un AUTO-GOSSIPING
[INFO] 17:32:32:876 Pool Memory/(18371:18376): No se pudo conectar con 192.168.1.41:8002
[INFO] 17:32:32:876 Pool Memory/(18371:18376): Se termino de realizar el AUTO-GOSSIPING

[INFO] 17:32:42:877 Pool Memory/(18371:18376): Se realizara un AUTO-GOSSIPING
[INFO] 17:32:42:877 Pool Memory/(18371:18376): No se pudo conectar con 192.168.1.41:8002
[INFO] 17:32:42:877 Pool Memory/(18371:18376): Se termino de realizar el AUTO-GOSSIPING

[INFO] 17:32:52:878 Pool Memory/(18371:18376): Se realizara un AUTO-GOSSIPING
[INFO] 17:32:52:879 Pool Memory/(18371:18376): No se pudo conectar con 192.168.1.41:8002
[INFO] 17:32:52:879 Pool Memory/(18371:18376): Se termino de realizar el AUTO-GOSSIPING

[INFO] 17:33:02:880 Pool Memory/(18371:18376): Se realizara un AUTO-GOSSIPING
[INFO] 17:33:02:881 Pool Memory/(18371:18376): No se pudo conectar con 192.168.1.41:8002
[INFO] 17:33:02:881 Pool Memory/(18371:18376): Se termino de realizar el AUTO-GOSSIPING

[INFO] 17:33:12:882 Pool Memory/(18371:18376): Se realizara un AUTO-GOSSIPING
[INFO] 17:33:12:883 Pool Memory/(18371:18376): No se pudo conectar con 192.168.1.41:8002
[INFO] 17:33:12:883 Pool Memory/(18371:18376): Se termino de realizar el AUTO-GOSSIPING

[INFO] 17:33:22:883 Pool Memory/(18371:18376): Se realizara un AUTO-GOSSIPING
[INFO] 17:33:22:884 Pool Memory/(18371:18376): No se pudo conectar con 192.168.1.41:8002
[INFO] 17:33:22:884 Pool Memory/(18371:18376): Se termino de realizar el AUTO-GOSSIPING

[INFO] 17:33:32:885 Pool Memory/(18371:18376): Se realizara un AUTO-GOSSIPING
[INFO] 17:33:32:886 Pool Memory/(18371:18376): No se pudo conectar con 192.168.1.41:8002
[INFO] 17:33:32:886 Pool Memory/(18371:18376): Se termino de realizar el AUTO-GOSSIPING

[INFO] 17:33:42:886 Pool Memory/(18371:18376): Se realizara un AUTO-GOSSIPING
[INFO] 17:33:42:887 Pool Memory/(18371:18376): No se pudo conectar con 192.168.1.41:8002
[INFO] 17:33:42:887 Pool Memory/(18371:18376): Se termino de realizar el AUTO-GOSSIPING

[INFO] 17:33:52:887 Pool Memory/(18371:18376): Se realizara un AUTO-GOSSIPING
[INFO] 17:33:52:888 Pool Memory/(18371:18376): No se pudo conectar con 192.168.1.41:8002
[INFO] 17:33:52:888 Pool Memory/(18371:18376): Se termino de realizar el AUTO-GOSSIPING

[INFO] 17:34:02:888 Pool Memory/(18371:18376): Se realizara un AUTO-GOSSIPING
[INFO] 17:34:02:889 Pool Memory/(18371:18376): No se pudo conectar con 192.168.1.41:8002
[INFO] 17:34:02:889 Pool Memory/(18371:18376): Se termino de realizar el AUTO-GOSSIPING

[INFO] 17:34:12:890 Pool Memory/(18371:18376): Se realizara un AUTO-GOSSIPING
[INFO] 17:34:12:891 Pool Memory/(18371:18376): No se pudo conectar con 192.168.1.41:8002
[INFO] 17:34:12:891 Pool Memory/(18371:18376): Se termino de realizar el AUTO-GOSSIPING

[INFO] 17:34:22:892 Pool Memory/(18371:18376): Se realizara un AUTO-GOSSIPING
[INFO] 17:34:22:892 Pool Memory/(18371:18376): No se pudo conectar con 192.168.1.41:8002
[INFO] 17:34:22:892 Pool Memory/(18371:18376): Se termino de realizar el AUTO-GOSSIPING

[INFO] 17:34:32:893 Pool Memory/(18371:18376): Se realizara un AUTO-GOSSIPING
[INFO] 17:34:32:894 Pool Memory/(18371:18376): No se pudo conectar con 192.168.1.41:8002
[INFO] 17:34:32:894 Pool Memory/(18371:18376): Se termino de realizar el AUTO-GOSSIPING

[INFO] 17:34:42:894 Pool Memory/(18371:18376): Se realizara un AUTO-GOSSIPING
[INFO] 17:34:42:895 Pool Memory/(18371:18376): No se pudo conectar con 192.168.1.41:8002
[INFO] 17:34:42:895 Pool Memory/(18371:18376): Se termino de realizar el AUTO-GOSSIPING

[INFO] 17:34:52:895 Pool Memory/(18371:18376): Se realizara un AUTO-GOSSIPING
[INFO] 17:34:52:896 Pool Memory/(18371:18376): No se pudo conectar con 192.168.1.41:8002
[INFO] 17:34:52:896 Pool Memory/(18371:18376): Se termino de realizar el AUTO-GOSSIPING

[INFO] 17:35:02:897 Pool Memory/(18371:18376): Se realizara un AUTO-GOSSIPING
[INFO] 17:35:02:897 Pool Memory/(18371:18376): No se pudo conectar con 192.168.1.41:8002
[INFO] 17:35:02:897 Pool Memory/(18371:18376): Se termino de realizar el AUTO-GOSSIPING

[INFO] 17:35:12:898 Pool Memory/(18371:18376): Se realizara un AUTO-GOSSIPING
[INFO] 17:35:12:899 Pool Memory/(18371:18376): No se pudo conectar con 192.168.1.41:8002
[INFO] 17:35:12:899 Pool Memory/(18371:18376): Se termino de realizar el AUTO-GOSSIPING

[INFO] 17:35:22:899 Pool Memory/(18371:18376): Se realizara un AUTO-GOSSIPING
[INFO] 17:35:22:900 Pool Memory/(18371:18376): No se pudo conectar con 192.168.1.41:8002
[INFO] 17:35:22:900 Pool Memory/(18371:18376): Se termino de realizar el AUTO-GOSSIPING

[INFO] 17:35:32:900 Pool Memory/(18371:18376): Se realizara un AUTO-GOSSIPING
[INFO] 17:35:32:901 Pool Memory/(18371:18376): No se pudo conectar con 192.168.1.41:8002
[INFO] 17:35:32:901 Pool Memory/(18371:18376): Se termino de realizar el AUTO-GOSSIPING

[INFO] 17:35:42:901 Pool Memory/(18371:18376): Se realizara un AUTO-GOSSIPING
[INFO] 17:35:42:901 Pool Memory/(18371:18376): No se pudo conectar con 192.168.1.41:8002
[INFO] 17:35:42:901 Pool Memory/(18371:18376): Se termino de realizar el AUTO-GOSSIPING

[INFO] 17:35:52:902 Pool Memory/(18371:18376): Se realizara un AUTO-GOSSIPING
[INFO] 17:35:52:903 Pool Memory/(18371:18376): No se pudo conectar con 192.168.1.41:8002
[INFO] 17:35:52:903 Pool Memory/(18371:18376): Se termino de realizar el AUTO-GOSSIPING

[INFO] 17:36:02:904 Pool Memory/(18371:18376): Se realizara un AUTO-GOSSIPING
[INFO] 17:36:02:905 Pool Memory/(18371:18376): No se pudo conectar con 192.168.1.41:8002
[INFO] 17:36:02:905 Pool Memory/(18371:18376): Se termino de realizar el AUTO-GOSSIPING

[INFO] 17:36:12:905 Pool Memory/(18371:18376): Se realizara un AUTO-GOSSIPING
[INFO] 17:36:12:906 Pool Memory/(18371:18376): No se pudo conectar con 192.168.1.41:8002
[INFO] 17:36:12:906 Pool Memory/(18371:18376): Se termino de realizar el AUTO-GOSSIPING

[INFO] 17:36:22:907 Pool Memory/(18371:18376): Se realizara un AUTO-GOSSIPING
[INFO] 17:36:22:908 Pool Memory/(18371:18376): No se pudo conectar con 192.168.1.41:8002
[INFO] 17:36:22:908 Pool Memory/(18371:18376): Se termino de realizar el AUTO-GOSSIPING

[INFO] 17:36:32:908 Pool Memory/(18371:18376): Se realizara un AUTO-GOSSIPING
[INFO] 17:36:32:909 Pool Memory/(18371:18376): No se pudo conectar con 192.168.1.41:8002
[INFO] 17:36:32:909 Pool Memory/(18371:18376): Se termino de realizar el AUTO-GOSSIPING

[INFO] 17:36:42:909 Pool Memory/(18371:18376): Se realizara un AUTO-GOSSIPING
[INFO] 17:36:42:910 Pool Memory/(18371:18376): No se pudo conectar con 192.168.1.41:8002
[INFO] 17:36:42:910 Pool Memory/(18371:18376): Se termino de realizar el AUTO-GOSSIPING

[INFO] 17:36:52:911 Pool Memory/(18371:18376): Se realizara un AUTO-GOSSIPING
[INFO] 17:36:52:912 Pool Memory/(18371:18376): No se pudo conectar con 192.168.1.41:8002
[INFO] 17:36:52:912 Pool Memory/(18371:18376): Se termino de realizar el AUTO-GOSSIPING

[INFO] 17:37:02:912 Pool Memory/(18371:18376): Se realizara un AUTO-GOSSIPING
[INFO] 17:37:02:913 Pool Memory/(18371:18376): No se pudo conectar con 192.168.1.41:8002
[INFO] 17:37:02:913 Pool Memory/(18371:18376): Se termino de realizar el AUTO-GOSSIPING

[INFO] 17:37:12:914 Pool Memory/(18371:18376): Se realizara un AUTO-GOSSIPING
[INFO] 17:37:12:915 Pool Memory/(18371:18376): No se pudo conectar con 192.168.1.41:8002
[INFO] 17:37:12:915 Pool Memory/(18371:18376): Se termino de realizar el AUTO-GOSSIPING

[INFO] 17:37:22:915 Pool Memory/(18371:18376): Se realizara un AUTO-GOSSIPING
[INFO] 17:37:22:916 Pool Memory/(18371:18376): No se pudo conectar con 192.168.1.41:8002
[INFO] 17:37:22:916 Pool Memory/(18371:18376): Se termino de realizar el AUTO-GOSSIPING

[INFO] 17:37:32:916 Pool Memory/(18371:18376): Se realizara un AUTO-GOSSIPING
[INFO] 17:37:32:917 Pool Memory/(18371:18376): No se pudo conectar con 192.168.1.41:8002
[INFO] 17:37:32:917 Pool Memory/(18371:18376): Se termino de realizar el AUTO-GOSSIPING

[INFO] 17:37:42:918 Pool Memory/(18371:18376): Se realizara un AUTO-GOSSIPING
[INFO] 17:37:42:919 Pool Memory/(18371:18376): No se pudo conectar con 192.168.1.41:8002
[INFO] 17:37:42:919 Pool Memory/(18371:18376): Se termino de realizar el AUTO-GOSSIPING

[INFO] 17:37:52:919 Pool Memory/(18371:18376): Se realizara un AUTO-GOSSIPING
[INFO] 17:37:52:920 Pool Memory/(18371:18376): No se pudo conectar con 192.168.1.41:8002
[INFO] 17:37:52:920 Pool Memory/(18371:18376): Se termino de realizar el AUTO-GOSSIPING

[INFO] 17:38:02:920 Pool Memory/(18371:18376): Se realizara un AUTO-GOSSIPING
[INFO] 17:38:02:921 Pool Memory/(18371:18376): No se pudo conectar con 192.168.1.41:8002
[INFO] 17:38:02:921 Pool Memory/(18371:18376): Se termino de realizar el AUTO-GOSSIPING

[INFO] 17:38:12:922 Pool Memory/(18371:18376): Se realizara un AUTO-GOSSIPING
[INFO] 17:38:12:923 Pool Memory/(18371:18376): No se pudo conectar con 192.168.1.41:8002
[INFO] 17:38:12:923 Pool Memory/(18371:18376): Se termino de realizar el AUTO-GOSSIPING

[INFO] 17:38:22:923 Pool Memory/(18371:18376): Se realizara un AUTO-GOSSIPING
[INFO] 17:38:22:924 Pool Memory/(18371:18376): No se pudo conectar con 192.168.1.41:8002
[INFO] 17:38:22:924 Pool Memory/(18371:18376): Se termino de realizar el AUTO-GOSSIPING

[INFO] 17:38:32:925 Pool Memory/(18371:18376): Se realizara un AUTO-GOSSIPING
[INFO] 17:38:32:927 Pool Memory/(18371:18376): No se pudo conectar con 192.168.1.41:8002
[INFO] 17:38:32:927 Pool Memory/(18371:18376): Se termino de realizar el AUTO-GOSSIPING

[INFO] 17:38:42:950 Pool Memory/(18371:18376): Se realizara un AUTO-GOSSIPING
[INFO] 17:38:42:950 Pool Memory/(18371:18376): No se pudo conectar con 192.168.1.41:8002
[INFO] 17:38:42:950 Pool Memory/(18371:18376): Se termino de realizar el AUTO-GOSSIPING

[INFO] 17:38:52:951 Pool Memory/(18371:18376): Se realizara un AUTO-GOSSIPING
[INFO] 17:38:52:952 Pool Memory/(18371:18376): No se pudo conectar con 192.168.1.41:8002
[INFO] 17:38:52:952 Pool Memory/(18371:18376): Se termino de realizar el AUTO-GOSSIPING

[INFO] 17:39:02:952 Pool Memory/(18371:18376): Se realizara un AUTO-GOSSIPING
[INFO] 17:39:02:953 Pool Memory/(18371:18376): No se pudo conectar con 192.168.1.41:8002
[INFO] 17:39:02:953 Pool Memory/(18371:18376): Se termino de realizar el AUTO-GOSSIPING

[INFO] 17:39:12:953 Pool Memory/(18371:18376): Se realizara un AUTO-GOSSIPING
[INFO] 17:39:12:955 Pool Memory/(18371:18376): No se pudo conectar con 192.168.1.41:8002
[INFO] 17:39:12:955 Pool Memory/(18371:18376): Se termino de realizar el AUTO-GOSSIPING

[INFO] 17:39:22:956 Pool Memory/(18371:18376): Se realizara un AUTO-GOSSIPING
[INFO] 17:39:22:956 Pool Memory/(18371:18376): No se pudo conectar con 192.168.1.41:8002
[INFO] 17:39:22:956 Pool Memory/(18371:18376): Se termino de realizar el AUTO-GOSSIPING

[INFO] 17:39:32:957 Pool Memory/(18371:18376): Se realizara un AUTO-GOSSIPING
[INFO] 17:39:32:958 Pool Memory/(18371:18376): No se pudo conectar con 192.168.1.41:8002
[INFO] 17:39:32:958 Pool Memory/(18371:18376): Se termino de realizar el AUTO-GOSSIPING

[INFO] 17:39:42:959 Pool Memory/(18371:18376): Se realizara un AUTO-GOSSIPING
[INFO] 17:39:42:961 Pool Memory/(18371:18376): No se pudo conectar con 192.168.1.41:8002
[INFO] 17:39:42:961 Pool Memory/(18371:18376): Se termino de realizar el AUTO-GOSSIPING

[INFO] 17:39:52:961 Pool Memory/(18371:18376): Se realizara un AUTO-GOSSIPING
[INFO] 17:39:52:962 Pool Memory/(18371:18376): No se pudo conectar con 192.168.1.41:8002
[INFO] 17:39:52:962 Pool Memory/(18371:18376): Se termino de realizar el AUTO-GOSSIPING

[INFO] 17:40:02:963 Pool Memory/(18371:18376): Se realizara un AUTO-GOSSIPING
[INFO] 17:40:02:964 Pool Memory/(18371:18376): No se pudo conectar con 192.168.1.41:8002
[INFO] 17:40:02:964 Pool Memory/(18371:18376): Se termino de realizar el AUTO-GOSSIPING

[INFO] 17:40:12:967 Pool Memory/(18371:18376): Se realizara un AUTO-GOSSIPING
[INFO] 17:40:12:968 Pool Memory/(18371:18376): No se pudo conectar con 192.168.1.41:8002
[INFO] 17:40:12:968 Pool Memory/(18371:18376): Se termino de realizar el AUTO-GOSSIPING

[INFO] 17:40:22:969 Pool Memory/(18371:18376): Se realizara un AUTO-GOSSIPING
[INFO] 17:40:22:970 Pool Memory/(18371:18376): No se pudo conectar con 192.168.1.41:8002
[INFO] 17:40:22:970 Pool Memory/(18371:18376): Se termino de realizar el AUTO-GOSSIPING

[INFO] 17:40:32:970 Pool Memory/(18371:18376): Se realizara un AUTO-GOSSIPING
[INFO] 17:40:32:971 Pool Memory/(18371:18376): No se pudo conectar con 192.168.1.41:8002
[INFO] 17:40:32:971 Pool Memory/(18371:18376): Se termino de realizar el AUTO-GOSSIPING

[INFO] 17:40:42:972 Pool Memory/(18371:18376): Se realizara un AUTO-GOSSIPING
[INFO] 17:40:42:973 Pool Memory/(18371:18376): No se pudo conectar con 192.168.1.41:8002
[INFO] 17:40:42:973 Pool Memory/(18371:18376): Se termino de realizar el AUTO-GOSSIPING

[INFO] 17:40:52:974 Pool Memory/(18371:18376): Se realizara un AUTO-GOSSIPING
[INFO] 17:40:52:975 Pool Memory/(18371:18376): No se pudo conectar con 192.168.1.41:8002
[INFO] 17:40:52:975 Pool Memory/(18371:18376): Se termino de realizar el AUTO-GOSSIPING

[INFO] 17:41:02:976 Pool Memory/(18371:18376): Se realizara un AUTO-GOSSIPING
[INFO] 17:41:02:977 Pool Memory/(18371:18376): No se pudo conectar con 192.168.1.41:8002
[INFO] 17:41:02:977 Pool Memory/(18371:18376): Se termino de realizar el AUTO-GOSSIPING

[INFO] 17:41:12:977 Pool Memory/(18371:18376): Se realizara un AUTO-GOSSIPING
[INFO] 17:41:12:978 Pool Memory/(18371:18376): No se pudo conectar con 192.168.1.41:8002
[INFO] 17:41:12:978 Pool Memory/(18371:18376): Se termino de realizar el AUTO-GOSSIPING

[INFO] 17:41:22:978 Pool Memory/(18371:18376): Se realizara un AUTO-GOSSIPING
[INFO] 17:41:22:979 Pool Memory/(18371:18376): No se pudo conectar con 192.168.1.41:8002
[INFO] 17:41:22:979 Pool Memory/(18371:18376): Se termino de realizar el AUTO-GOSSIPING

[INFO] 17:41:32:979 Pool Memory/(18371:18376): Se realizara un AUTO-GOSSIPING
[INFO] 17:41:32:980 Pool Memory/(18371:18376): No se pudo conectar con 192.168.1.41:8002
[INFO] 17:41:32:980 Pool Memory/(18371:18376): Se termino de realizar el AUTO-GOSSIPING

[INFO] 17:41:42:980 Pool Memory/(18371:18376): Se realizara un AUTO-GOSSIPING
[INFO] 17:41:42:981 Pool Memory/(18371:18376): No se pudo conectar con 192.168.1.41:8002
[INFO] 17:41:42:981 Pool Memory/(18371:18376): Se termino de realizar el AUTO-GOSSIPING

[INFO] 17:41:52:981 Pool Memory/(18371:18376): Se realizara un AUTO-GOSSIPING
[INFO] 17:41:52:982 Pool Memory/(18371:18376): No se pudo conectar con 192.168.1.41:8002
[INFO] 17:41:52:982 Pool Memory/(18371:18376): Se termino de realizar el AUTO-GOSSIPING

[INFO] 17:42:02:983 Pool Memory/(18371:18376): Se realizara un AUTO-GOSSIPING
[INFO] 17:42:02:984 Pool Memory/(18371:18376): No se pudo conectar con 192.168.1.41:8002
[INFO] 17:42:02:984 Pool Memory/(18371:18376): Se termino de realizar el AUTO-GOSSIPING

[INFO] 17:42:12:985 Pool Memory/(18371:18376): Se realizara un AUTO-GOSSIPING
[INFO] 17:42:12:986 Pool Memory/(18371:18376): No se pudo conectar con 192.168.1.41:8002
[INFO] 17:42:12:986 Pool Memory/(18371:18376): Se termino de realizar el AUTO-GOSSIPING

[INFO] 17:42:22:987 Pool Memory/(18371:18376): Se realizara un AUTO-GOSSIPING
[INFO] 17:42:22:988 Pool Memory/(18371:18376): No se pudo conectar con 192.168.1.41:8002
[INFO] 17:42:22:988 Pool Memory/(18371:18376): Se termino de realizar el AUTO-GOSSIPING

[INFO] 17:42:32:988 Pool Memory/(18371:18376): Se realizara un AUTO-GOSSIPING
[INFO] 17:42:32:989 Pool Memory/(18371:18376): No se pudo conectar con 192.168.1.41:8002
[INFO] 17:42:32:989 Pool Memory/(18371:18376): Se termino de realizar el AUTO-GOSSIPING

[INFO] 17:42:42:990 Pool Memory/(18371:18376): Se realizara un AUTO-GOSSIPING
[INFO] 17:42:42:990 Pool Memory/(18371:18376): No se pudo conectar con 192.168.1.41:8002
[INFO] 17:42:42:990 Pool Memory/(18371:18376): Se termino de realizar el AUTO-GOSSIPING

[INFO] 17:42:52:991 Pool Memory/(18371:18376): Se realizara un AUTO-GOSSIPING
[INFO] 17:42:52:992 Pool Memory/(18371:18376): No se pudo conectar con 192.168.1.41:8002
[INFO] 17:42:52:992 Pool Memory/(18371:18376): Se termino de realizar el AUTO-GOSSIPING

[INFO] 17:43:02:993 Pool Memory/(18371:18376): Se realizara un AUTO-GOSSIPING
[INFO] 17:43:02:994 Pool Memory/(18371:18376): No se pudo conectar con 192.168.1.41:8002
[INFO] 17:43:02:994 Pool Memory/(18371:18376): Se termino de realizar el AUTO-GOSSIPING

[INFO] 17:43:12:994 Pool Memory/(18371:18376): Se realizara un AUTO-GOSSIPING
[INFO] 17:43:12:995 Pool Memory/(18371:18376): No se pudo conectar con 192.168.1.41:8002
[INFO] 17:43:12:995 Pool Memory/(18371:18376): Se termino de realizar el AUTO-GOSSIPING

[INFO] 17:43:22:995 Pool Memory/(18371:18376): Se realizara un AUTO-GOSSIPING
[INFO] 17:43:22:996 Pool Memory/(18371:18376): No se pudo conectar con 192.168.1.41:8002
[INFO] 17:43:22:996 Pool Memory/(18371:18376): Se termino de realizar el AUTO-GOSSIPING

[INFO] 17:43:32:996 Pool Memory/(18371:18376): Se realizara un AUTO-GOSSIPING
[INFO] 17:43:32:997 Pool Memory/(18371:18376): No se pudo conectar con 192.168.1.41:8002
[INFO] 17:43:32:997 Pool Memory/(18371:18376): Se termino de realizar el AUTO-GOSSIPING

[INFO] 17:43:42:998 Pool Memory/(18371:18376): Se realizara un AUTO-GOSSIPING
[INFO] 17:43:42:998 Pool Memory/(18371:18376): No se pudo conectar con 192.168.1.41:8002
[INFO] 17:43:42:998 Pool Memory/(18371:18376): Se termino de realizar el AUTO-GOSSIPING

[INFO] 17:43:52:2 Pool Memory/(18371:18376): Se realizara un AUTO-GOSSIPING
[INFO] 17:43:52:3 Pool Memory/(18371:18376): No se pudo conectar con 192.168.1.41:8002
[INFO] 17:43:52:3 Pool Memory/(18371:18376): Se termino de realizar el AUTO-GOSSIPING

[INFO] 17:44:02:4 Pool Memory/(18371:18376): Se realizara un AUTO-GOSSIPING
[INFO] 17:44:02:5 Pool Memory/(18371:18376): No se pudo conectar con 192.168.1.41:8002
[INFO] 17:44:02:5 Pool Memory/(18371:18376): Se termino de realizar el AUTO-GOSSIPING

[INFO] 17:44:13:6 Pool Memory/(18371:18376): Se realizara un AUTO-GOSSIPING
[INFO] 17:44:13:7 Pool Memory/(18371:18376): No se pudo conectar con 192.168.1.41:8002
[INFO] 17:44:13:7 Pool Memory/(18371:18376): Se termino de realizar el AUTO-GOSSIPING

[INFO] 17:44:23:7 Pool Memory/(18371:18376): Se realizara un AUTO-GOSSIPING
[INFO] 17:44:23:8 Pool Memory/(18371:18376): No se pudo conectar con 192.168.1.41:8002
[INFO] 17:44:23:8 Pool Memory/(18371:18376): Se termino de realizar el AUTO-GOSSIPING

[INFO] 17:44:33:9 Pool Memory/(18371:18376): Se realizara un AUTO-GOSSIPING
[INFO] 17:44:33:10 Pool Memory/(18371:18376): No se pudo conectar con 192.168.1.41:8002
[INFO] 17:44:33:10 Pool Memory/(18371:18376): Se termino de realizar el AUTO-GOSSIPING

[INFO] 17:44:43:10 Pool Memory/(18371:18376): Se realizara un AUTO-GOSSIPING
[INFO] 17:44:43:11 Pool Memory/(18371:18376): No se pudo conectar con 192.168.1.41:8002
[INFO] 17:44:43:11 Pool Memory/(18371:18376): Se termino de realizar el AUTO-GOSSIPING

[INFO] 17:44:53:12 Pool Memory/(18371:18376): Se realizara un AUTO-GOSSIPING
[INFO] 17:44:53:12 Pool Memory/(18371:18376): No se pudo conectar con 192.168.1.41:8002
[INFO] 17:44:53:12 Pool Memory/(18371:18376): Se termino de realizar el AUTO-GOSSIPING

[INFO] 17:45:03:13 Pool Memory/(18371:18376): Se realizara un AUTO-GOSSIPING
[INFO] 17:45:03:14 Pool Memory/(18371:18376): No se pudo conectar con 192.168.1.41:8002
[INFO] 17:45:03:14 Pool Memory/(18371:18376): Se termino de realizar el AUTO-GOSSIPING

[INFO] 17:45:34:25 Pool Memory/(19029:19034): Se realizara un AUTO-GOSSIPING
[INFO] 17:45:34:26 Pool Memory/(19029:19034): No se pudo conectar con 192.168.1.41:8002
[INFO] 17:45:34:26 Pool Memory/(19029:19034): Se termino de realizar el AUTO-GOSSIPING

[INFO] 17:45:44:26 Pool Memory/(19029:19034): Se realizara un AUTO-GOSSIPING
[INFO] 17:45:44:27 Pool Memory/(19029:19034): No se pudo conectar con 192.168.1.41:8002
[INFO] 17:45:44:27 Pool Memory/(19029:19034): Se termino de realizar el AUTO-GOSSIPING

[INFO] 17:45:54:27 Pool Memory/(19029:19034): Se realizara un AUTO-GOSSIPING
[INFO] 17:45:54:28 Pool Memory/(19029:19034): No se pudo conectar con 192.168.1.41:8002
[INFO] 17:45:54:28 Pool Memory/(19029:19034): Se termino de realizar el AUTO-GOSSIPING

[INFO] 17:46:04:28 Pool Memory/(19029:19034): Se realizara un AUTO-GOSSIPING
[INFO] 17:46:04:29 Pool Memory/(19029:19034): No se pudo conectar con 192.168.1.41:8002
[INFO] 17:46:04:29 Pool Memory/(19029:19034): Se termino de realizar el AUTO-GOSSIPING

[INFO] 17:46:14:30 Pool Memory/(19029:19034): Se realizara un AUTO-GOSSIPING
[INFO] 17:46:14:31 Pool Memory/(19029:19034): No se pudo conectar con 192.168.1.41:8002
[INFO] 17:46:14:31 Pool Memory/(19029:19034): Se termino de realizar el AUTO-GOSSIPING

[INFO] 17:46:24:31 Pool Memory/(19029:19034): Se realizara un AUTO-GOSSIPING
[INFO] 17:46:24:32 Pool Memory/(19029:19034): No se pudo conectar con 192.168.1.41:8002
[INFO] 17:46:24:32 Pool Memory/(19029:19034): Se termino de realizar el AUTO-GOSSIPING

[INFO] 17:46:26:992 Pool Memory/(19029:19029): Se recibio una request de GOSSIPING
[INFO] 17:46:26:992 Pool Memory/(19029:19029): Le envio 1 memorias
[INFO] 17:46:26:992 Pool Memory/(19029:19029): Se envian 1 memorias
[INFO] 17:46:26:992 Pool Memory/(19029:19029): Actualizo mi tabla de gossiping
[INFO] 17:46:26:992 Pool Memory/(19029:19029): Termine de actualizar mi tabla gossiping
[INFO] 17:46:26:992 Pool Memory/(19029:19029): Se termino de realizar la request de GOSSIPING

[INFO] 17:46:34:32 Pool Memory/(19029:19034): Se realizara un AUTO-GOSSIPING
[INFO] 17:46:34:33 Pool Memory/(19029:19034): No se pudo conectar con 192.168.1.41:8002
[INFO] 17:46:34:33 Pool Memory/(19029:19034): Se termino de realizar el AUTO-GOSSIPING

[INFO] 17:46:37:27 Pool Memory/(19029:19029): Se recibio una request de GOSSIPING
[INFO] 17:46:37:27 Pool Memory/(19029:19029): Le envio 1 memorias
[INFO] 17:46:37:27 Pool Memory/(19029:19029): Se envian 1 memorias
[INFO] 17:46:37:27 Pool Memory/(19029:19029): Actualizo mi tabla de gossiping
[INFO] 17:46:37:27 Pool Memory/(19029:19029): Termine de actualizar mi tabla gossiping
[INFO] 17:46:37:27 Pool Memory/(19029:19029): Se termino de realizar la request de GOSSIPING

[INFO] 17:46:44:33 Pool Memory/(19029:19034): Se realizara un AUTO-GOSSIPING
[INFO] 17:46:44:34 Pool Memory/(19029:19034): No se pudo conectar con 192.168.1.41:8002
[INFO] 17:46:44:34 Pool Memory/(19029:19034): Se termino de realizar el AUTO-GOSSIPING

[INFO] 17:46:54:35 Pool Memory/(19029:19034): Se realizara un AUTO-GOSSIPING
[INFO] 17:46:54:35 Pool Memory/(19029:19034): No se pudo conectar con 192.168.1.41:8002
[INFO] 17:46:54:35 Pool Memory/(19029:19034): Se termino de realizar el AUTO-GOSSIPING

[INFO] 17:47:04:36 Pool Memory/(19029:19034): Se realizara un AUTO-GOSSIPING
[INFO] 17:47:04:37 Pool Memory/(19029:19034): No se pudo conectar con 192.168.1.41:8002
[INFO] 17:47:04:37 Pool Memory/(19029:19034): Se termino de realizar el AUTO-GOSSIPING

[INFO] 17:47:14:38 Pool Memory/(19029:19034): Se realizara un AUTO-GOSSIPING
[INFO] 17:47:14:39 Pool Memory/(19029:19034): No se pudo conectar con 192.168.1.41:8002
[INFO] 17:47:14:39 Pool Memory/(19029:19034): Se termino de realizar el AUTO-GOSSIPING

[INFO] 17:47:24:40 Pool Memory/(19029:19034): Se realizara un AUTO-GOSSIPING
[INFO] 17:47:24:41 Pool Memory/(19029:19034): No se pudo conectar con 192.168.1.41:8002
[INFO] 17:47:24:41 Pool Memory/(19029:19034): Se termino de realizar el AUTO-GOSSIPING

[INFO] 17:47:34:46 Pool Memory/(19029:19034): Se realizara un AUTO-GOSSIPING
[INFO] 17:47:34:46 Pool Memory/(19029:19034): No se pudo conectar con 192.168.1.41:8002
[INFO] 17:47:34:46 Pool Memory/(19029:19034): Se termino de realizar el AUTO-GOSSIPING

